[0.006s] Invoking command in '/home/motya/projects/coex/clover2_ws/src/clover2/build/clover2': CMAKE_PREFIX_PATH=${CMAKE_PREFIX_PATH}:/opt/ros/jazzy DEBUGINFOD_URLS=https://debuginfod.ubuntu.com /usr/bin/cmake --build /home/motya/projects/coex/clover2_ws/src/clover2/build/clover2 -- -j16 -l16
[0.022s] Invoked command in '/home/motya/projects/coex/clover2_ws/src/clover2/build/clover2' returned '0': CMAKE_PREFIX_PATH=${CMAKE_PREFIX_PATH}:/opt/ros/jazzy DEBUGINFOD_URLS=https://debuginfod.ubuntu.com /usr/bin/cmake --build /home/motya/projects/coex/clover2_ws/src/clover2/build/clover2 -- -j16 -l16
[0.026s] Invoking command in '/home/motya/projects/coex/clover2_ws/src/clover2/build/clover2': CMAKE_PREFIX_PATH=${CMAKE_PREFIX_PATH}:/opt/ros/jazzy DEBUGINFOD_URLS=https://debuginfod.ubuntu.com /usr/bin/cmake --install /home/motya/projects/coex/clover2_ws/src/clover2/build/clover2
[0.029s] -- Install configuration: ""
[0.029s] -- Execute custom install script
[0.029s] -- Up-to-date symlink: /home/motya/projects/coex/clover2_ws/src/clover2/install/clover2/share/ament_index/resource_index/package_run_dependencies/clover2
[0.029s] -- Up-to-date symlink: /home/motya/projects/coex/clover2_ws/src/clover2/install/clover2/share/ament_index/resource_index/parent_prefix_path/clover2
[0.029s] -- Up-to-date symlink: /home/motya/projects/coex/clover2_ws/src/clover2/install/clover2/share/clover2/environment/ament_prefix_path.sh
[0.030s] -- Up-to-date symlink: /home/motya/projects/coex/clover2_ws/src/clover2/install/clover2/share/clover2/environment/ament_prefix_path.dsv
[0.030s] -- Up-to-date symlink: /home/motya/projects/coex/clover2_ws/src/clover2/install/clover2/share/clover2/environment/path.sh
[0.030s] -- Up-to-date symlink: /home/motya/projects/coex/clover2_ws/src/clover2/install/clover2/share/clover2/environment/path.dsv
[0.030s] -- Up-to-date symlink: /home/motya/projects/coex/clover2_ws/src/clover2/install/clover2/share/clover2/local_setup.bash
[0.030s] -- Up-to-date symlink: /home/motya/projects/coex/clover2_ws/src/clover2/install/clover2/share/clover2/local_setup.sh
[0.030s] -- Up-to-date symlink: /home/motya/projects/coex/clover2_ws/src/clover2/install/clover2/share/clover2/local_setup.zsh
[0.030s] -- Up-to-date symlink: /home/motya/projects/coex/clover2_ws/src/clover2/install/clover2/share/clover2/local_setup.dsv
[0.030s] -- Symlinking: /home/motya/projects/coex/clover2_ws/src/clover2/install/clover2/share/clover2/package.dsv
[0.033s] -- Up-to-date symlink: /home/motya/projects/coex/clover2_ws/src/clover2/install/clover2/share/ament_index/resource_index/packages/clover2
[0.033s] -- Up-to-date symlink: /home/motya/projects/coex/clover2_ws/src/clover2/install/clover2/share/clover2/cmake/clover2Config.cmake
[0.033s] -- Up-to-date symlink: /home/motya/projects/coex/clover2_ws/src/clover2/install/clover2/share/clover2/cmake/clover2Config-version.cmake
[0.033s] -- Up-to-date symlink: /home/motya/projects/coex/clover2_ws/src/clover2/install/clover2/share/clover2/package.xml
[0.035s] Invoked command in '/home/motya/projects/coex/clover2_ws/src/clover2/build/clover2' returned '0': CMAKE_PREFIX_PATH=${CMAKE_PREFIX_PATH}:/opt/ros/jazzy DEBUGINFOD_URLS=https://debuginfod.ubuntu.com /usr/bin/cmake --install /home/motya/projects/coex/clover2_ws/src/clover2/build/clover2
