[0.044s] DEBUG:colcon:Command line arguments: ['/usr/bin/colcon', 'build', '--symlink-install']
[0.044s] DEBUG:colcon:Parsed command line arguments: Namespace(log_base=None, log_level=None, verb_name='build', build_base='build', install_base='install', merge_install=False, symlink_install=True, test_result_base=None, continue_on_error=False, executor='parallel', parallel_workers=16, event_handlers=None, ignore_user_meta=False, metas=['./colcon.meta'], base_paths=['.'], packages_ignore=None, packages_ignore_regex=None, paths=None, packages_up_to=None, packages_up_to_regex=None, packages_above=None, packages_above_and_dependencies=None, packages_above_depth=None, packages_select_by_dep=None, packages_skip_by_dep=None, packages_skip_up_to=None, packages_select_build_failed=False, packages_skip_build_finished=False, packages_select_test_failures=False, packages_skip_test_passed=False, packages_select=None, packages_skip=None, packages_select_regex=None, packages_skip_regex=None, packages_start=None, packages_end=None, allow_overriding=[], cmake_args=None, cmake_target=None, cmake_target_skip_unavailable=False, cmake_clean_cache=False, cmake_clean_first=False, cmake_force_configure=False, ament_cmake_args=None, catkin_cmake_args=None, catkin_skip_building_tests=False, mixin_files=None, mixin=None, verb_parser=<colcon_mixin.mixin.mixin_argument.MixinArgumentDecorator object at 0x700a9468e5d0>, verb_extension=<colcon_core.verb.build.BuildVerb object at 0x700a9468e270>, main=<bound method BuildVerb.main of <colcon_core.verb.build.BuildVerb object at 0x700a9468e270>>, mixin_verb=('build',))
[0.060s] Level 1:colcon.colcon_core.package_discovery:discover_packages(colcon_meta) check parameters
[0.060s] Level 1:colcon.colcon_core.package_discovery:discover_packages(recursive) check parameters
[0.060s] Level 1:colcon.colcon_core.package_discovery:discover_packages(ignore) check parameters
[0.060s] Level 1:colcon.colcon_core.package_discovery:discover_packages(path) check parameters
[0.060s] Level 1:colcon.colcon_core.package_discovery:discover_packages(colcon_meta) discover
[0.060s] Level 1:colcon.colcon_core.package_discovery:discover_packages(recursive) discover
[0.060s] INFO:colcon.colcon_core.package_discovery:Crawling recursively for packages in '/home/motya/projects/coex/clover2_ws/src/clover2'
[0.060s] Level 1:colcon.colcon_core.package_identification:_identify(.) by extensions ['ignore', 'ignore_ament_install']
[0.061s] Level 1:colcon.colcon_core.package_identification:_identify(.) by extension 'ignore'
[0.061s] Level 1:colcon.colcon_core.package_identification:_identify(.) by extension 'ignore_ament_install'
[0.061s] Level 1:colcon.colcon_core.package_identification:_identify(.) by extensions ['colcon_pkg']
[0.061s] Level 1:colcon.colcon_core.package_identification:_identify(.) by extension 'colcon_pkg'
[0.061s] Level 1:colcon.colcon_core.package_identification:_identify(.) by extensions ['colcon_meta']
[0.061s] Level 1:colcon.colcon_core.package_identification:_identify(.) by extension 'colcon_meta'
[0.061s] Level 1:colcon.colcon_core.package_identification:_identify(.) by extensions ['ros']
[0.061s] Level 1:colcon.colcon_core.package_identification:_identify(.) by extension 'ros'
[0.072s] Level 1:colcon.colcon_core.package_identification:_identify(.) by extensions ['cmake', 'python']
[0.072s] Level 1:colcon.colcon_core.package_identification:_identify(.) by extension 'cmake'
[0.072s] Level 1:colcon.colcon_core.package_identification:_identify(.) by extension 'python'
[0.072s] Level 1:colcon.colcon_core.package_identification:_identify(.) by extensions ['python_setup_py']
[0.072s] Level 1:colcon.colcon_core.package_identification:_identify(.) by extension 'python_setup_py'
[0.072s] Level 1:colcon.colcon_core.package_identification:_identify(build) by extensions ['ignore', 'ignore_ament_install']
[0.072s] Level 1:colcon.colcon_core.package_identification:_identify(build) by extension 'ignore'
[0.072s] Level 1:colcon.colcon_core.package_identification:_identify(build) ignored
[0.072s] Level 1:colcon.colcon_core.package_identification:_identify(clover2) by extensions ['ignore', 'ignore_ament_install']
[0.072s] Level 1:colcon.colcon_core.package_identification:_identify(clover2) by extension 'ignore'
[0.072s] Level 1:colcon.colcon_core.package_identification:_identify(clover2) by extension 'ignore_ament_install'
[0.072s] Level 1:colcon.colcon_core.package_identification:_identify(clover2) by extensions ['colcon_pkg']
[0.072s] Level 1:colcon.colcon_core.package_identification:_identify(clover2) by extension 'colcon_pkg'
[0.072s] Level 1:colcon.colcon_core.package_identification:_identify(clover2) by extensions ['colcon_meta']
[0.072s] Level 1:colcon.colcon_core.package_identification:_identify(clover2) by extension 'colcon_meta'
[0.072s] Level 1:colcon.colcon_core.package_identification:_identify(clover2) by extensions ['ros']
[0.072s] Level 1:colcon.colcon_core.package_identification:_identify(clover2) by extension 'ros'
[0.073s] DEBUG:colcon.colcon_core.package_identification:Package 'clover2' with type 'ros.ament_cmake' and name 'clover2'
[0.074s] Level 1:colcon.colcon_core.package_identification:_identify(clover2_aruco) by extensions ['ignore', 'ignore_ament_install']
[0.074s] Level 1:colcon.colcon_core.package_identification:_identify(clover2_aruco) by extension 'ignore'
[0.074s] Level 1:colcon.colcon_core.package_identification:_identify(clover2_aruco) by extension 'ignore_ament_install'
[0.074s] Level 1:colcon.colcon_core.package_identification:_identify(clover2_aruco) by extensions ['colcon_pkg']
[0.074s] Level 1:colcon.colcon_core.package_identification:_identify(clover2_aruco) by extension 'colcon_pkg'
[0.074s] Level 1:colcon.colcon_core.package_identification:_identify(clover2_aruco) by extensions ['colcon_meta']
[0.074s] Level 1:colcon.colcon_core.package_identification:_identify(clover2_aruco) by extension 'colcon_meta'
[0.074s] Level 1:colcon.colcon_core.package_identification:_identify(clover2_aruco) by extensions ['ros']
[0.074s] Level 1:colcon.colcon_core.package_identification:_identify(clover2_aruco) by extension 'ros'
[0.074s] Level 1:colcon.colcon_core.package_identification:_identify(clover2_aruco) by extensions ['cmake', 'python']
[0.074s] Level 1:colcon.colcon_core.package_identification:_identify(clover2_aruco) by extension 'cmake'
[0.074s] Level 1:colcon.colcon_core.package_identification:_identify(clover2_aruco) by extension 'python'
[0.074s] Level 1:colcon.colcon_core.package_identification:_identify(clover2_aruco) by extensions ['python_setup_py']
[0.074s] Level 1:colcon.colcon_core.package_identification:_identify(clover2_aruco) by extension 'python_setup_py'
[0.074s] Level 1:colcon.colcon_core.package_identification:_identify(clover2_aruco/clover2_aruco) by extensions ['ignore', 'ignore_ament_install']
[0.074s] Level 1:colcon.colcon_core.package_identification:_identify(clover2_aruco/clover2_aruco) by extension 'ignore'
[0.074s] Level 1:colcon.colcon_core.package_identification:_identify(clover2_aruco/clover2_aruco) by extension 'ignore_ament_install'
[0.074s] Level 1:colcon.colcon_core.package_identification:_identify(clover2_aruco/clover2_aruco) by extensions ['colcon_pkg']
[0.074s] Level 1:colcon.colcon_core.package_identification:_identify(clover2_aruco/clover2_aruco) by extension 'colcon_pkg'
[0.074s] Level 1:colcon.colcon_core.package_identification:_identify(clover2_aruco/clover2_aruco) by extensions ['colcon_meta']
[0.074s] Level 1:colcon.colcon_core.package_identification:_identify(clover2_aruco/clover2_aruco) by extension 'colcon_meta'
[0.074s] Level 1:colcon.colcon_core.package_identification:_identify(clover2_aruco/clover2_aruco) by extensions ['ros']
[0.074s] Level 1:colcon.colcon_core.package_identification:_identify(clover2_aruco/clover2_aruco) by extension 'ros'
[0.074s] DEBUG:colcon.colcon_core.package_identification:Package 'clover2_aruco/clover2_aruco' with type 'ros.ament_cmake' and name 'clover2_aruco'
[0.074s] Level 1:colcon.colcon_core.package_identification:_identify(clover2_aruco/clover2_aruco_msgs) by extensions ['ignore', 'ignore_ament_install']
[0.074s] Level 1:colcon.colcon_core.package_identification:_identify(clover2_aruco/clover2_aruco_msgs) by extension 'ignore'
[0.074s] Level 1:colcon.colcon_core.package_identification:_identify(clover2_aruco/clover2_aruco_msgs) by extension 'ignore_ament_install'
[0.074s] Level 1:colcon.colcon_core.package_identification:_identify(clover2_aruco/clover2_aruco_msgs) by extensions ['colcon_pkg']
[0.074s] Level 1:colcon.colcon_core.package_identification:_identify(clover2_aruco/clover2_aruco_msgs) by extension 'colcon_pkg'
[0.074s] Level 1:colcon.colcon_core.package_identification:_identify(clover2_aruco/clover2_aruco_msgs) by extensions ['colcon_meta']
[0.074s] Level 1:colcon.colcon_core.package_identification:_identify(clover2_aruco/clover2_aruco_msgs) by extension 'colcon_meta'
[0.074s] Level 1:colcon.colcon_core.package_identification:_identify(clover2_aruco/clover2_aruco_msgs) by extensions ['ros']
[0.074s] Level 1:colcon.colcon_core.package_identification:_identify(clover2_aruco/clover2_aruco_msgs) by extension 'ros'
[0.075s] DEBUG:colcon.colcon_core.package_identification:Package 'clover2_aruco/clover2_aruco_msgs' with type 'ros.ament_cmake' and name 'clover2_aruco_msgs'
[0.075s] Level 1:colcon.colcon_core.package_identification:_identify(clover2_msgs) by extensions ['ignore', 'ignore_ament_install']
[0.075s] Level 1:colcon.colcon_core.package_identification:_identify(clover2_msgs) by extension 'ignore'
[0.075s] Level 1:colcon.colcon_core.package_identification:_identify(clover2_msgs) by extension 'ignore_ament_install'
[0.075s] Level 1:colcon.colcon_core.package_identification:_identify(clover2_msgs) by extensions ['colcon_pkg']
[0.075s] Level 1:colcon.colcon_core.package_identification:_identify(clover2_msgs) by extension 'colcon_pkg'
[0.075s] Level 1:colcon.colcon_core.package_identification:_identify(clover2_msgs) by extensions ['colcon_meta']
[0.075s] Level 1:colcon.colcon_core.package_identification:_identify(clover2_msgs) by extension 'colcon_meta'
[0.075s] Level 1:colcon.colcon_core.package_identification:_identify(clover2_msgs) by extensions ['ros']
[0.075s] Level 1:colcon.colcon_core.package_identification:_identify(clover2_msgs) by extension 'ros'
[0.075s] DEBUG:colcon.colcon_core.package_identification:Package 'clover2_msgs' with type 'ros.ament_cmake' and name 'clover2_msgs'
[0.075s] Level 1:colcon.colcon_core.package_identification:_identify(install) by extensions ['ignore', 'ignore_ament_install']
[0.075s] Level 1:colcon.colcon_core.package_identification:_identify(install) by extension 'ignore'
[0.075s] Level 1:colcon.colcon_core.package_identification:_identify(install) ignored
[0.075s] Level 1:colcon.colcon_core.package_identification:_identify(log) by extensions ['ignore', 'ignore_ament_install']
[0.075s] Level 1:colcon.colcon_core.package_identification:_identify(log) by extension 'ignore'
[0.075s] Level 1:colcon.colcon_core.package_identification:_identify(log) ignored
[0.075s] Level 1:colcon.colcon_core.package_discovery:discover_packages(recursive) using defaults
[0.075s] Level 1:colcon.colcon_core.package_discovery:discover_packages(ignore) discover
[0.075s] Level 1:colcon.colcon_core.package_discovery:discover_packages(ignore) using defaults
[0.075s] Level 1:colcon.colcon_core.package_discovery:discover_packages(path) discover
[0.075s] Level 1:colcon.colcon_core.package_discovery:discover_packages(path) using defaults
[0.083s] Level 1:colcon.colcon_core.package_discovery:discover_packages(prefix_path) check parameters
[0.083s] Level 1:colcon.colcon_core.package_discovery:discover_packages(prefix_path) discover
[0.084s] DEBUG:colcon.colcon_installed_package_information.package_discovery:Found 402 installed packages in /opt/ros/jazzy
[0.085s] Level 1:colcon.colcon_core.package_discovery:discover_packages(prefix_path) using defaults
[0.103s] Level 5:colcon.colcon_core.verb:set package 'clover2' build argument 'cmake_args' from command line to 'None'
[0.103s] Level 5:colcon.colcon_core.verb:set package 'clover2' build argument 'cmake_target' from command line to 'None'
[0.103s] Level 5:colcon.colcon_core.verb:set package 'clover2' build argument 'cmake_target_skip_unavailable' from command line to 'False'
[0.103s] Level 5:colcon.colcon_core.verb:set package 'clover2' build argument 'cmake_clean_cache' from command line to 'False'
[0.103s] Level 5:colcon.colcon_core.verb:set package 'clover2' build argument 'cmake_clean_first' from command line to 'False'
[0.103s] Level 5:colcon.colcon_core.verb:set package 'clover2' build argument 'cmake_force_configure' from command line to 'False'
[0.103s] Level 5:colcon.colcon_core.verb:set package 'clover2' build argument 'ament_cmake_args' from command line to 'None'
[0.103s] Level 5:colcon.colcon_core.verb:set package 'clover2' build argument 'catkin_cmake_args' from command line to 'None'
[0.103s] Level 5:colcon.colcon_core.verb:set package 'clover2' build argument 'catkin_skip_building_tests' from command line to 'False'
[0.103s] DEBUG:colcon.colcon_core.verb:Building package 'clover2' with the following arguments: {'ament_cmake_args': None, 'build_base': '/home/motya/projects/coex/clover2_ws/src/clover2/build/clover2', 'catkin_cmake_args': None, 'catkin_skip_building_tests': False, 'cmake_args': None, 'cmake_clean_cache': False, 'cmake_clean_first': False, 'cmake_force_configure': False, 'cmake_target': None, 'cmake_target_skip_unavailable': False, 'install_base': '/home/motya/projects/coex/clover2_ws/src/clover2/install/clover2', 'merge_install': False, 'path': '/home/motya/projects/coex/clover2_ws/src/clover2/clover2', 'symlink_install': True, 'test_result_base': None}
[0.104s] Level 5:colcon.colcon_core.verb:set package 'clover2_aruco_msgs' build argument 'cmake_args' from command line to 'None'
[0.104s] Level 5:colcon.colcon_core.verb:set package 'clover2_aruco_msgs' build argument 'cmake_target' from command line to 'None'
[0.104s] Level 5:colcon.colcon_core.verb:set package 'clover2_aruco_msgs' build argument 'cmake_target_skip_unavailable' from command line to 'False'
[0.104s] Level 5:colcon.colcon_core.verb:set package 'clover2_aruco_msgs' build argument 'cmake_clean_cache' from command line to 'False'
[0.104s] Level 5:colcon.colcon_core.verb:set package 'clover2_aruco_msgs' build argument 'cmake_clean_first' from command line to 'False'
[0.104s] Level 5:colcon.colcon_core.verb:set package 'clover2_aruco_msgs' build argument 'cmake_force_configure' from command line to 'False'
[0.104s] Level 5:colcon.colcon_core.verb:set package 'clover2_aruco_msgs' build argument 'ament_cmake_args' from command line to 'None'
[0.104s] Level 5:colcon.colcon_core.verb:set package 'clover2_aruco_msgs' build argument 'catkin_cmake_args' from command line to 'None'
[0.104s] Level 5:colcon.colcon_core.verb:set package 'clover2_aruco_msgs' build argument 'catkin_skip_building_tests' from command line to 'False'
[0.104s] DEBUG:colcon.colcon_core.verb:Building package 'clover2_aruco_msgs' with the following arguments: {'ament_cmake_args': None, 'build_base': '/home/motya/projects/coex/clover2_ws/src/clover2/build/clover2_aruco_msgs', 'catkin_cmake_args': None, 'catkin_skip_building_tests': False, 'cmake_args': None, 'cmake_clean_cache': False, 'cmake_clean_first': False, 'cmake_force_configure': False, 'cmake_target': None, 'cmake_target_skip_unavailable': False, 'install_base': '/home/motya/projects/coex/clover2_ws/src/clover2/install/clover2_aruco_msgs', 'merge_install': False, 'path': '/home/motya/projects/coex/clover2_ws/src/clover2/clover2_aruco/clover2_aruco_msgs', 'symlink_install': True, 'test_result_base': None}
[0.104s] Level 5:colcon.colcon_core.verb:set package 'clover2_msgs' build argument 'cmake_args' from command line to 'None'
[0.104s] Level 5:colcon.colcon_core.verb:set package 'clover2_msgs' build argument 'cmake_target' from command line to 'None'
[0.104s] Level 5:colcon.colcon_core.verb:set package 'clover2_msgs' build argument 'cmake_target_skip_unavailable' from command line to 'False'
[0.104s] Level 5:colcon.colcon_core.verb:set package 'clover2_msgs' build argument 'cmake_clean_cache' from command line to 'False'
[0.104s] Level 5:colcon.colcon_core.verb:set package 'clover2_msgs' build argument 'cmake_clean_first' from command line to 'False'
[0.104s] Level 5:colcon.colcon_core.verb:set package 'clover2_msgs' build argument 'cmake_force_configure' from command line to 'False'
[0.104s] Level 5:colcon.colcon_core.verb:set package 'clover2_msgs' build argument 'ament_cmake_args' from command line to 'None'
[0.104s] Level 5:colcon.colcon_core.verb:set package 'clover2_msgs' build argument 'catkin_cmake_args' from command line to 'None'
[0.104s] Level 5:colcon.colcon_core.verb:set package 'clover2_msgs' build argument 'catkin_skip_building_tests' from command line to 'False'
[0.104s] DEBUG:colcon.colcon_core.verb:Building package 'clover2_msgs' with the following arguments: {'ament_cmake_args': None, 'build_base': '/home/motya/projects/coex/clover2_ws/src/clover2/build/clover2_msgs', 'catkin_cmake_args': None, 'catkin_skip_building_tests': False, 'cmake_args': None, 'cmake_clean_cache': False, 'cmake_clean_first': False, 'cmake_force_configure': False, 'cmake_target': None, 'cmake_target_skip_unavailable': False, 'install_base': '/home/motya/projects/coex/clover2_ws/src/clover2/install/clover2_msgs', 'merge_install': False, 'path': '/home/motya/projects/coex/clover2_ws/src/clover2/clover2_msgs', 'symlink_install': True, 'test_result_base': None}
[0.104s] Level 5:colcon.colcon_core.verb:set package 'clover2_aruco' build argument 'cmake_args' from command line to 'None'
[0.104s] Level 5:colcon.colcon_core.verb:set package 'clover2_aruco' build argument 'cmake_target' from command line to 'None'
[0.104s] Level 5:colcon.colcon_core.verb:set package 'clover2_aruco' build argument 'cmake_target_skip_unavailable' from command line to 'False'
[0.104s] Level 5:colcon.colcon_core.verb:set package 'clover2_aruco' build argument 'cmake_clean_cache' from command line to 'False'
[0.104s] Level 5:colcon.colcon_core.verb:set package 'clover2_aruco' build argument 'cmake_clean_first' from command line to 'False'
[0.104s] Level 5:colcon.colcon_core.verb:set package 'clover2_aruco' build argument 'cmake_force_configure' from command line to 'False'
[0.104s] Level 5:colcon.colcon_core.verb:set package 'clover2_aruco' build argument 'ament_cmake_args' from command line to 'None'
[0.104s] Level 5:colcon.colcon_core.verb:set package 'clover2_aruco' build argument 'catkin_cmake_args' from command line to 'None'
[0.104s] Level 5:colcon.colcon_core.verb:set package 'clover2_aruco' build argument 'catkin_skip_building_tests' from command line to 'False'
[0.104s] DEBUG:colcon.colcon_core.verb:Building package 'clover2_aruco' with the following arguments: {'ament_cmake_args': None, 'build_base': '/home/motya/projects/coex/clover2_ws/src/clover2/build/clover2_aruco', 'catkin_cmake_args': None, 'catkin_skip_building_tests': False, 'cmake_args': None, 'cmake_clean_cache': False, 'cmake_clean_first': False, 'cmake_force_configure': False, 'cmake_target': None, 'cmake_target_skip_unavailable': False, 'install_base': '/home/motya/projects/coex/clover2_ws/src/clover2/install/clover2_aruco', 'merge_install': False, 'path': '/home/motya/projects/coex/clover2_ws/src/clover2/clover2_aruco/clover2_aruco', 'symlink_install': True, 'test_result_base': None}
[0.104s] INFO:colcon.colcon_core.executor:Executing jobs using 'parallel' executor
[0.104s] DEBUG:colcon.colcon_parallel_executor.executor.parallel:run_until_complete
[0.105s] INFO:colcon.colcon_ros.task.ament_cmake.build:Building ROS package in '/home/motya/projects/coex/clover2_ws/src/clover2/clover2_aruco/clover2_aruco_msgs' with build type 'ament_cmake'
[0.105s] INFO:colcon.colcon_cmake.task.cmake.build:Building CMake package in '/home/motya/projects/coex/clover2_ws/src/clover2/clover2_aruco/clover2_aruco_msgs'
[0.105s] INFO:colcon.colcon_core.plugin_system:Skipping extension 'colcon_core.shell.bat': Not used on non-Windows systems
[0.105s] INFO:colcon.colcon_core.shell:Skip shell extension 'powershell' for command environment: Not usable outside of PowerShell
[0.105s] DEBUG:colcon.colcon_core.shell:Skip shell extension 'dsv' for command environment
[0.107s] INFO:colcon.colcon_ros.task.ament_cmake.build:Building ROS package in '/home/motya/projects/coex/clover2_ws/src/clover2/clover2' with build type 'ament_cmake'
[0.107s] INFO:colcon.colcon_cmake.task.cmake.build:Building CMake package in '/home/motya/projects/coex/clover2_ws/src/clover2/clover2'
[0.107s] INFO:colcon.colcon_core.shell:Skip shell extension 'powershell' for command environment: Not usable outside of PowerShell
[0.107s] DEBUG:colcon.colcon_core.shell:Skip shell extension 'dsv' for command environment
[0.108s] INFO:colcon.colcon_ros.task.ament_cmake.build:Building ROS package in '/home/motya/projects/coex/clover2_ws/src/clover2/clover2_msgs' with build type 'ament_cmake'
[0.108s] INFO:colcon.colcon_cmake.task.cmake.build:Building CMake package in '/home/motya/projects/coex/clover2_ws/src/clover2/clover2_msgs'
[0.108s] INFO:colcon.colcon_core.shell:Skip shell extension 'powershell' for command environment: Not usable outside of PowerShell
[0.108s] DEBUG:colcon.colcon_core.shell:Skip shell extension 'dsv' for command environment
[0.111s] DEBUG:colcon.colcon_core.event_handler.log_command:Invoking command in '/home/motya/projects/coex/clover2_ws/src/clover2/build/clover2_aruco_msgs': CMAKE_PREFIX_PATH=${CMAKE_PREFIX_PATH}:/opt/ros/jazzy DEBUGINFOD_URLS=https://debuginfod.ubuntu.com /usr/bin/cmake /home/motya/projects/coex/clover2_ws/src/clover2/clover2_aruco/clover2_aruco_msgs -DAMENT_CMAKE_SYMLINK_INSTALL=1 -DCMAKE_INSTALL_PREFIX=/home/motya/projects/coex/clover2_ws/src/clover2/install/clover2_aruco_msgs
[0.112s] DEBUG:colcon.colcon_core.event_handler.log_command:Invoking command in '/home/motya/projects/coex/clover2_ws/src/clover2/build/clover2': CMAKE_PREFIX_PATH=${CMAKE_PREFIX_PATH}:/opt/ros/jazzy DEBUGINFOD_URLS=https://debuginfod.ubuntu.com /usr/bin/cmake /home/motya/projects/coex/clover2_ws/src/clover2/clover2 -DAMENT_CMAKE_SYMLINK_INSTALL=1 -DCMAKE_INSTALL_PREFIX=/home/motya/projects/coex/clover2_ws/src/clover2/install/clover2
[0.114s] DEBUG:colcon.colcon_core.event_handler.log_command:Invoking command in '/home/motya/projects/coex/clover2_ws/src/clover2/build/clover2_msgs': CMAKE_PREFIX_PATH=${CMAKE_PREFIX_PATH}:/opt/ros/jazzy DEBUGINFOD_URLS=https://debuginfod.ubuntu.com /usr/bin/cmake /home/motya/projects/coex/clover2_ws/src/clover2/clover2_msgs -DAMENT_CMAKE_SYMLINK_INSTALL=1 -DCMAKE_INSTALL_PREFIX=/home/motya/projects/coex/clover2_ws/src/clover2/install/clover2_msgs
[0.454s] DEBUG:colcon.colcon_core.event_handler.log_command:Invoked command in '/home/motya/projects/coex/clover2_ws/src/clover2/build/clover2' returned '0': CMAKE_PREFIX_PATH=${CMAKE_PREFIX_PATH}:/opt/ros/jazzy DEBUGINFOD_URLS=https://debuginfod.ubuntu.com /usr/bin/cmake /home/motya/projects/coex/clover2_ws/src/clover2/clover2 -DAMENT_CMAKE_SYMLINK_INSTALL=1 -DCMAKE_INSTALL_PREFIX=/home/motya/projects/coex/clover2_ws/src/clover2/install/clover2
[0.455s] DEBUG:colcon.colcon_core.event_handler.log_command:Invoking command in '/home/motya/projects/coex/clover2_ws/src/clover2/build/clover2': CMAKE_PREFIX_PATH=${CMAKE_PREFIX_PATH}:/opt/ros/jazzy DEBUGINFOD_URLS=https://debuginfod.ubuntu.com /usr/bin/cmake --build /home/motya/projects/coex/clover2_ws/src/clover2/build/clover2 -- -j16 -l16
[0.455s] DEBUG:colcon.colcon_core.event_handler.log_command:Invoked command in '/home/motya/projects/coex/clover2_ws/src/clover2/build/clover2_msgs' returned '0': CMAKE_PREFIX_PATH=${CMAKE_PREFIX_PATH}:/opt/ros/jazzy DEBUGINFOD_URLS=https://debuginfod.ubuntu.com /usr/bin/cmake /home/motya/projects/coex/clover2_ws/src/clover2/clover2_msgs -DAMENT_CMAKE_SYMLINK_INSTALL=1 -DCMAKE_INSTALL_PREFIX=/home/motya/projects/coex/clover2_ws/src/clover2/install/clover2_msgs
[0.455s] DEBUG:colcon.colcon_core.event_handler.log_command:Invoking command in '/home/motya/projects/coex/clover2_ws/src/clover2/build/clover2_msgs': CMAKE_PREFIX_PATH=${CMAKE_PREFIX_PATH}:/opt/ros/jazzy DEBUGINFOD_URLS=https://debuginfod.ubuntu.com /usr/bin/cmake --build /home/motya/projects/coex/clover2_ws/src/clover2/build/clover2_msgs -- -j16 -l16
[0.471s] DEBUG:colcon.colcon_core.event_handler.log_command:Invoked command in '/home/motya/projects/coex/clover2_ws/src/clover2/build/clover2_msgs' returned '0': CMAKE_PREFIX_PATH=${CMAKE_PREFIX_PATH}:/opt/ros/jazzy DEBUGINFOD_URLS=https://debuginfod.ubuntu.com /usr/bin/cmake --build /home/motya/projects/coex/clover2_ws/src/clover2/build/clover2_msgs -- -j16 -l16
[0.474s] DEBUG:colcon.colcon_core.event_handler.log_command:Invoking command in '/home/motya/projects/coex/clover2_ws/src/clover2/build/clover2_msgs': CMAKE_PREFIX_PATH=${CMAKE_PREFIX_PATH}:/opt/ros/jazzy DEBUGINFOD_URLS=https://debuginfod.ubuntu.com /usr/bin/cmake --install /home/motya/projects/coex/clover2_ws/src/clover2/build/clover2_msgs
[0.474s] DEBUG:colcon.colcon_core.event_handler.log_command:Invoked command in '/home/motya/projects/coex/clover2_ws/src/clover2/build/clover2' returned '0': CMAKE_PREFIX_PATH=${CMAKE_PREFIX_PATH}:/opt/ros/jazzy DEBUGINFOD_URLS=https://debuginfod.ubuntu.com /usr/bin/cmake --build /home/motya/projects/coex/clover2_ws/src/clover2/build/clover2 -- -j16 -l16
[0.475s] DEBUG:colcon.colcon_core.event_handler.log_command:Invoking command in '/home/motya/projects/coex/clover2_ws/src/clover2/build/clover2': CMAKE_PREFIX_PATH=${CMAKE_PREFIX_PATH}:/opt/ros/jazzy DEBUGINFOD_URLS=https://debuginfod.ubuntu.com /usr/bin/cmake --install /home/motya/projects/coex/clover2_ws/src/clover2/build/clover2
[0.533s] Level 1:colcon.colcon_core.environment:create_environment_scripts_only(clover2_msgs)
[0.533s] DEBUG:colcon.colcon_core.event_handler.log_command:Invoked command in '/home/motya/projects/coex/clover2_ws/src/clover2/build/clover2_msgs' returned '0': CMAKE_PREFIX_PATH=${CMAKE_PREFIX_PATH}:/opt/ros/jazzy DEBUGINFOD_URLS=https://debuginfod.ubuntu.com /usr/bin/cmake --install /home/motya/projects/coex/clover2_ws/src/clover2/build/clover2_msgs
[0.534s] Level 1:colcon.colcon_core.environment:checking '/home/motya/projects/coex/clover2_ws/src/clover2/install/clover2_msgs' for CMake module files
[0.535s] Level 1:colcon.colcon_core.environment:checking '/home/motya/projects/coex/clover2_ws/src/clover2/install/clover2_msgs' for CMake config files
[0.535s] Level 1:colcon.colcon_core.shell:create_environment_hook('clover2_msgs', 'cmake_prefix_path')
[0.535s] INFO:colcon.colcon_core.shell:Creating environment hook '/home/motya/projects/coex/clover2_ws/src/clover2/install/clover2_msgs/share/clover2_msgs/hook/cmake_prefix_path.ps1'
[0.536s] INFO:colcon.colcon_core.shell:Creating environment descriptor '/home/motya/projects/coex/clover2_ws/src/clover2/install/clover2_msgs/share/clover2_msgs/hook/cmake_prefix_path.dsv'
[0.536s] INFO:colcon.colcon_core.shell:Creating environment hook '/home/motya/projects/coex/clover2_ws/src/clover2/install/clover2_msgs/share/clover2_msgs/hook/cmake_prefix_path.sh'
[0.536s] Level 1:colcon.colcon_core.environment:checking '/home/motya/projects/coex/clover2_ws/src/clover2/install/clover2_msgs/bin'
[0.536s] Level 1:colcon.colcon_core.environment:checking '/home/motya/projects/coex/clover2_ws/src/clover2/install/clover2_msgs/lib/pkgconfig/clover2_msgs.pc'
[0.536s] Level 1:colcon.colcon_core.environment:checking '/home/motya/projects/coex/clover2_ws/src/clover2/install/clover2_msgs/lib/python3.12/site-packages'
[0.536s] Level 1:colcon.colcon_core.environment:checking '/home/motya/projects/coex/clover2_ws/src/clover2/install/clover2_msgs/bin'
[0.537s] INFO:colcon.colcon_core.shell:Creating package script '/home/motya/projects/coex/clover2_ws/src/clover2/install/clover2_msgs/share/clover2_msgs/package.ps1'
[0.537s] INFO:colcon.colcon_core.shell:Creating package descriptor '/home/motya/projects/coex/clover2_ws/src/clover2/install/clover2_msgs/share/clover2_msgs/package.dsv'
[0.537s] INFO:colcon.colcon_core.shell:Creating package script '/home/motya/projects/coex/clover2_ws/src/clover2/install/clover2_msgs/share/clover2_msgs/package.sh'
[0.537s] INFO:colcon.colcon_core.shell:Creating package script '/home/motya/projects/coex/clover2_ws/src/clover2/install/clover2_msgs/share/clover2_msgs/package.bash'
[0.538s] INFO:colcon.colcon_core.shell:Creating package script '/home/motya/projects/coex/clover2_ws/src/clover2/install/clover2_msgs/share/clover2_msgs/package.zsh'
[0.538s] Level 1:colcon.colcon_core.environment:create_file_with_runtime_dependencies(/home/motya/projects/coex/clover2_ws/src/clover2/install/clover2_msgs/share/colcon-core/packages/clover2_msgs)
[0.538s] Level 1:colcon.colcon_core.environment:create_environment_scripts_only(clover2_msgs)
[0.538s] Level 1:colcon.colcon_core.environment:checking '/home/motya/projects/coex/clover2_ws/src/clover2/install/clover2_msgs' for CMake module files
[0.538s] Level 1:colcon.colcon_core.environment:checking '/home/motya/projects/coex/clover2_ws/src/clover2/install/clover2_msgs' for CMake config files
[0.538s] Level 1:colcon.colcon_core.shell:create_environment_hook('clover2_msgs', 'cmake_prefix_path')
[0.538s] INFO:colcon.colcon_core.shell:Creating environment hook '/home/motya/projects/coex/clover2_ws/src/clover2/install/clover2_msgs/share/clover2_msgs/hook/cmake_prefix_path.ps1'
[0.539s] INFO:colcon.colcon_core.shell:Creating environment descriptor '/home/motya/projects/coex/clover2_ws/src/clover2/install/clover2_msgs/share/clover2_msgs/hook/cmake_prefix_path.dsv'
[0.539s] INFO:colcon.colcon_core.shell:Creating environment hook '/home/motya/projects/coex/clover2_ws/src/clover2/install/clover2_msgs/share/clover2_msgs/hook/cmake_prefix_path.sh'
[0.539s] Level 1:colcon.colcon_core.environment:checking '/home/motya/projects/coex/clover2_ws/src/clover2/install/clover2_msgs/bin'
[0.539s] Level 1:colcon.colcon_core.environment:checking '/home/motya/projects/coex/clover2_ws/src/clover2/install/clover2_msgs/lib/pkgconfig/clover2_msgs.pc'
[0.539s] Level 1:colcon.colcon_core.environment:checking '/home/motya/projects/coex/clover2_ws/src/clover2/install/clover2_msgs/lib/python3.12/site-packages'
[0.539s] Level 1:colcon.colcon_core.environment:checking '/home/motya/projects/coex/clover2_ws/src/clover2/install/clover2_msgs/bin'
[0.539s] INFO:colcon.colcon_core.shell:Creating package script '/home/motya/projects/coex/clover2_ws/src/clover2/install/clover2_msgs/share/clover2_msgs/package.ps1'
[0.539s] INFO:colcon.colcon_core.shell:Creating package descriptor '/home/motya/projects/coex/clover2_ws/src/clover2/install/clover2_msgs/share/clover2_msgs/package.dsv'
[0.540s] INFO:colcon.colcon_core.shell:Creating package script '/home/motya/projects/coex/clover2_ws/src/clover2/install/clover2_msgs/share/clover2_msgs/package.sh'
[0.540s] INFO:colcon.colcon_core.shell:Creating package script '/home/motya/projects/coex/clover2_ws/src/clover2/install/clover2_msgs/share/clover2_msgs/package.bash'
[0.540s] INFO:colcon.colcon_core.shell:Creating package script '/home/motya/projects/coex/clover2_ws/src/clover2/install/clover2_msgs/share/clover2_msgs/package.zsh'
[0.540s] Level 1:colcon.colcon_core.environment:create_file_with_runtime_dependencies(/home/motya/projects/coex/clover2_ws/src/clover2/install/clover2_msgs/share/colcon-core/packages/clover2_msgs)
[0.540s] Level 1:colcon.colcon_core.environment:create_environment_scripts_only(clover2)
[0.540s] Level 1:colcon.colcon_core.environment:checking '/home/motya/projects/coex/clover2_ws/src/clover2/install/clover2' for CMake module files
[0.541s] DEBUG:colcon.colcon_core.event_handler.log_command:Invoked command in '/home/motya/projects/coex/clover2_ws/src/clover2/build/clover2' returned '0': CMAKE_PREFIX_PATH=${CMAKE_PREFIX_PATH}:/opt/ros/jazzy DEBUGINFOD_URLS=https://debuginfod.ubuntu.com /usr/bin/cmake --install /home/motya/projects/coex/clover2_ws/src/clover2/build/clover2
[0.541s] Level 1:colcon.colcon_core.environment:checking '/home/motya/projects/coex/clover2_ws/src/clover2/install/clover2' for CMake config files
[0.542s] Level 1:colcon.colcon_core.shell:create_environment_hook('clover2', 'cmake_prefix_path')
[0.542s] INFO:colcon.colcon_core.shell:Creating environment hook '/home/motya/projects/coex/clover2_ws/src/clover2/install/clover2/share/clover2/hook/cmake_prefix_path.ps1'
[0.542s] INFO:colcon.colcon_core.shell:Creating environment descriptor '/home/motya/projects/coex/clover2_ws/src/clover2/install/clover2/share/clover2/hook/cmake_prefix_path.dsv'
[0.542s] INFO:colcon.colcon_core.shell:Creating environment hook '/home/motya/projects/coex/clover2_ws/src/clover2/install/clover2/share/clover2/hook/cmake_prefix_path.sh'
[0.543s] Level 1:colcon.colcon_core.environment:checking '/home/motya/projects/coex/clover2_ws/src/clover2/install/clover2/bin'
[0.543s] Level 1:colcon.colcon_core.environment:checking '/home/motya/projects/coex/clover2_ws/src/clover2/install/clover2/lib/pkgconfig/clover2.pc'
[0.543s] Level 1:colcon.colcon_core.environment:checking '/home/motya/projects/coex/clover2_ws/src/clover2/install/clover2/lib/python3.12/site-packages'
[0.543s] Level 1:colcon.colcon_core.environment:checking '/home/motya/projects/coex/clover2_ws/src/clover2/install/clover2/bin'
[0.543s] INFO:colcon.colcon_core.shell:Creating package script '/home/motya/projects/coex/clover2_ws/src/clover2/install/clover2/share/clover2/package.ps1'
[0.543s] INFO:colcon.colcon_core.shell:Creating package descriptor '/home/motya/projects/coex/clover2_ws/src/clover2/install/clover2/share/clover2/package.dsv'
[0.543s] INFO:colcon.colcon_core.shell:Creating package script '/home/motya/projects/coex/clover2_ws/src/clover2/install/clover2/share/clover2/package.sh'
[0.544s] INFO:colcon.colcon_core.shell:Creating package script '/home/motya/projects/coex/clover2_ws/src/clover2/install/clover2/share/clover2/package.bash'
[0.544s] INFO:colcon.colcon_core.shell:Creating package script '/home/motya/projects/coex/clover2_ws/src/clover2/install/clover2/share/clover2/package.zsh'
[0.544s] Level 1:colcon.colcon_core.environment:create_file_with_runtime_dependencies(/home/motya/projects/coex/clover2_ws/src/clover2/install/clover2/share/colcon-core/packages/clover2)
[0.544s] Level 1:colcon.colcon_core.environment:create_environment_scripts_only(clover2)
[0.544s] Level 1:colcon.colcon_core.environment:checking '/home/motya/projects/coex/clover2_ws/src/clover2/install/clover2' for CMake module files
[0.545s] Level 1:colcon.colcon_core.environment:checking '/home/motya/projects/coex/clover2_ws/src/clover2/install/clover2' for CMake config files
[0.545s] Level 1:colcon.colcon_core.shell:create_environment_hook('clover2', 'cmake_prefix_path')
[0.545s] INFO:colcon.colcon_core.shell:Creating environment hook '/home/motya/projects/coex/clover2_ws/src/clover2/install/clover2/share/clover2/hook/cmake_prefix_path.ps1'
[0.545s] INFO:colcon.colcon_core.shell:Creating environment descriptor '/home/motya/projects/coex/clover2_ws/src/clover2/install/clover2/share/clover2/hook/cmake_prefix_path.dsv'
[0.545s] INFO:colcon.colcon_core.shell:Creating environment hook '/home/motya/projects/coex/clover2_ws/src/clover2/install/clover2/share/clover2/hook/cmake_prefix_path.sh'
[0.546s] Level 1:colcon.colcon_core.environment:checking '/home/motya/projects/coex/clover2_ws/src/clover2/install/clover2/bin'
[0.546s] Level 1:colcon.colcon_core.environment:checking '/home/motya/projects/coex/clover2_ws/src/clover2/install/clover2/lib/pkgconfig/clover2.pc'
[0.546s] Level 1:colcon.colcon_core.environment:checking '/home/motya/projects/coex/clover2_ws/src/clover2/install/clover2/lib/python3.12/site-packages'
[0.546s] Level 1:colcon.colcon_core.environment:checking '/home/motya/projects/coex/clover2_ws/src/clover2/install/clover2/bin'
[0.546s] INFO:colcon.colcon_core.shell:Creating package script '/home/motya/projects/coex/clover2_ws/src/clover2/install/clover2/share/clover2/package.ps1'
[0.546s] INFO:colcon.colcon_core.shell:Creating package descriptor '/home/motya/projects/coex/clover2_ws/src/clover2/install/clover2/share/clover2/package.dsv'
[0.547s] INFO:colcon.colcon_core.shell:Creating package script '/home/motya/projects/coex/clover2_ws/src/clover2/install/clover2/share/clover2/package.sh'
[0.547s] INFO:colcon.colcon_core.shell:Creating package script '/home/motya/projects/coex/clover2_ws/src/clover2/install/clover2/share/clover2/package.bash'
[0.547s] INFO:colcon.colcon_core.shell:Creating package script '/home/motya/projects/coex/clover2_ws/src/clover2/install/clover2/share/clover2/package.zsh'
[0.547s] Level 1:colcon.colcon_core.environment:create_file_with_runtime_dependencies(/home/motya/projects/coex/clover2_ws/src/clover2/install/clover2/share/colcon-core/packages/clover2)
[1.648s] DEBUG:colcon.colcon_core.event_handler.log_command:Invoked command in '/home/motya/projects/coex/clover2_ws/src/clover2/build/clover2_aruco_msgs' returned '0': CMAKE_PREFIX_PATH=${CMAKE_PREFIX_PATH}:/opt/ros/jazzy DEBUGINFOD_URLS=https://debuginfod.ubuntu.com /usr/bin/cmake /home/motya/projects/coex/clover2_ws/src/clover2/clover2_aruco/clover2_aruco_msgs -DAMENT_CMAKE_SYMLINK_INSTALL=1 -DCMAKE_INSTALL_PREFIX=/home/motya/projects/coex/clover2_ws/src/clover2/install/clover2_aruco_msgs
[1.648s] DEBUG:colcon.colcon_core.event_handler.log_command:Invoking command in '/home/motya/projects/coex/clover2_ws/src/clover2/build/clover2_aruco_msgs': CMAKE_PREFIX_PATH=${CMAKE_PREFIX_PATH}:/opt/ros/jazzy DEBUGINFOD_URLS=https://debuginfod.ubuntu.com /usr/bin/cmake --build /home/motya/projects/coex/clover2_ws/src/clover2/build/clover2_aruco_msgs -- -j16 -l16
[2.758s] DEBUG:colcon.colcon_core.event_handler.log_command:Invoked command in '/home/motya/projects/coex/clover2_ws/src/clover2/build/clover2_aruco_msgs' returned '0': CMAKE_PREFIX_PATH=${CMAKE_PREFIX_PATH}:/opt/ros/jazzy DEBUGINFOD_URLS=https://debuginfod.ubuntu.com /usr/bin/cmake --build /home/motya/projects/coex/clover2_ws/src/clover2/build/clover2_aruco_msgs -- -j16 -l16
[2.759s] DEBUG:colcon.colcon_core.event_handler.log_command:Invoking command in '/home/motya/projects/coex/clover2_ws/src/clover2/build/clover2_aruco_msgs': CMAKE_PREFIX_PATH=${CMAKE_PREFIX_PATH}:/opt/ros/jazzy DEBUGINFOD_URLS=https://debuginfod.ubuntu.com /usr/bin/cmake --install /home/motya/projects/coex/clover2_ws/src/clover2/build/clover2_aruco_msgs
[3.057s] Level 1:colcon.colcon_core.environment:create_environment_scripts_only(clover2_aruco_msgs)
[3.058s] DEBUG:colcon.colcon_core.event_handler.log_command:Invoked command in '/home/motya/projects/coex/clover2_ws/src/clover2/build/clover2_aruco_msgs' returned '0': CMAKE_PREFIX_PATH=${CMAKE_PREFIX_PATH}:/opt/ros/jazzy DEBUGINFOD_URLS=https://debuginfod.ubuntu.com /usr/bin/cmake --install /home/motya/projects/coex/clover2_ws/src/clover2/build/clover2_aruco_msgs
[3.058s] Level 1:colcon.colcon_core.environment:checking '/home/motya/projects/coex/clover2_ws/src/clover2/install/clover2_aruco_msgs' for CMake module files
[3.058s] Level 1:colcon.colcon_core.environment:checking '/home/motya/projects/coex/clover2_ws/src/clover2/install/clover2_aruco_msgs' for CMake config files
[3.059s] Level 1:colcon.colcon_core.shell:create_environment_hook('clover2_aruco_msgs', 'cmake_prefix_path')
[3.059s] INFO:colcon.colcon_core.shell:Creating environment hook '/home/motya/projects/coex/clover2_ws/src/clover2/install/clover2_aruco_msgs/share/clover2_aruco_msgs/hook/cmake_prefix_path.ps1'
[3.059s] INFO:colcon.colcon_core.shell:Creating environment descriptor '/home/motya/projects/coex/clover2_ws/src/clover2/install/clover2_aruco_msgs/share/clover2_aruco_msgs/hook/cmake_prefix_path.dsv'
[3.059s] INFO:colcon.colcon_core.shell:Creating environment hook '/home/motya/projects/coex/clover2_ws/src/clover2/install/clover2_aruco_msgs/share/clover2_aruco_msgs/hook/cmake_prefix_path.sh'
[3.059s] Level 1:colcon.colcon_core.environment:checking '/home/motya/projects/coex/clover2_ws/src/clover2/install/clover2_aruco_msgs/lib'
[3.059s] Level 1:colcon.colcon_core.shell:create_environment_hook('clover2_aruco_msgs', 'ld_library_path_lib')
[3.059s] INFO:colcon.colcon_core.shell:Creating environment hook '/home/motya/projects/coex/clover2_ws/src/clover2/install/clover2_aruco_msgs/share/clover2_aruco_msgs/hook/ld_library_path_lib.ps1'
[3.060s] INFO:colcon.colcon_core.shell:Creating environment descriptor '/home/motya/projects/coex/clover2_ws/src/clover2/install/clover2_aruco_msgs/share/clover2_aruco_msgs/hook/ld_library_path_lib.dsv'
[3.060s] INFO:colcon.colcon_core.shell:Creating environment hook '/home/motya/projects/coex/clover2_ws/src/clover2/install/clover2_aruco_msgs/share/clover2_aruco_msgs/hook/ld_library_path_lib.sh'
[3.060s] Level 1:colcon.colcon_core.environment:checking '/home/motya/projects/coex/clover2_ws/src/clover2/install/clover2_aruco_msgs/bin'
[3.060s] Level 1:colcon.colcon_core.environment:checking '/home/motya/projects/coex/clover2_ws/src/clover2/install/clover2_aruco_msgs/lib/pkgconfig/clover2_aruco_msgs.pc'
[3.060s] Level 1:colcon.colcon_core.environment:checking '/home/motya/projects/coex/clover2_ws/src/clover2/install/clover2_aruco_msgs/lib/python3.12/site-packages'
[3.060s] Level 1:colcon.colcon_core.shell:create_environment_hook('clover2_aruco_msgs', 'pythonpath')
[3.060s] INFO:colcon.colcon_core.shell:Creating environment hook '/home/motya/projects/coex/clover2_ws/src/clover2/install/clover2_aruco_msgs/share/clover2_aruco_msgs/hook/pythonpath.ps1'
[3.060s] INFO:colcon.colcon_core.shell:Creating environment descriptor '/home/motya/projects/coex/clover2_ws/src/clover2/install/clover2_aruco_msgs/share/clover2_aruco_msgs/hook/pythonpath.dsv'
[3.060s] INFO:colcon.colcon_core.shell:Creating environment hook '/home/motya/projects/coex/clover2_ws/src/clover2/install/clover2_aruco_msgs/share/clover2_aruco_msgs/hook/pythonpath.sh'
[3.060s] Level 1:colcon.colcon_core.environment:checking '/home/motya/projects/coex/clover2_ws/src/clover2/install/clover2_aruco_msgs/bin'
[3.060s] INFO:colcon.colcon_core.shell:Creating package script '/home/motya/projects/coex/clover2_ws/src/clover2/install/clover2_aruco_msgs/share/clover2_aruco_msgs/package.ps1'
[3.061s] INFO:colcon.colcon_core.shell:Creating package descriptor '/home/motya/projects/coex/clover2_ws/src/clover2/install/clover2_aruco_msgs/share/clover2_aruco_msgs/package.dsv'
[3.061s] INFO:colcon.colcon_core.shell:Creating package script '/home/motya/projects/coex/clover2_ws/src/clover2/install/clover2_aruco_msgs/share/clover2_aruco_msgs/package.sh'
[3.061s] INFO:colcon.colcon_core.shell:Creating package script '/home/motya/projects/coex/clover2_ws/src/clover2/install/clover2_aruco_msgs/share/clover2_aruco_msgs/package.bash'
[3.061s] INFO:colcon.colcon_core.shell:Creating package script '/home/motya/projects/coex/clover2_ws/src/clover2/install/clover2_aruco_msgs/share/clover2_aruco_msgs/package.zsh'
[3.061s] Level 1:colcon.colcon_core.environment:create_file_with_runtime_dependencies(/home/motya/projects/coex/clover2_ws/src/clover2/install/clover2_aruco_msgs/share/colcon-core/packages/clover2_aruco_msgs)
[3.065s] Level 1:colcon.colcon_core.environment:create_environment_scripts_only(clover2_aruco_msgs)
[3.065s] Level 1:colcon.colcon_core.environment:checking '/home/motya/projects/coex/clover2_ws/src/clover2/install/clover2_aruco_msgs' for CMake module files
[3.065s] Level 1:colcon.colcon_core.environment:checking '/home/motya/projects/coex/clover2_ws/src/clover2/install/clover2_aruco_msgs' for CMake config files
[3.066s] Level 1:colcon.colcon_core.shell:create_environment_hook('clover2_aruco_msgs', 'cmake_prefix_path')
[3.066s] INFO:colcon.colcon_core.shell:Creating environment hook '/home/motya/projects/coex/clover2_ws/src/clover2/install/clover2_aruco_msgs/share/clover2_aruco_msgs/hook/cmake_prefix_path.ps1'
[3.066s] INFO:colcon.colcon_core.shell:Creating environment descriptor '/home/motya/projects/coex/clover2_ws/src/clover2/install/clover2_aruco_msgs/share/clover2_aruco_msgs/hook/cmake_prefix_path.dsv'
[3.066s] INFO:colcon.colcon_core.shell:Creating environment hook '/home/motya/projects/coex/clover2_ws/src/clover2/install/clover2_aruco_msgs/share/clover2_aruco_msgs/hook/cmake_prefix_path.sh'
[3.066s] Level 1:colcon.colcon_core.environment:checking '/home/motya/projects/coex/clover2_ws/src/clover2/install/clover2_aruco_msgs/lib'
[3.066s] Level 1:colcon.colcon_core.shell:create_environment_hook('clover2_aruco_msgs', 'ld_library_path_lib')
[3.066s] INFO:colcon.colcon_core.shell:Creating environment hook '/home/motya/projects/coex/clover2_ws/src/clover2/install/clover2_aruco_msgs/share/clover2_aruco_msgs/hook/ld_library_path_lib.ps1'
[3.066s] INFO:colcon.colcon_core.shell:Creating environment descriptor '/home/motya/projects/coex/clover2_ws/src/clover2/install/clover2_aruco_msgs/share/clover2_aruco_msgs/hook/ld_library_path_lib.dsv'
[3.066s] INFO:colcon.colcon_core.shell:Creating environment hook '/home/motya/projects/coex/clover2_ws/src/clover2/install/clover2_aruco_msgs/share/clover2_aruco_msgs/hook/ld_library_path_lib.sh'
[3.067s] Level 1:colcon.colcon_core.environment:checking '/home/motya/projects/coex/clover2_ws/src/clover2/install/clover2_aruco_msgs/bin'
[3.067s] Level 1:colcon.colcon_core.environment:checking '/home/motya/projects/coex/clover2_ws/src/clover2/install/clover2_aruco_msgs/lib/pkgconfig/clover2_aruco_msgs.pc'
[3.067s] Level 1:colcon.colcon_core.environment:checking '/home/motya/projects/coex/clover2_ws/src/clover2/install/clover2_aruco_msgs/lib/python3.12/site-packages'
[3.067s] Level 1:colcon.colcon_core.shell:create_environment_hook('clover2_aruco_msgs', 'pythonpath')
[3.067s] INFO:colcon.colcon_core.shell:Creating environment hook '/home/motya/projects/coex/clover2_ws/src/clover2/install/clover2_aruco_msgs/share/clover2_aruco_msgs/hook/pythonpath.ps1'
[3.067s] INFO:colcon.colcon_core.shell:Creating environment descriptor '/home/motya/projects/coex/clover2_ws/src/clover2/install/clover2_aruco_msgs/share/clover2_aruco_msgs/hook/pythonpath.dsv'
[3.067s] INFO:colcon.colcon_core.shell:Creating environment hook '/home/motya/projects/coex/clover2_ws/src/clover2/install/clover2_aruco_msgs/share/clover2_aruco_msgs/hook/pythonpath.sh'
[3.067s] Level 1:colcon.colcon_core.environment:checking '/home/motya/projects/coex/clover2_ws/src/clover2/install/clover2_aruco_msgs/bin'
[3.067s] INFO:colcon.colcon_core.shell:Creating package script '/home/motya/projects/coex/clover2_ws/src/clover2/install/clover2_aruco_msgs/share/clover2_aruco_msgs/package.ps1'
[3.067s] INFO:colcon.colcon_core.shell:Creating package descriptor '/home/motya/projects/coex/clover2_ws/src/clover2/install/clover2_aruco_msgs/share/clover2_aruco_msgs/package.dsv'
[3.068s] INFO:colcon.colcon_core.shell:Creating package script '/home/motya/projects/coex/clover2_ws/src/clover2/install/clover2_aruco_msgs/share/clover2_aruco_msgs/package.sh'
[3.068s] INFO:colcon.colcon_core.shell:Creating package script '/home/motya/projects/coex/clover2_ws/src/clover2/install/clover2_aruco_msgs/share/clover2_aruco_msgs/package.bash'
[3.068s] INFO:colcon.colcon_core.shell:Creating package script '/home/motya/projects/coex/clover2_ws/src/clover2/install/clover2_aruco_msgs/share/clover2_aruco_msgs/package.zsh'
[3.068s] Level 1:colcon.colcon_core.environment:create_file_with_runtime_dependencies(/home/motya/projects/coex/clover2_ws/src/clover2/install/clover2_aruco_msgs/share/colcon-core/packages/clover2_aruco_msgs)
[3.068s] INFO:colcon.colcon_ros.task.ament_cmake.build:Building ROS package in '/home/motya/projects/coex/clover2_ws/src/clover2/clover2_aruco/clover2_aruco' with build type 'ament_cmake'
[3.068s] INFO:colcon.colcon_cmake.task.cmake.build:Building CMake package in '/home/motya/projects/coex/clover2_ws/src/clover2/clover2_aruco/clover2_aruco'
[3.068s] INFO:colcon.colcon_core.shell:Skip shell extension 'powershell' for command environment: Not usable outside of PowerShell
[3.068s] DEBUG:colcon.colcon_core.shell:Skip shell extension 'dsv' for command environment
[3.072s] DEBUG:colcon.colcon_core.event_handler.log_command:Invoking command in '/home/motya/projects/coex/clover2_ws/src/clover2/build/clover2_aruco': AMENT_PREFIX_PATH=/home/motya/projects/coex/clover2_ws/src/clover2/install/clover2_aruco_msgs:${AMENT_PREFIX_PATH} CMAKE_PREFIX_PATH=/home/motya/projects/coex/clover2_ws/src/clover2/install/clover2_aruco_msgs:/opt/ros/jazzy/opt/gz_sim_vendor:/opt/ros/jazzy/opt/gz_sensors_vendor:/opt/ros/jazzy/opt/gz_physics_vendor:/opt/ros/jazzy/opt/sdformat_vendor:/opt/ros/jazzy/opt/gz_gui_vendor:/opt/ros/jazzy/opt/gz_transport_vendor:/opt/ros/jazzy/opt/gz_rendering_vendor:/opt/ros/jazzy/opt/gz_plugin_vendor:/opt/ros/jazzy/opt/gz_fuel_tools_vendor:/opt/ros/jazzy/opt/gz_msgs_vendor:/opt/ros/jazzy/opt/gz_common_vendor:/opt/ros/jazzy/opt/gz_math_vendor:/opt/ros/jazzy/opt/gz_utils_vendor:/opt/ros/jazzy/opt/gz_tools_vendor:/opt/ros/jazzy/opt/gz_ogre_next_vendor:/opt/ros/jazzy/opt/gz_dartsim_vendor:/opt/ros/jazzy/opt/gz_cmake_vendor:/opt/ros/jazzy DEBUGINFOD_URLS=https://debuginfod.ubuntu.com LD_LIBRARY_PATH=/home/motya/projects/coex/clover2_ws/src/clover2/install/clover2_aruco_msgs/lib:${LD_LIBRARY_PATH} PYTHONPATH=/home/motya/projects/coex/clover2_ws/src/clover2/install/clover2_aruco_msgs/lib/python3.12/site-packages:${PYTHONPATH} /usr/bin/cmake /home/motya/projects/coex/clover2_ws/src/clover2/clover2_aruco/clover2_aruco -DAMENT_CMAKE_SYMLINK_INSTALL=1 -DCMAKE_INSTALL_PREFIX=/home/motya/projects/coex/clover2_ws/src/clover2/install/clover2_aruco
[3.766s] DEBUG:colcon.colcon_core.event_handler.log_command:Invoked command in '/home/motya/projects/coex/clover2_ws/src/clover2/build/clover2_aruco' returned '0': AMENT_PREFIX_PATH=/home/motya/projects/coex/clover2_ws/src/clover2/install/clover2_aruco_msgs:${AMENT_PREFIX_PATH} CMAKE_PREFIX_PATH=/home/motya/projects/coex/clover2_ws/src/clover2/install/clover2_aruco_msgs:/opt/ros/jazzy/opt/gz_sim_vendor:/opt/ros/jazzy/opt/gz_sensors_vendor:/opt/ros/jazzy/opt/gz_physics_vendor:/opt/ros/jazzy/opt/sdformat_vendor:/opt/ros/jazzy/opt/gz_gui_vendor:/opt/ros/jazzy/opt/gz_transport_vendor:/opt/ros/jazzy/opt/gz_rendering_vendor:/opt/ros/jazzy/opt/gz_plugin_vendor:/opt/ros/jazzy/opt/gz_fuel_tools_vendor:/opt/ros/jazzy/opt/gz_msgs_vendor:/opt/ros/jazzy/opt/gz_common_vendor:/opt/ros/jazzy/opt/gz_math_vendor:/opt/ros/jazzy/opt/gz_utils_vendor:/opt/ros/jazzy/opt/gz_tools_vendor:/opt/ros/jazzy/opt/gz_ogre_next_vendor:/opt/ros/jazzy/opt/gz_dartsim_vendor:/opt/ros/jazzy/opt/gz_cmake_vendor:/opt/ros/jazzy DEBUGINFOD_URLS=https://debuginfod.ubuntu.com LD_LIBRARY_PATH=/home/motya/projects/coex/clover2_ws/src/clover2/install/clover2_aruco_msgs/lib:${LD_LIBRARY_PATH} PYTHONPATH=/home/motya/projects/coex/clover2_ws/src/clover2/install/clover2_aruco_msgs/lib/python3.12/site-packages:${PYTHONPATH} /usr/bin/cmake /home/motya/projects/coex/clover2_ws/src/clover2/clover2_aruco/clover2_aruco -DAMENT_CMAKE_SYMLINK_INSTALL=1 -DCMAKE_INSTALL_PREFIX=/home/motya/projects/coex/clover2_ws/src/clover2/install/clover2_aruco
[3.767s] DEBUG:colcon.colcon_core.event_handler.log_command:Invoking command in '/home/motya/projects/coex/clover2_ws/src/clover2/build/clover2_aruco': AMENT_PREFIX_PATH=/home/motya/projects/coex/clover2_ws/src/clover2/install/clover2_aruco_msgs:${AMENT_PREFIX_PATH} CMAKE_PREFIX_PATH=/home/motya/projects/coex/clover2_ws/src/clover2/install/clover2_aruco_msgs:/opt/ros/jazzy/opt/gz_sim_vendor:/opt/ros/jazzy/opt/gz_sensors_vendor:/opt/ros/jazzy/opt/gz_physics_vendor:/opt/ros/jazzy/opt/sdformat_vendor:/opt/ros/jazzy/opt/gz_gui_vendor:/opt/ros/jazzy/opt/gz_transport_vendor:/opt/ros/jazzy/opt/gz_rendering_vendor:/opt/ros/jazzy/opt/gz_plugin_vendor:/opt/ros/jazzy/opt/gz_fuel_tools_vendor:/opt/ros/jazzy/opt/gz_msgs_vendor:/opt/ros/jazzy/opt/gz_common_vendor:/opt/ros/jazzy/opt/gz_math_vendor:/opt/ros/jazzy/opt/gz_utils_vendor:/opt/ros/jazzy/opt/gz_tools_vendor:/opt/ros/jazzy/opt/gz_ogre_next_vendor:/opt/ros/jazzy/opt/gz_dartsim_vendor:/opt/ros/jazzy/opt/gz_cmake_vendor:/opt/ros/jazzy DEBUGINFOD_URLS=https://debuginfod.ubuntu.com LD_LIBRARY_PATH=/home/motya/projects/coex/clover2_ws/src/clover2/install/clover2_aruco_msgs/lib:${LD_LIBRARY_PATH} PYTHONPATH=/home/motya/projects/coex/clover2_ws/src/clover2/install/clover2_aruco_msgs/lib/python3.12/site-packages:${PYTHONPATH} /usr/bin/cmake --build /home/motya/projects/coex/clover2_ws/src/clover2/build/clover2_aruco -- -j16 -l16
[12.404s] DEBUG:colcon.colcon_core.event_handler.log_command:Invoked command in '/home/motya/projects/coex/clover2_ws/src/clover2/build/clover2_aruco' returned '0': AMENT_PREFIX_PATH=/home/motya/projects/coex/clover2_ws/src/clover2/install/clover2_aruco_msgs:${AMENT_PREFIX_PATH} CMAKE_PREFIX_PATH=/home/motya/projects/coex/clover2_ws/src/clover2/install/clover2_aruco_msgs:/opt/ros/jazzy/opt/gz_sim_vendor:/opt/ros/jazzy/opt/gz_sensors_vendor:/opt/ros/jazzy/opt/gz_physics_vendor:/opt/ros/jazzy/opt/sdformat_vendor:/opt/ros/jazzy/opt/gz_gui_vendor:/opt/ros/jazzy/opt/gz_transport_vendor:/opt/ros/jazzy/opt/gz_rendering_vendor:/opt/ros/jazzy/opt/gz_plugin_vendor:/opt/ros/jazzy/opt/gz_fuel_tools_vendor:/opt/ros/jazzy/opt/gz_msgs_vendor:/opt/ros/jazzy/opt/gz_common_vendor:/opt/ros/jazzy/opt/gz_math_vendor:/opt/ros/jazzy/opt/gz_utils_vendor:/opt/ros/jazzy/opt/gz_tools_vendor:/opt/ros/jazzy/opt/gz_ogre_next_vendor:/opt/ros/jazzy/opt/gz_dartsim_vendor:/opt/ros/jazzy/opt/gz_cmake_vendor:/opt/ros/jazzy DEBUGINFOD_URLS=https://debuginfod.ubuntu.com LD_LIBRARY_PATH=/home/motya/projects/coex/clover2_ws/src/clover2/install/clover2_aruco_msgs/lib:${LD_LIBRARY_PATH} PYTHONPATH=/home/motya/projects/coex/clover2_ws/src/clover2/install/clover2_aruco_msgs/lib/python3.12/site-packages:${PYTHONPATH} /usr/bin/cmake --build /home/motya/projects/coex/clover2_ws/src/clover2/build/clover2_aruco -- -j16 -l16
[12.405s] DEBUG:colcon.colcon_core.event_handler.log_command:Invoking command in '/home/motya/projects/coex/clover2_ws/src/clover2/build/clover2_aruco': AMENT_PREFIX_PATH=/home/motya/projects/coex/clover2_ws/src/clover2/install/clover2_aruco_msgs:${AMENT_PREFIX_PATH} CMAKE_PREFIX_PATH=/home/motya/projects/coex/clover2_ws/src/clover2/install/clover2_aruco_msgs:/opt/ros/jazzy/opt/gz_sim_vendor:/opt/ros/jazzy/opt/gz_sensors_vendor:/opt/ros/jazzy/opt/gz_physics_vendor:/opt/ros/jazzy/opt/sdformat_vendor:/opt/ros/jazzy/opt/gz_gui_vendor:/opt/ros/jazzy/opt/gz_transport_vendor:/opt/ros/jazzy/opt/gz_rendering_vendor:/opt/ros/jazzy/opt/gz_plugin_vendor:/opt/ros/jazzy/opt/gz_fuel_tools_vendor:/opt/ros/jazzy/opt/gz_msgs_vendor:/opt/ros/jazzy/opt/gz_common_vendor:/opt/ros/jazzy/opt/gz_math_vendor:/opt/ros/jazzy/opt/gz_utils_vendor:/opt/ros/jazzy/opt/gz_tools_vendor:/opt/ros/jazzy/opt/gz_ogre_next_vendor:/opt/ros/jazzy/opt/gz_dartsim_vendor:/opt/ros/jazzy/opt/gz_cmake_vendor:/opt/ros/jazzy DEBUGINFOD_URLS=https://debuginfod.ubuntu.com LD_LIBRARY_PATH=/home/motya/projects/coex/clover2_ws/src/clover2/install/clover2_aruco_msgs/lib:${LD_LIBRARY_PATH} PYTHONPATH=/home/motya/projects/coex/clover2_ws/src/clover2/install/clover2_aruco_msgs/lib/python3.12/site-packages:${PYTHONPATH} /usr/bin/cmake --install /home/motya/projects/coex/clover2_ws/src/clover2/build/clover2_aruco
[12.502s] Level 1:colcon.colcon_core.environment:create_environment_scripts_only(clover2_aruco)
[12.502s] Level 1:colcon.colcon_core.environment:checking '/home/motya/projects/coex/clover2_ws/src/clover2/install/clover2_aruco' for CMake module files
[12.502s] DEBUG:colcon.colcon_core.event_handler.log_command:Invoked command in '/home/motya/projects/coex/clover2_ws/src/clover2/build/clover2_aruco' returned '0': AMENT_PREFIX_PATH=/home/motya/projects/coex/clover2_ws/src/clover2/install/clover2_aruco_msgs:${AMENT_PREFIX_PATH} CMAKE_PREFIX_PATH=/home/motya/projects/coex/clover2_ws/src/clover2/install/clover2_aruco_msgs:/opt/ros/jazzy/opt/gz_sim_vendor:/opt/ros/jazzy/opt/gz_sensors_vendor:/opt/ros/jazzy/opt/gz_physics_vendor:/opt/ros/jazzy/opt/sdformat_vendor:/opt/ros/jazzy/opt/gz_gui_vendor:/opt/ros/jazzy/opt/gz_transport_vendor:/opt/ros/jazzy/opt/gz_rendering_vendor:/opt/ros/jazzy/opt/gz_plugin_vendor:/opt/ros/jazzy/opt/gz_fuel_tools_vendor:/opt/ros/jazzy/opt/gz_msgs_vendor:/opt/ros/jazzy/opt/gz_common_vendor:/opt/ros/jazzy/opt/gz_math_vendor:/opt/ros/jazzy/opt/gz_utils_vendor:/opt/ros/jazzy/opt/gz_tools_vendor:/opt/ros/jazzy/opt/gz_ogre_next_vendor:/opt/ros/jazzy/opt/gz_dartsim_vendor:/opt/ros/jazzy/opt/gz_cmake_vendor:/opt/ros/jazzy DEBUGINFOD_URLS=https://debuginfod.ubuntu.com LD_LIBRARY_PATH=/home/motya/projects/coex/clover2_ws/src/clover2/install/clover2_aruco_msgs/lib:${LD_LIBRARY_PATH} PYTHONPATH=/home/motya/projects/coex/clover2_ws/src/clover2/install/clover2_aruco_msgs/lib/python3.12/site-packages:${PYTHONPATH} /usr/bin/cmake --install /home/motya/projects/coex/clover2_ws/src/clover2/build/clover2_aruco
[12.502s] Level 1:colcon.colcon_core.environment:checking '/home/motya/projects/coex/clover2_ws/src/clover2/install/clover2_aruco' for CMake config files
[12.503s] Level 1:colcon.colcon_core.shell:create_environment_hook('clover2_aruco', 'cmake_prefix_path')
[12.503s] INFO:colcon.colcon_core.shell:Creating environment hook '/home/motya/projects/coex/clover2_ws/src/clover2/install/clover2_aruco/share/clover2_aruco/hook/cmake_prefix_path.ps1'
[12.503s] INFO:colcon.colcon_core.shell:Creating environment descriptor '/home/motya/projects/coex/clover2_ws/src/clover2/install/clover2_aruco/share/clover2_aruco/hook/cmake_prefix_path.dsv'
[12.503s] INFO:colcon.colcon_core.shell:Creating environment hook '/home/motya/projects/coex/clover2_ws/src/clover2/install/clover2_aruco/share/clover2_aruco/hook/cmake_prefix_path.sh'
[12.503s] Level 1:colcon.colcon_core.environment:checking '/home/motya/projects/coex/clover2_ws/src/clover2/install/clover2_aruco/lib'
[12.503s] Level 1:colcon.colcon_core.shell:create_environment_hook('clover2_aruco', 'ld_library_path_lib')
[12.503s] INFO:colcon.colcon_core.shell:Creating environment hook '/home/motya/projects/coex/clover2_ws/src/clover2/install/clover2_aruco/share/clover2_aruco/hook/ld_library_path_lib.ps1'
[12.503s] INFO:colcon.colcon_core.shell:Creating environment descriptor '/home/motya/projects/coex/clover2_ws/src/clover2/install/clover2_aruco/share/clover2_aruco/hook/ld_library_path_lib.dsv'
[12.504s] INFO:colcon.colcon_core.shell:Creating environment hook '/home/motya/projects/coex/clover2_ws/src/clover2/install/clover2_aruco/share/clover2_aruco/hook/ld_library_path_lib.sh'
[12.504s] Level 1:colcon.colcon_core.environment:checking '/home/motya/projects/coex/clover2_ws/src/clover2/install/clover2_aruco/bin'
[12.504s] Level 1:colcon.colcon_core.environment:checking '/home/motya/projects/coex/clover2_ws/src/clover2/install/clover2_aruco/lib/pkgconfig/clover2_aruco.pc'
[12.504s] Level 1:colcon.colcon_core.environment:checking '/home/motya/projects/coex/clover2_ws/src/clover2/install/clover2_aruco/lib/python3.12/site-packages'
[12.504s] Level 1:colcon.colcon_core.environment:checking '/home/motya/projects/coex/clover2_ws/src/clover2/install/clover2_aruco/bin'
[12.504s] INFO:colcon.colcon_core.shell:Creating package script '/home/motya/projects/coex/clover2_ws/src/clover2/install/clover2_aruco/share/clover2_aruco/package.ps1'
[12.504s] INFO:colcon.colcon_core.shell:Creating package descriptor '/home/motya/projects/coex/clover2_ws/src/clover2/install/clover2_aruco/share/clover2_aruco/package.dsv'
[12.504s] INFO:colcon.colcon_core.shell:Creating package script '/home/motya/projects/coex/clover2_ws/src/clover2/install/clover2_aruco/share/clover2_aruco/package.sh'
[12.504s] INFO:colcon.colcon_core.shell:Creating package script '/home/motya/projects/coex/clover2_ws/src/clover2/install/clover2_aruco/share/clover2_aruco/package.bash'
[12.504s] INFO:colcon.colcon_core.shell:Creating package script '/home/motya/projects/coex/clover2_ws/src/clover2/install/clover2_aruco/share/clover2_aruco/package.zsh'
[12.505s] Level 1:colcon.colcon_core.environment:create_file_with_runtime_dependencies(/home/motya/projects/coex/clover2_ws/src/clover2/install/clover2_aruco/share/colcon-core/packages/clover2_aruco)
[12.505s] Level 1:colcon.colcon_core.environment:create_environment_scripts_only(clover2_aruco)
[12.505s] Level 1:colcon.colcon_core.environment:checking '/home/motya/projects/coex/clover2_ws/src/clover2/install/clover2_aruco' for CMake module files
[12.505s] Level 1:colcon.colcon_core.environment:checking '/home/motya/projects/coex/clover2_ws/src/clover2/install/clover2_aruco' for CMake config files
[12.505s] Level 1:colcon.colcon_core.shell:create_environment_hook('clover2_aruco', 'cmake_prefix_path')
[12.505s] INFO:colcon.colcon_core.shell:Creating environment hook '/home/motya/projects/coex/clover2_ws/src/clover2/install/clover2_aruco/share/clover2_aruco/hook/cmake_prefix_path.ps1'
[12.505s] INFO:colcon.colcon_core.shell:Creating environment descriptor '/home/motya/projects/coex/clover2_ws/src/clover2/install/clover2_aruco/share/clover2_aruco/hook/cmake_prefix_path.dsv'
[12.505s] INFO:colcon.colcon_core.shell:Creating environment hook '/home/motya/projects/coex/clover2_ws/src/clover2/install/clover2_aruco/share/clover2_aruco/hook/cmake_prefix_path.sh'
[12.506s] Level 1:colcon.colcon_core.environment:checking '/home/motya/projects/coex/clover2_ws/src/clover2/install/clover2_aruco/lib'
[12.506s] Level 1:colcon.colcon_core.shell:create_environment_hook('clover2_aruco', 'ld_library_path_lib')
[12.506s] INFO:colcon.colcon_core.shell:Creating environment hook '/home/motya/projects/coex/clover2_ws/src/clover2/install/clover2_aruco/share/clover2_aruco/hook/ld_library_path_lib.ps1'
[12.506s] INFO:colcon.colcon_core.shell:Creating environment descriptor '/home/motya/projects/coex/clover2_ws/src/clover2/install/clover2_aruco/share/clover2_aruco/hook/ld_library_path_lib.dsv'
[12.506s] INFO:colcon.colcon_core.shell:Creating environment hook '/home/motya/projects/coex/clover2_ws/src/clover2/install/clover2_aruco/share/clover2_aruco/hook/ld_library_path_lib.sh'
[12.506s] Level 1:colcon.colcon_core.environment:checking '/home/motya/projects/coex/clover2_ws/src/clover2/install/clover2_aruco/bin'
[12.506s] Level 1:colcon.colcon_core.environment:checking '/home/motya/projects/coex/clover2_ws/src/clover2/install/clover2_aruco/lib/pkgconfig/clover2_aruco.pc'
[12.506s] Level 1:colcon.colcon_core.environment:checking '/home/motya/projects/coex/clover2_ws/src/clover2/install/clover2_aruco/lib/python3.12/site-packages'
[12.506s] Level 1:colcon.colcon_core.environment:checking '/home/motya/projects/coex/clover2_ws/src/clover2/install/clover2_aruco/bin'
[12.506s] INFO:colcon.colcon_core.shell:Creating package script '/home/motya/projects/coex/clover2_ws/src/clover2/install/clover2_aruco/share/clover2_aruco/package.ps1'
[12.506s] INFO:colcon.colcon_core.shell:Creating package descriptor '/home/motya/projects/coex/clover2_ws/src/clover2/install/clover2_aruco/share/clover2_aruco/package.dsv'
[12.507s] INFO:colcon.colcon_core.shell:Creating package script '/home/motya/projects/coex/clover2_ws/src/clover2/install/clover2_aruco/share/clover2_aruco/package.sh'
[12.507s] INFO:colcon.colcon_core.shell:Creating package script '/home/motya/projects/coex/clover2_ws/src/clover2/install/clover2_aruco/share/clover2_aruco/package.bash'
[12.507s] INFO:colcon.colcon_core.shell:Creating package script '/home/motya/projects/coex/clover2_ws/src/clover2/install/clover2_aruco/share/clover2_aruco/package.zsh'
[12.507s] Level 1:colcon.colcon_core.environment:create_file_with_runtime_dependencies(/home/motya/projects/coex/clover2_ws/src/clover2/install/clover2_aruco/share/colcon-core/packages/clover2_aruco)
[12.507s] DEBUG:colcon.colcon_parallel_executor.executor.parallel:closing loop
[12.507s] DEBUG:colcon.colcon_parallel_executor.executor.parallel:loop closed
[12.507s] DEBUG:colcon.colcon_parallel_executor.executor.parallel:run_until_complete finished with '0'
[12.507s] DEBUG:colcon.colcon_core.event_reactor:joining thread
[12.510s] INFO:colcon.colcon_core.plugin_system:Skipping extension 'colcon_notification.desktop_notification.terminal_notifier': Not used on non-Darwin systems
[12.510s] INFO:colcon.colcon_core.plugin_system:Skipping extension 'colcon_notification.desktop_notification.win32': Not used on non-Windows systems
[12.510s] INFO:colcon.colcon_notification.desktop_notification:Sending desktop notification using 'notify2'
[12.515s] DEBUG:colcon.colcon_core.event_reactor:joined thread
[12.515s] INFO:colcon.colcon_core.shell:Creating prefix script '/home/motya/projects/coex/clover2_ws/src/clover2/install/local_setup.ps1'
[12.516s] INFO:colcon.colcon_core.shell:Creating prefix util module '/home/motya/projects/coex/clover2_ws/src/clover2/install/_local_setup_util_ps1.py'
[12.516s] INFO:colcon.colcon_core.shell:Creating prefix chain script '/home/motya/projects/coex/clover2_ws/src/clover2/install/setup.ps1'
[12.516s] INFO:colcon.colcon_core.shell:Creating prefix script '/home/motya/projects/coex/clover2_ws/src/clover2/install/local_setup.sh'
[12.517s] INFO:colcon.colcon_core.shell:Creating prefix util module '/home/motya/projects/coex/clover2_ws/src/clover2/install/_local_setup_util_sh.py'
[12.517s] INFO:colcon.colcon_core.shell:Creating prefix chain script '/home/motya/projects/coex/clover2_ws/src/clover2/install/setup.sh'
[12.517s] INFO:colcon.colcon_core.shell:Creating prefix script '/home/motya/projects/coex/clover2_ws/src/clover2/install/local_setup.bash'
[12.517s] INFO:colcon.colcon_core.shell:Creating prefix chain script '/home/motya/projects/coex/clover2_ws/src/clover2/install/setup.bash'
[12.518s] INFO:colcon.colcon_core.shell:Creating prefix script '/home/motya/projects/coex/clover2_ws/src/clover2/install/local_setup.zsh'
[12.518s] INFO:colcon.colcon_core.shell:Creating prefix chain script '/home/motya/projects/coex/clover2_ws/src/clover2/install/setup.zsh'
