[ 25%] [32mBuilding CXX object CMakeFiles/clover2_aruco_detector.dir/src/detector.cpp.o[0m
[ 50%] [32m[1mLinking CXX shared library libclover2_aruco_detector.so[0m
[ 50%] Built target clover2_aruco_detector
[ 75%] [32m[1mLinking CXX executable detector[0m
[100%] Built target detector
-- Install configuration: ""
-- Execute custom install script
-- Up-to-date symlink: /home/motya/projects/coex/clover2_ws/src/clover2/install/clover2_aruco/include/clover2_aruco/clover2_aruco/detector.hpp
-- Up-to-date symlink: /home/motya/projects/coex/clover2_ws/src/clover2/install/clover2_aruco/lib/clover2_aruco/detector
-- Up-to-date symlink: /home/motya/projects/coex/clover2_ws/src/clover2/install/clover2_aruco/share/clover2_aruco/environment/library_path.sh
-- Up-to-date symlink: /home/motya/projects/coex/clover2_ws/src/clover2/install/clover2_aruco/share/clover2_aruco/environment/library_path.dsv
-- Up-to-date symlink: /home/motya/projects/coex/clover2_ws/src/clover2/install/clover2_aruco/share/ament_index/resource_index/package_run_dependencies/clover2_aruco
-- Up-to-date symlink: /home/motya/projects/coex/clover2_ws/src/clover2/install/clover2_aruco/share/ament_index/resource_index/parent_prefix_path/clover2_aruco
-- Up-to-date symlink: /home/motya/projects/coex/clover2_ws/src/clover2/install/clover2_aruco/share/clover2_aruco/environment/ament_prefix_path.sh
-- Up-to-date symlink: /home/motya/projects/coex/clover2_ws/src/clover2/install/clover2_aruco/share/clover2_aruco/environment/ament_prefix_path.dsv
-- Up-to-date symlink: /home/motya/projects/coex/clover2_ws/src/clover2/install/clover2_aruco/share/clover2_aruco/environment/path.sh
-- Up-to-date symlink: /home/motya/projects/coex/clover2_ws/src/clover2/install/clover2_aruco/share/clover2_aruco/environment/path.dsv
-- Up-to-date symlink: /home/motya/projects/coex/clover2_ws/src/clover2/install/clover2_aruco/share/clover2_aruco/local_setup.bash
-- Up-to-date symlink: /home/motya/projects/coex/clover2_ws/src/clover2/install/clover2_aruco/share/clover2_aruco/local_setup.sh
-- Up-to-date symlink: /home/motya/projects/coex/clover2_ws/src/clover2/install/clover2_aruco/share/clover2_aruco/local_setup.zsh
-- Up-to-date symlink: /home/motya/projects/coex/clover2_ws/src/clover2/install/clover2_aruco/share/clover2_aruco/local_setup.dsv
-- Symlinking: /home/motya/projects/coex/clover2_ws/src/clover2/install/clover2_aruco/share/clover2_aruco/package.dsv
-- Up-to-date symlink: /home/motya/projects/coex/clover2_ws/src/clover2/install/clover2_aruco/share/ament_index/resource_index/packages/clover2_aruco
-- Up-to-date symlink: /home/motya/projects/coex/clover2_ws/src/clover2/install/clover2_aruco/share/ament_index/resource_index/rclcpp_components/clover2_aruco
-- Up-to-date symlink: /home/motya/projects/coex/clover2_ws/src/clover2/install/clover2_aruco/share/clover2_aruco/cmake/ament_cmake_export_dependencies-extras.cmake
-- Up-to-date symlink: /home/motya/projects/coex/clover2_ws/src/clover2/install/clover2_aruco/share/clover2_aruco/cmake/ament_cmake_export_include_directories-extras.cmake
-- Up-to-date symlink: /home/motya/projects/coex/clover2_ws/src/clover2/install/clover2_aruco/share/clover2_aruco/cmake/ament_cmake_export_libraries-extras.cmake
-- Up-to-date symlink: /home/motya/projects/coex/clover2_ws/src/clover2/install/clover2_aruco/share/clover2_aruco/cmake/ament_cmake_export_targets-extras.cmake
-- Up-to-date symlink: /home/motya/projects/coex/clover2_ws/src/clover2/install/clover2_aruco/share/clover2_aruco/cmake/clover2_arucoConfig.cmake
-- Up-to-date symlink: /home/motya/projects/coex/clover2_ws/src/clover2/install/clover2_aruco/share/clover2_aruco/cmake/clover2_arucoConfig-version.cmake
-- Up-to-date symlink: /home/motya/projects/coex/clover2_ws/src/clover2/install/clover2_aruco/share/clover2_aruco/package.xml
-- Installing: /home/motya/projects/coex/clover2_ws/src/clover2/install/clover2_aruco/lib/libclover2_aruco_detector.so
-- Set non-toolchain portion of runtime path of "/home/motya/projects/coex/clover2_ws/src/clover2/install/clover2_aruco/lib/libclover2_aruco_detector.so" to ""
-- Up-to-date: /home/motya/projects/coex/clover2_ws/src/clover2/install/clover2_aruco/share/clover2_aruco/cmake/export_clover2_arucoExport.cmake
-- Up-to-date: /home/motya/projects/coex/clover2_ws/src/clover2/install/clover2_aruco/share/clover2_aruco/cmake/export_clover2_arucoExport-noconfig.cmake
