[0.004s] Invoking command in '/home/motya/projects/coex/clover2_ws/src/clover2/build/clover2_aruco': AMENT_PREFIX_PATH=/home/motya/projects/coex/clover2_ws/src/clover2/install/clover2_aruco_msgs:${AMENT_PREFIX_PATH} CMAKE_PREFIX_PATH=/home/motya/projects/coex/clover2_ws/src/clover2/install/clover2_aruco_msgs:/opt/ros/jazzy/opt/gz_sim_vendor:/opt/ros/jazzy/opt/gz_sensors_vendor:/opt/ros/jazzy/opt/gz_physics_vendor:/opt/ros/jazzy/opt/sdformat_vendor:/opt/ros/jazzy/opt/gz_gui_vendor:/opt/ros/jazzy/opt/gz_transport_vendor:/opt/ros/jazzy/opt/gz_rendering_vendor:/opt/ros/jazzy/opt/gz_plugin_vendor:/opt/ros/jazzy/opt/gz_fuel_tools_vendor:/opt/ros/jazzy/opt/gz_msgs_vendor:/opt/ros/jazzy/opt/gz_common_vendor:/opt/ros/jazzy/opt/gz_math_vendor:/opt/ros/jazzy/opt/gz_utils_vendor:/opt/ros/jazzy/opt/gz_tools_vendor:/opt/ros/jazzy/opt/gz_ogre_next_vendor:/opt/ros/jazzy/opt/gz_dartsim_vendor:/opt/ros/jazzy/opt/gz_cmake_vendor:/opt/ros/jazzy DEBUGINFOD_URLS=https://debuginfod.ubuntu.com LD_LIBRARY_PATH=/home/motya/projects/coex/clover2_ws/src/clover2/install/clover2_aruco_msgs/lib:${LD_LIBRARY_PATH} PYTHONPATH=/home/motya/projects/coex/clover2_ws/src/clover2/install/clover2_aruco_msgs/lib/python3.12/site-packages:${PYTHONPATH} /usr/bin/cmake --build /home/motya/projects/coex/clover2_ws/src/clover2/build/clover2_aruco -- -j16 -l16
[0.035s] [ 25%] [32mBuilding CXX object CMakeFiles/clover2_aruco_detector.dir/src/detector.cpp.o[0m
[6.431s] [ 50%] [32m[1mLinking CXX shared library libclover2_aruco_detector.so[0m
[6.655s] [ 50%] Built target clover2_aruco_detector
[6.669s] [ 75%] [32m[1mLinking CXX executable detector[0m
[6.944s] [100%] Built target detector
[6.948s] Invoked command in '/home/motya/projects/coex/clover2_ws/src/clover2/build/clover2_aruco' returned '0': AMENT_PREFIX_PATH=/home/motya/projects/coex/clover2_ws/src/clover2/install/clover2_aruco_msgs:${AMENT_PREFIX_PATH} CMAKE_PREFIX_PATH=/home/motya/projects/coex/clover2_ws/src/clover2/install/clover2_aruco_msgs:/opt/ros/jazzy/opt/gz_sim_vendor:/opt/ros/jazzy/opt/gz_sensors_vendor:/opt/ros/jazzy/opt/gz_physics_vendor:/opt/ros/jazzy/opt/sdformat_vendor:/opt/ros/jazzy/opt/gz_gui_vendor:/opt/ros/jazzy/opt/gz_transport_vendor:/opt/ros/jazzy/opt/gz_rendering_vendor:/opt/ros/jazzy/opt/gz_plugin_vendor:/opt/ros/jazzy/opt/gz_fuel_tools_vendor:/opt/ros/jazzy/opt/gz_msgs_vendor:/opt/ros/jazzy/opt/gz_common_vendor:/opt/ros/jazzy/opt/gz_math_vendor:/opt/ros/jazzy/opt/gz_utils_vendor:/opt/ros/jazzy/opt/gz_tools_vendor:/opt/ros/jazzy/opt/gz_ogre_next_vendor:/opt/ros/jazzy/opt/gz_dartsim_vendor:/opt/ros/jazzy/opt/gz_cmake_vendor:/opt/ros/jazzy DEBUGINFOD_URLS=https://debuginfod.ubuntu.com LD_LIBRARY_PATH=/home/motya/projects/coex/clover2_ws/src/clover2/install/clover2_aruco_msgs/lib:${LD_LIBRARY_PATH} PYTHONPATH=/home/motya/projects/coex/clover2_ws/src/clover2/install/clover2_aruco_msgs/lib/python3.12/site-packages:${PYTHONPATH} /usr/bin/cmake --build /home/motya/projects/coex/clover2_ws/src/clover2/build/clover2_aruco -- -j16 -l16
[6.949s] Invoking command in '/home/motya/projects/coex/clover2_ws/src/clover2/build/clover2_aruco': AMENT_PREFIX_PATH=/home/motya/projects/coex/clover2_ws/src/clover2/install/clover2_aruco_msgs:${AMENT_PREFIX_PATH} CMAKE_PREFIX_PATH=/home/motya/projects/coex/clover2_ws/src/clover2/install/clover2_aruco_msgs:/opt/ros/jazzy/opt/gz_sim_vendor:/opt/ros/jazzy/opt/gz_sensors_vendor:/opt/ros/jazzy/opt/gz_physics_vendor:/opt/ros/jazzy/opt/sdformat_vendor:/opt/ros/jazzy/opt/gz_gui_vendor:/opt/ros/jazzy/opt/gz_transport_vendor:/opt/ros/jazzy/opt/gz_rendering_vendor:/opt/ros/jazzy/opt/gz_plugin_vendor:/opt/ros/jazzy/opt/gz_fuel_tools_vendor:/opt/ros/jazzy/opt/gz_msgs_vendor:/opt/ros/jazzy/opt/gz_common_vendor:/opt/ros/jazzy/opt/gz_math_vendor:/opt/ros/jazzy/opt/gz_utils_vendor:/opt/ros/jazzy/opt/gz_tools_vendor:/opt/ros/jazzy/opt/gz_ogre_next_vendor:/opt/ros/jazzy/opt/gz_dartsim_vendor:/opt/ros/jazzy/opt/gz_cmake_vendor:/opt/ros/jazzy DEBUGINFOD_URLS=https://debuginfod.ubuntu.com LD_LIBRARY_PATH=/home/motya/projects/coex/clover2_ws/src/clover2/install/clover2_aruco_msgs/lib:${LD_LIBRARY_PATH} PYTHONPATH=/home/motya/projects/coex/clover2_ws/src/clover2/install/clover2_aruco_msgs/lib/python3.12/site-packages:${PYTHONPATH} /usr/bin/cmake --install /home/motya/projects/coex/clover2_ws/src/clover2/build/clover2_aruco
[6.952s] -- Install configuration: ""
[6.952s] -- Execute custom install script
[6.953s] -- Up-to-date symlink: /home/motya/projects/coex/clover2_ws/src/clover2/install/clover2_aruco/include/clover2_aruco/clover2_aruco/detector.hpp
[6.953s] -- Up-to-date symlink: /home/motya/projects/coex/clover2_ws/src/clover2/install/clover2_aruco/lib/clover2_aruco/detector
[6.953s] -- Up-to-date symlink: /home/motya/projects/coex/clover2_ws/src/clover2/install/clover2_aruco/share/clover2_aruco/environment/library_path.sh
[6.953s] -- Up-to-date symlink: /home/motya/projects/coex/clover2_ws/src/clover2/install/clover2_aruco/share/clover2_aruco/environment/library_path.dsv
[6.953s] -- Up-to-date symlink: /home/motya/projects/coex/clover2_ws/src/clover2/install/clover2_aruco/share/ament_index/resource_index/package_run_dependencies/clover2_aruco
[6.953s] -- Up-to-date symlink: /home/motya/projects/coex/clover2_ws/src/clover2/install/clover2_aruco/share/ament_index/resource_index/parent_prefix_path/clover2_aruco
[6.953s] -- Up-to-date symlink: /home/motya/projects/coex/clover2_ws/src/clover2/install/clover2_aruco/share/clover2_aruco/environment/ament_prefix_path.sh
[6.953s] -- Up-to-date symlink: /home/motya/projects/coex/clover2_ws/src/clover2/install/clover2_aruco/share/clover2_aruco/environment/ament_prefix_path.dsv
[6.953s] -- Up-to-date symlink: /home/motya/projects/coex/clover2_ws/src/clover2/install/clover2_aruco/share/clover2_aruco/environment/path.sh
[6.953s] -- Up-to-date symlink: /home/motya/projects/coex/clover2_ws/src/clover2/install/clover2_aruco/share/clover2_aruco/environment/path.dsv
[6.953s] -- Up-to-date symlink: /home/motya/projects/coex/clover2_ws/src/clover2/install/clover2_aruco/share/clover2_aruco/local_setup.bash
[6.953s] -- Up-to-date symlink: /home/motya/projects/coex/clover2_ws/src/clover2/install/clover2_aruco/share/clover2_aruco/local_setup.sh
[6.953s] -- Up-to-date symlink: /home/motya/projects/coex/clover2_ws/src/clover2/install/clover2_aruco/share/clover2_aruco/local_setup.zsh
[6.953s] -- Up-to-date symlink: /home/motya/projects/coex/clover2_ws/src/clover2/install/clover2_aruco/share/clover2_aruco/local_setup.dsv
[6.953s] -- Symlinking: /home/motya/projects/coex/clover2_ws/src/clover2/install/clover2_aruco/share/clover2_aruco/package.dsv
[6.957s] -- Up-to-date symlink: /home/motya/projects/coex/clover2_ws/src/clover2/install/clover2_aruco/share/ament_index/resource_index/packages/clover2_aruco
[6.957s] -- Up-to-date symlink: /home/motya/projects/coex/clover2_ws/src/clover2/install/clover2_aruco/share/ament_index/resource_index/rclcpp_components/clover2_aruco
[6.957s] -- Up-to-date symlink: /home/motya/projects/coex/clover2_ws/src/clover2/install/clover2_aruco/share/clover2_aruco/cmake/ament_cmake_export_dependencies-extras.cmake
[6.957s] -- Up-to-date symlink: /home/motya/projects/coex/clover2_ws/src/clover2/install/clover2_aruco/share/clover2_aruco/cmake/ament_cmake_export_include_directories-extras.cmake
[6.957s] -- Up-to-date symlink: /home/motya/projects/coex/clover2_ws/src/clover2/install/clover2_aruco/share/clover2_aruco/cmake/ament_cmake_export_libraries-extras.cmake
[6.957s] -- Up-to-date symlink: /home/motya/projects/coex/clover2_ws/src/clover2/install/clover2_aruco/share/clover2_aruco/cmake/ament_cmake_export_targets-extras.cmake
[6.957s] -- Up-to-date symlink: /home/motya/projects/coex/clover2_ws/src/clover2/install/clover2_aruco/share/clover2_aruco/cmake/clover2_arucoConfig.cmake
[6.957s] -- Up-to-date symlink: /home/motya/projects/coex/clover2_ws/src/clover2/install/clover2_aruco/share/clover2_aruco/cmake/clover2_arucoConfig-version.cmake
[6.957s] -- Up-to-date symlink: /home/motya/projects/coex/clover2_ws/src/clover2/install/clover2_aruco/share/clover2_aruco/package.xml
[6.957s] -- Installing: /home/motya/projects/coex/clover2_ws/src/clover2/install/clover2_aruco/lib/libclover2_aruco_detector.so
[6.961s] -- Set non-toolchain portion of runtime path of "/home/motya/projects/coex/clover2_ws/src/clover2/install/clover2_aruco/lib/libclover2_aruco_detector.so" to ""
[6.961s] -- Up-to-date: /home/motya/projects/coex/clover2_ws/src/clover2/install/clover2_aruco/share/clover2_aruco/cmake/export_clover2_arucoExport.cmake
[6.961s] -- Up-to-date: /home/motya/projects/coex/clover2_ws/src/clover2/install/clover2_aruco/share/clover2_aruco/cmake/export_clover2_arucoExport-noconfig.cmake
[6.962s] Invoked command in '/home/motya/projects/coex/clover2_ws/src/clover2/build/clover2_aruco' returned '0': AMENT_PREFIX_PATH=/home/motya/projects/coex/clover2_ws/src/clover2/install/clover2_aruco_msgs:${AMENT_PREFIX_PATH} CMAKE_PREFIX_PATH=/home/motya/projects/coex/clover2_ws/src/clover2/install/clover2_aruco_msgs:/opt/ros/jazzy/opt/gz_sim_vendor:/opt/ros/jazzy/opt/gz_sensors_vendor:/opt/ros/jazzy/opt/gz_physics_vendor:/opt/ros/jazzy/opt/sdformat_vendor:/opt/ros/jazzy/opt/gz_gui_vendor:/opt/ros/jazzy/opt/gz_transport_vendor:/opt/ros/jazzy/opt/gz_rendering_vendor:/opt/ros/jazzy/opt/gz_plugin_vendor:/opt/ros/jazzy/opt/gz_fuel_tools_vendor:/opt/ros/jazzy/opt/gz_msgs_vendor:/opt/ros/jazzy/opt/gz_common_vendor:/opt/ros/jazzy/opt/gz_math_vendor:/opt/ros/jazzy/opt/gz_utils_vendor:/opt/ros/jazzy/opt/gz_tools_vendor:/opt/ros/jazzy/opt/gz_ogre_next_vendor:/opt/ros/jazzy/opt/gz_dartsim_vendor:/opt/ros/jazzy/opt/gz_cmake_vendor:/opt/ros/jazzy DEBUGINFOD_URLS=https://debuginfod.ubuntu.com LD_LIBRARY_PATH=/home/motya/projects/coex/clover2_ws/src/clover2/install/clover2_aruco_msgs/lib:${LD_LIBRARY_PATH} PYTHONPATH=/home/motya/projects/coex/clover2_ws/src/clover2/install/clover2_aruco_msgs/lib/python3.12/site-packages:${PYTHONPATH} /usr/bin/cmake --install /home/motya/projects/coex/clover2_ws/src/clover2/build/clover2_aruco
