-- The C compiler identification is GNU 13.3.0
-- The CXX compiler identification is GNU 13.3.0
-- Detecting C compiler ABI info
-- Detecting C compiler ABI info - done
-- Check for working C compiler: /usr/bin/cc - skipped
-- Detecting C compile features
-- Detecting C compile features - done
-- Detecting CXX compiler ABI info
-- Detecting CXX compiler ABI info - done
-- Check for working CXX compiler: /usr/bin/c++ - skipped
-- Detecting CXX compile features
-- Detecting CXX compile features - done
-- Found ament_cmake: 2.5.4 (/opt/ros/jazzy/share/ament_cmake/cmake)
-- Found Python3: /usr/bin/python3 (found version "3.12.3") found components: Interpreter 
-- Override CMake install command with custom implementation using symlinks instead of copying resources
-- Found ament_lint_auto: 0.17.2 (/opt/ros/jazzy/share/ament_lint_auto/cmake)
-- Added test 'lint_cmake' to check CMake code style
-- Added test 'xmllint' to check XML markup files
-- Configuring done (0.3s)
-- Generating done (0.0s)
-- Build files have been written to: /home/motya/projects/coex/clover2_ws/src/clover2/build/clover2_msgs
-- Install configuration: ""
-- Execute custom install script
-- Symlinking: /home/motya/projects/coex/clover2_ws/src/clover2/install/clover2_msgs/share/ament_index/resource_index/package_run_dependencies/clover2_msgs
-- Symlinking: /home/motya/projects/coex/clover2_ws/src/clover2/install/clover2_msgs/share/ament_index/resource_index/parent_prefix_path/clover2_msgs
-- Symlinking: /home/motya/projects/coex/clover2_ws/src/clover2/install/clover2_msgs/share/clover2_msgs/environment/ament_prefix_path.sh
-- Symlinking: /home/motya/projects/coex/clover2_ws/src/clover2/install/clover2_msgs/share/clover2_msgs/environment/ament_prefix_path.dsv
-- Symlinking: /home/motya/projects/coex/clover2_ws/src/clover2/install/clover2_msgs/share/clover2_msgs/environment/path.sh
-- Symlinking: /home/motya/projects/coex/clover2_ws/src/clover2/install/clover2_msgs/share/clover2_msgs/environment/path.dsv
-- Symlinking: /home/motya/projects/coex/clover2_ws/src/clover2/install/clover2_msgs/share/clover2_msgs/local_setup.bash
-- Symlinking: /home/motya/projects/coex/clover2_ws/src/clover2/install/clover2_msgs/share/clover2_msgs/local_setup.sh
-- Symlinking: /home/motya/projects/coex/clover2_ws/src/clover2/install/clover2_msgs/share/clover2_msgs/local_setup.zsh
-- Symlinking: /home/motya/projects/coex/clover2_ws/src/clover2/install/clover2_msgs/share/clover2_msgs/local_setup.dsv
-- Symlinking: /home/motya/projects/coex/clover2_ws/src/clover2/install/clover2_msgs/share/clover2_msgs/package.dsv
-- Symlinking: /home/motya/projects/coex/clover2_ws/src/clover2/install/clover2_msgs/share/ament_index/resource_index/packages/clover2_msgs
-- Symlinking: /home/motya/projects/coex/clover2_ws/src/clover2/install/clover2_msgs/share/clover2_msgs/cmake/clover2_msgsConfig.cmake
-- Symlinking: /home/motya/projects/coex/clover2_ws/src/clover2/install/clover2_msgs/share/clover2_msgs/cmake/clover2_msgsConfig-version.cmake
-- Symlinking: /home/motya/projects/coex/clover2_ws/src/clover2/install/clover2_msgs/share/clover2_msgs/package.xml
