[0.005s] Invoking command in '/home/motya/projects/coex/clover2_ws/src/clover2/build/clover2_msgs': CMAKE_PREFIX_PATH=${CMAKE_PREFIX_PATH}:/opt/ros/jazzy DEBUGINFOD_URLS=https://debuginfod.ubuntu.com /usr/bin/cmake /home/motya/projects/coex/clover2_ws/src/clover2/clover2_msgs -DAMENT_CMAKE_SYMLINK_INSTALL=1 -DCMAKE_INSTALL_PREFIX=/home/motya/projects/coex/clover2_ws/src/clover2/install/clover2_msgs
[0.027s] -- The C compiler identification is GNU 13.3.0
[0.051s] -- The CXX compiler identification is GNU 13.3.0
[0.058s] -- Detecting C compiler ABI info
[0.098s] -- Detecting C compiler ABI info - done
[0.104s] -- Check for working C compiler: /usr/bin/cc - skipped
[0.104s] -- Detecting C compile features
[0.104s] -- Detecting C compile features - done
[0.108s] -- Detecting CXX compiler ABI info
[0.148s] -- Detecting CXX compiler ABI info - done
[0.152s] -- Check for working CXX compiler: /usr/bin/c++ - skipped
[0.152s] -- Detecting CXX compile features
[0.153s] -- Detecting CXX compile features - done
[0.155s] -- Found ament_cmake: 2.5.4 (/opt/ros/jazzy/share/ament_cmake/cmake)
[0.226s] -- Found Python3: /usr/bin/python3 (found version "3.12.3") found components: Interpreter 
[0.264s] -- Override CMake install command with custom implementation using symlinks instead of copying resources
[0.285s] -- Found ament_lint_auto: 0.17.2 (/opt/ros/jazzy/share/ament_lint_auto/cmake)
[0.340s] -- Added test 'lint_cmake' to check CMake code style
[0.341s] -- Added test 'xmllint' to check XML markup files
[0.341s] -- Configuring done (0.3s)
[0.342s] -- Generating done (0.0s)
[0.343s] -- Build files have been written to: /home/motya/projects/coex/clover2_ws/src/clover2/build/clover2_msgs
[0.347s] Invoked command in '/home/motya/projects/coex/clover2_ws/src/clover2/build/clover2_msgs' returned '0': CMAKE_PREFIX_PATH=${CMAKE_PREFIX_PATH}:/opt/ros/jazzy DEBUGINFOD_URLS=https://debuginfod.ubuntu.com /usr/bin/cmake /home/motya/projects/coex/clover2_ws/src/clover2/clover2_msgs -DAMENT_CMAKE_SYMLINK_INSTALL=1 -DCMAKE_INSTALL_PREFIX=/home/motya/projects/coex/clover2_ws/src/clover2/install/clover2_msgs
[0.347s] Invoking command in '/home/motya/projects/coex/clover2_ws/src/clover2/build/clover2_msgs': CMAKE_PREFIX_PATH=${CMAKE_PREFIX_PATH}:/opt/ros/jazzy DEBUGINFOD_URLS=https://debuginfod.ubuntu.com /usr/bin/cmake --build /home/motya/projects/coex/clover2_ws/src/clover2/build/clover2_msgs -- -j16 -l16
[0.362s] Invoked command in '/home/motya/projects/coex/clover2_ws/src/clover2/build/clover2_msgs' returned '0': CMAKE_PREFIX_PATH=${CMAKE_PREFIX_PATH}:/opt/ros/jazzy DEBUGINFOD_URLS=https://debuginfod.ubuntu.com /usr/bin/cmake --build /home/motya/projects/coex/clover2_ws/src/clover2/build/clover2_msgs -- -j16 -l16
[0.366s] Invoking command in '/home/motya/projects/coex/clover2_ws/src/clover2/build/clover2_msgs': CMAKE_PREFIX_PATH=${CMAKE_PREFIX_PATH}:/opt/ros/jazzy DEBUGINFOD_URLS=https://debuginfod.ubuntu.com /usr/bin/cmake --install /home/motya/projects/coex/clover2_ws/src/clover2/build/clover2_msgs
[0.369s] -- Install configuration: ""
[0.369s] -- Execute custom install script
[0.369s] -- Symlinking: /home/motya/projects/coex/clover2_ws/src/clover2/install/clover2_msgs/share/ament_index/resource_index/package_run_dependencies/clover2_msgs
[0.373s] -- Symlinking: /home/motya/projects/coex/clover2_ws/src/clover2/install/clover2_msgs/share/ament_index/resource_index/parent_prefix_path/clover2_msgs
[0.376s] -- Symlinking: /home/motya/projects/coex/clover2_ws/src/clover2/install/clover2_msgs/share/clover2_msgs/environment/ament_prefix_path.sh
[0.379s] -- Symlinking: /home/motya/projects/coex/clover2_ws/src/clover2/install/clover2_msgs/share/clover2_msgs/environment/ament_prefix_path.dsv
[0.383s] -- Symlinking: /home/motya/projects/coex/clover2_ws/src/clover2/install/clover2_msgs/share/clover2_msgs/environment/path.sh
[0.387s] -- Symlinking: /home/motya/projects/coex/clover2_ws/src/clover2/install/clover2_msgs/share/clover2_msgs/environment/path.dsv
[0.391s] -- Symlinking: /home/motya/projects/coex/clover2_ws/src/clover2/install/clover2_msgs/share/clover2_msgs/local_setup.bash
[0.395s] -- Symlinking: /home/motya/projects/coex/clover2_ws/src/clover2/install/clover2_msgs/share/clover2_msgs/local_setup.sh
[0.398s] -- Symlinking: /home/motya/projects/coex/clover2_ws/src/clover2/install/clover2_msgs/share/clover2_msgs/local_setup.zsh
[0.402s] -- Symlinking: /home/motya/projects/coex/clover2_ws/src/clover2/install/clover2_msgs/share/clover2_msgs/local_setup.dsv
[0.406s] -- Symlinking: /home/motya/projects/coex/clover2_ws/src/clover2/install/clover2_msgs/share/clover2_msgs/package.dsv
[0.410s] -- Symlinking: /home/motya/projects/coex/clover2_ws/src/clover2/install/clover2_msgs/share/ament_index/resource_index/packages/clover2_msgs
[0.414s] -- Symlinking: /home/motya/projects/coex/clover2_ws/src/clover2/install/clover2_msgs/share/clover2_msgs/cmake/clover2_msgsConfig.cmake
[0.417s] -- Symlinking: /home/motya/projects/coex/clover2_ws/src/clover2/install/clover2_msgs/share/clover2_msgs/cmake/clover2_msgsConfig-version.cmake
[0.420s] -- Symlinking: /home/motya/projects/coex/clover2_ws/src/clover2/install/clover2_msgs/share/clover2_msgs/package.xml
[0.425s] Invoked command in '/home/motya/projects/coex/clover2_ws/src/clover2/build/clover2_msgs' returned '0': CMAKE_PREFIX_PATH=${CMAKE_PREFIX_PATH}:/opt/ros/jazzy DEBUGINFOD_URLS=https://debuginfod.ubuntu.com /usr/bin/cmake --install /home/motya/projects/coex/clover2_ws/src/clover2/build/clover2_msgs
