[0.005s] Invoking command in '/home/motya/projects/coex/clover2_ws/src/clover2/build/clover2': CMAKE_PREFIX_PATH=${CMAKE_PREFIX_PATH}:/opt/ros/jazzy DEBUGINFOD_URLS=https://debuginfod.ubuntu.com /usr/bin/cmake /home/motya/projects/coex/clover2_ws/src/clover2/clover2 -DAMENT_CMAKE_SYMLINK_INSTALL=1 -DCMAKE_INSTALL_PREFIX=/home/motya/projects/coex/clover2_ws/src/clover2/install/clover2
[0.029s] -- The C compiler identification is GNU 13.3.0
[0.053s] -- The CXX compiler identification is GNU 13.3.0
[0.059s] -- Detecting C compiler ABI info
[0.099s] -- Detecting C compiler ABI info - done
[0.103s] -- Check for working C compiler: /usr/bin/cc - skipped
[0.103s] -- Detecting C compile features
[0.104s] -- Detecting C compile features - done
[0.107s] -- Detecting CXX compiler ABI info
[0.149s] -- Detecting CXX compiler ABI info - done
[0.155s] -- Check for working CXX compiler: /usr/bin/c++ - skipped
[0.155s] -- Detecting CXX compile features
[0.155s] -- Detecting CXX compile features - done
[0.157s] -- Found ament_cmake: 2.5.4 (/opt/ros/jazzy/share/ament_cmake/cmake)
[0.227s] -- Found Python3: /usr/bin/python3 (found version "3.12.3") found components: Interpreter 
[0.265s] -- Override CMake install command with custom implementation using symlinks instead of copying resources
[0.287s] -- Found ament_lint_auto: 0.17.2 (/opt/ros/jazzy/share/ament_lint_auto/cmake)
[0.341s] -- Added test 'lint_cmake' to check CMake code style
[0.342s] -- Added test 'xmllint' to check XML markup files
[0.343s] -- Configuring done (0.3s)
[0.344s] -- Generating done (0.0s)
[0.344s] -- Build files have been written to: /home/motya/projects/coex/clover2_ws/src/clover2/build/clover2
[0.347s] Invoked command in '/home/motya/projects/coex/clover2_ws/src/clover2/build/clover2' returned '0': CMAKE_PREFIX_PATH=${CMAKE_PREFIX_PATH}:/opt/ros/jazzy DEBUGINFOD_URLS=https://debuginfod.ubuntu.com /usr/bin/cmake /home/motya/projects/coex/clover2_ws/src/clover2/clover2 -DAMENT_CMAKE_SYMLINK_INSTALL=1 -DCMAKE_INSTALL_PREFIX=/home/motya/projects/coex/clover2_ws/src/clover2/install/clover2
[0.348s] Invoking command in '/home/motya/projects/coex/clover2_ws/src/clover2/build/clover2': CMAKE_PREFIX_PATH=${CMAKE_PREFIX_PATH}:/opt/ros/jazzy DEBUGINFOD_URLS=https://debuginfod.ubuntu.com /usr/bin/cmake --build /home/motya/projects/coex/clover2_ws/src/clover2/build/clover2 -- -j16 -l16
[0.367s] Invoked command in '/home/motya/projects/coex/clover2_ws/src/clover2/build/clover2' returned '0': CMAKE_PREFIX_PATH=${CMAKE_PREFIX_PATH}:/opt/ros/jazzy DEBUGINFOD_URLS=https://debuginfod.ubuntu.com /usr/bin/cmake --build /home/motya/projects/coex/clover2_ws/src/clover2/build/clover2 -- -j16 -l16
[0.368s] Invoking command in '/home/motya/projects/coex/clover2_ws/src/clover2/build/clover2': CMAKE_PREFIX_PATH=${CMAKE_PREFIX_PATH}:/opt/ros/jazzy DEBUGINFOD_URLS=https://debuginfod.ubuntu.com /usr/bin/cmake --install /home/motya/projects/coex/clover2_ws/src/clover2/build/clover2
[0.371s] -- Install configuration: ""
[0.371s] -- Execute custom install script
[0.371s] -- Symlinking: /home/motya/projects/coex/clover2_ws/src/clover2/install/clover2/share/ament_index/resource_index/package_run_dependencies/clover2
[0.374s] -- Symlinking: /home/motya/projects/coex/clover2_ws/src/clover2/install/clover2/share/ament_index/resource_index/parent_prefix_path/clover2
[0.378s] -- Symlinking: /home/motya/projects/coex/clover2_ws/src/clover2/install/clover2/share/clover2/environment/ament_prefix_path.sh
[0.381s] -- Symlinking: /home/motya/projects/coex/clover2_ws/src/clover2/install/clover2/share/clover2/environment/ament_prefix_path.dsv
[0.384s] -- Symlinking: /home/motya/projects/coex/clover2_ws/src/clover2/install/clover2/share/clover2/environment/path.sh
[0.389s] -- Symlinking: /home/motya/projects/coex/clover2_ws/src/clover2/install/clover2/share/clover2/environment/path.dsv
[0.392s] -- Symlinking: /home/motya/projects/coex/clover2_ws/src/clover2/install/clover2/share/clover2/local_setup.bash
[0.396s] -- Symlinking: /home/motya/projects/coex/clover2_ws/src/clover2/install/clover2/share/clover2/local_setup.sh
[0.399s] -- Symlinking: /home/motya/projects/coex/clover2_ws/src/clover2/install/clover2/share/clover2/local_setup.zsh
[0.403s] -- Symlinking: /home/motya/projects/coex/clover2_ws/src/clover2/install/clover2/share/clover2/local_setup.dsv
[0.407s] -- Symlinking: /home/motya/projects/coex/clover2_ws/src/clover2/install/clover2/share/clover2/package.dsv
[0.411s] -- Symlinking: /home/motya/projects/coex/clover2_ws/src/clover2/install/clover2/share/ament_index/resource_index/packages/clover2
[0.415s] -- Symlinking: /home/motya/projects/coex/clover2_ws/src/clover2/install/clover2/share/clover2/cmake/clover2Config.cmake
[0.418s] -- Symlinking: /home/motya/projects/coex/clover2_ws/src/clover2/install/clover2/share/clover2/cmake/clover2Config-version.cmake
[0.422s] -- Symlinking: /home/motya/projects/coex/clover2_ws/src/clover2/install/clover2/share/clover2/package.xml
[0.434s] Invoked command in '/home/motya/projects/coex/clover2_ws/src/clover2/build/clover2' returned '0': CMAKE_PREFIX_PATH=${CMAKE_PREFIX_PATH}:/opt/ros/jazzy DEBUGINFOD_URLS=https://debuginfod.ubuntu.com /usr/bin/cmake --install /home/motya/projects/coex/clover2_ws/src/clover2/build/clover2
