[0.042s] DEBUG:colcon:Command line arguments: ['/usr/bin/colcon', 'build', '--symlink-install']
[0.042s] DEBUG:colcon:Parsed command line arguments: Namespace(log_base=None, log_level=None, verb_name='build', build_base='build', install_base='install', merge_install=False, symlink_install=True, test_result_base=None, continue_on_error=False, executor='parallel', parallel_workers=16, event_handlers=None, ignore_user_meta=False, metas=['./colcon.meta'], base_paths=['.'], packages_ignore=None, packages_ignore_regex=None, paths=None, packages_up_to=None, packages_up_to_regex=None, packages_above=None, packages_above_and_dependencies=None, packages_above_depth=None, packages_select_by_dep=None, packages_skip_by_dep=None, packages_skip_up_to=None, packages_select_build_failed=False, packages_skip_build_finished=False, packages_select_test_failures=False, packages_skip_test_passed=False, packages_select=None, packages_skip=None, packages_select_regex=None, packages_skip_regex=None, packages_start=None, packages_end=None, allow_overriding=[], cmake_args=None, cmake_target=None, cmake_target_skip_unavailable=False, cmake_clean_cache=False, cmake_clean_first=False, cmake_force_configure=False, ament_cmake_args=None, catkin_cmake_args=None, catkin_skip_building_tests=False, mixin_files=None, mixin=None, verb_parser=<colcon_mixin.mixin.mixin_argument.MixinArgumentDecorator object at 0x74c0132a6600>, verb_extension=<colcon_core.verb.build.BuildVerb object at 0x74c0132a63c0>, main=<bound method BuildVerb.main of <colcon_core.verb.build.BuildVerb object at 0x74c0132a63c0>>, mixin_verb=('build',))
[0.058s] Level 1:colcon.colcon_core.package_discovery:discover_packages(colcon_meta) check parameters
[0.058s] Level 1:colcon.colcon_core.package_discovery:discover_packages(recursive) check parameters
[0.058s] Level 1:colcon.colcon_core.package_discovery:discover_packages(ignore) check parameters
[0.058s] Level 1:colcon.colcon_core.package_discovery:discover_packages(path) check parameters
[0.058s] Level 1:colcon.colcon_core.package_discovery:discover_packages(colcon_meta) discover
[0.058s] Level 1:colcon.colcon_core.package_discovery:discover_packages(recursive) discover
[0.058s] INFO:colcon.colcon_core.package_discovery:Crawling recursively for packages in '/home/motya/projects/coex/clover2_ws/src/clover2'
[0.058s] Level 1:colcon.colcon_core.package_identification:_identify(.) by extensions ['ignore', 'ignore_ament_install']
[0.058s] Level 1:colcon.colcon_core.package_identification:_identify(.) by extension 'ignore'
[0.058s] Level 1:colcon.colcon_core.package_identification:_identify(.) by extension 'ignore_ament_install'
[0.058s] Level 1:colcon.colcon_core.package_identification:_identify(.) by extensions ['colcon_pkg']
[0.058s] Level 1:colcon.colcon_core.package_identification:_identify(.) by extension 'colcon_pkg'
[0.058s] Level 1:colcon.colcon_core.package_identification:_identify(.) by extensions ['colcon_meta']
[0.058s] Level 1:colcon.colcon_core.package_identification:_identify(.) by extension 'colcon_meta'
[0.058s] Level 1:colcon.colcon_core.package_identification:_identify(.) by extensions ['ros']
[0.058s] Level 1:colcon.colcon_core.package_identification:_identify(.) by extension 'ros'
[0.069s] Level 1:colcon.colcon_core.package_identification:_identify(.) by extensions ['cmake', 'python']
[0.069s] Level 1:colcon.colcon_core.package_identification:_identify(.) by extension 'cmake'
[0.069s] Level 1:colcon.colcon_core.package_identification:_identify(.) by extension 'python'
[0.069s] Level 1:colcon.colcon_core.package_identification:_identify(.) by extensions ['python_setup_py']
[0.069s] Level 1:colcon.colcon_core.package_identification:_identify(.) by extension 'python_setup_py'
[0.069s] Level 1:colcon.colcon_core.package_identification:_identify(build) by extensions ['ignore', 'ignore_ament_install']
[0.069s] Level 1:colcon.colcon_core.package_identification:_identify(build) by extension 'ignore'
[0.069s] Level 1:colcon.colcon_core.package_identification:_identify(build) ignored
[0.069s] Level 1:colcon.colcon_core.package_identification:_identify(clover2) by extensions ['ignore', 'ignore_ament_install']
[0.070s] Level 1:colcon.colcon_core.package_identification:_identify(clover2) by extension 'ignore'
[0.070s] Level 1:colcon.colcon_core.package_identification:_identify(clover2) by extension 'ignore_ament_install'
[0.070s] Level 1:colcon.colcon_core.package_identification:_identify(clover2) by extensions ['colcon_pkg']
[0.070s] Level 1:colcon.colcon_core.package_identification:_identify(clover2) by extension 'colcon_pkg'
[0.070s] Level 1:colcon.colcon_core.package_identification:_identify(clover2) by extensions ['colcon_meta']
[0.070s] Level 1:colcon.colcon_core.package_identification:_identify(clover2) by extension 'colcon_meta'
[0.070s] Level 1:colcon.colcon_core.package_identification:_identify(clover2) by extensions ['ros']
[0.070s] Level 1:colcon.colcon_core.package_identification:_identify(clover2) by extension 'ros'
[0.071s] DEBUG:colcon.colcon_core.package_identification:Package 'clover2' with type 'ros.ament_cmake' and name 'clover2'
[0.071s] Level 1:colcon.colcon_core.package_identification:_identify(clover2_aruco) by extensions ['ignore', 'ignore_ament_install']
[0.071s] Level 1:colcon.colcon_core.package_identification:_identify(clover2_aruco) by extension 'ignore'
[0.071s] Level 1:colcon.colcon_core.package_identification:_identify(clover2_aruco) by extension 'ignore_ament_install'
[0.071s] Level 1:colcon.colcon_core.package_identification:_identify(clover2_aruco) by extensions ['colcon_pkg']
[0.071s] Level 1:colcon.colcon_core.package_identification:_identify(clover2_aruco) by extension 'colcon_pkg'
[0.071s] Level 1:colcon.colcon_core.package_identification:_identify(clover2_aruco) by extensions ['colcon_meta']
[0.071s] Level 1:colcon.colcon_core.package_identification:_identify(clover2_aruco) by extension 'colcon_meta'
[0.071s] Level 1:colcon.colcon_core.package_identification:_identify(clover2_aruco) by extensions ['ros']
[0.071s] Level 1:colcon.colcon_core.package_identification:_identify(clover2_aruco) by extension 'ros'
[0.071s] Level 1:colcon.colcon_core.package_identification:_identify(clover2_aruco) by extensions ['cmake', 'python']
[0.071s] Level 1:colcon.colcon_core.package_identification:_identify(clover2_aruco) by extension 'cmake'
[0.071s] Level 1:colcon.colcon_core.package_identification:_identify(clover2_aruco) by extension 'python'
[0.071s] Level 1:colcon.colcon_core.package_identification:_identify(clover2_aruco) by extensions ['python_setup_py']
[0.071s] Level 1:colcon.colcon_core.package_identification:_identify(clover2_aruco) by extension 'python_setup_py'
[0.071s] Level 1:colcon.colcon_core.package_identification:_identify(clover2_aruco/clover2_aruco) by extensions ['ignore', 'ignore_ament_install']
[0.071s] Level 1:colcon.colcon_core.package_identification:_identify(clover2_aruco/clover2_aruco) by extension 'ignore'
[0.071s] Level 1:colcon.colcon_core.package_identification:_identify(clover2_aruco/clover2_aruco) by extension 'ignore_ament_install'
[0.071s] Level 1:colcon.colcon_core.package_identification:_identify(clover2_aruco/clover2_aruco) by extensions ['colcon_pkg']
[0.071s] Level 1:colcon.colcon_core.package_identification:_identify(clover2_aruco/clover2_aruco) by extension 'colcon_pkg'
[0.071s] Level 1:colcon.colcon_core.package_identification:_identify(clover2_aruco/clover2_aruco) by extensions ['colcon_meta']
[0.071s] Level 1:colcon.colcon_core.package_identification:_identify(clover2_aruco/clover2_aruco) by extension 'colcon_meta'
[0.071s] Level 1:colcon.colcon_core.package_identification:_identify(clover2_aruco/clover2_aruco) by extensions ['ros']
[0.071s] Level 1:colcon.colcon_core.package_identification:_identify(clover2_aruco/clover2_aruco) by extension 'ros'
[0.072s] DEBUG:colcon.colcon_core.package_identification:Package 'clover2_aruco/clover2_aruco' with type 'ros.ament_cmake' and name 'clover2_aruco'
[0.072s] Level 1:colcon.colcon_core.package_identification:_identify(clover2_aruco/clover2_aruco_msgs) by extensions ['ignore', 'ignore_ament_install']
[0.072s] Level 1:colcon.colcon_core.package_identification:_identify(clover2_aruco/clover2_aruco_msgs) by extension 'ignore'
[0.072s] Level 1:colcon.colcon_core.package_identification:_identify(clover2_aruco/clover2_aruco_msgs) by extension 'ignore_ament_install'
[0.072s] Level 1:colcon.colcon_core.package_identification:_identify(clover2_aruco/clover2_aruco_msgs) by extensions ['colcon_pkg']
[0.072s] Level 1:colcon.colcon_core.package_identification:_identify(clover2_aruco/clover2_aruco_msgs) by extension 'colcon_pkg'
[0.072s] Level 1:colcon.colcon_core.package_identification:_identify(clover2_aruco/clover2_aruco_msgs) by extensions ['colcon_meta']
[0.072s] Level 1:colcon.colcon_core.package_identification:_identify(clover2_aruco/clover2_aruco_msgs) by extension 'colcon_meta'
[0.072s] Level 1:colcon.colcon_core.package_identification:_identify(clover2_aruco/clover2_aruco_msgs) by extensions ['ros']
[0.072s] Level 1:colcon.colcon_core.package_identification:_identify(clover2_aruco/clover2_aruco_msgs) by extension 'ros'
[0.072s] DEBUG:colcon.colcon_core.package_identification:Package 'clover2_aruco/clover2_aruco_msgs' with type 'ros.ament_cmake' and name 'clover2_aruco_msgs'
[0.072s] Level 1:colcon.colcon_core.package_identification:_identify(clover2_msgs) by extensions ['ignore', 'ignore_ament_install']
[0.072s] Level 1:colcon.colcon_core.package_identification:_identify(clover2_msgs) by extension 'ignore'
[0.072s] Level 1:colcon.colcon_core.package_identification:_identify(clover2_msgs) by extension 'ignore_ament_install'
[0.072s] Level 1:colcon.colcon_core.package_identification:_identify(clover2_msgs) by extensions ['colcon_pkg']
[0.072s] Level 1:colcon.colcon_core.package_identification:_identify(clover2_msgs) by extension 'colcon_pkg'
[0.072s] Level 1:colcon.colcon_core.package_identification:_identify(clover2_msgs) by extensions ['colcon_meta']
[0.072s] Level 1:colcon.colcon_core.package_identification:_identify(clover2_msgs) by extension 'colcon_meta'
[0.072s] Level 1:colcon.colcon_core.package_identification:_identify(clover2_msgs) by extensions ['ros']
[0.072s] Level 1:colcon.colcon_core.package_identification:_identify(clover2_msgs) by extension 'ros'
[0.072s] DEBUG:colcon.colcon_core.package_identification:Package 'clover2_msgs' with type 'ros.ament_cmake' and name 'clover2_msgs'
[0.072s] Level 1:colcon.colcon_core.package_identification:_identify(install) by extensions ['ignore', 'ignore_ament_install']
[0.072s] Level 1:colcon.colcon_core.package_identification:_identify(install) by extension 'ignore'
[0.072s] Level 1:colcon.colcon_core.package_identification:_identify(install) ignored
[0.072s] Level 1:colcon.colcon_core.package_identification:_identify(log) by extensions ['ignore', 'ignore_ament_install']
[0.072s] Level 1:colcon.colcon_core.package_identification:_identify(log) by extension 'ignore'
[0.072s] Level 1:colcon.colcon_core.package_identification:_identify(log) ignored
[0.072s] Level 1:colcon.colcon_core.package_discovery:discover_packages(recursive) using defaults
[0.072s] Level 1:colcon.colcon_core.package_discovery:discover_packages(ignore) discover
[0.072s] Level 1:colcon.colcon_core.package_discovery:discover_packages(ignore) using defaults
[0.072s] Level 1:colcon.colcon_core.package_discovery:discover_packages(path) discover
[0.072s] Level 1:colcon.colcon_core.package_discovery:discover_packages(path) using defaults
[0.080s] Level 1:colcon.colcon_core.package_discovery:discover_packages(prefix_path) check parameters
[0.080s] Level 1:colcon.colcon_core.package_discovery:discover_packages(prefix_path) discover
[0.081s] DEBUG:colcon.colcon_installed_package_information.package_discovery:Found 402 installed packages in /opt/ros/jazzy
[0.082s] Level 1:colcon.colcon_core.package_discovery:discover_packages(prefix_path) using defaults
[0.100s] Level 5:colcon.colcon_core.verb:set package 'clover2' build argument 'cmake_args' from command line to 'None'
[0.100s] Level 5:colcon.colcon_core.verb:set package 'clover2' build argument 'cmake_target' from command line to 'None'
[0.100s] Level 5:colcon.colcon_core.verb:set package 'clover2' build argument 'cmake_target_skip_unavailable' from command line to 'False'
[0.100s] Level 5:colcon.colcon_core.verb:set package 'clover2' build argument 'cmake_clean_cache' from command line to 'False'
[0.100s] Level 5:colcon.colcon_core.verb:set package 'clover2' build argument 'cmake_clean_first' from command line to 'False'
[0.100s] Level 5:colcon.colcon_core.verb:set package 'clover2' build argument 'cmake_force_configure' from command line to 'False'
[0.100s] Level 5:colcon.colcon_core.verb:set package 'clover2' build argument 'ament_cmake_args' from command line to 'None'
[0.100s] Level 5:colcon.colcon_core.verb:set package 'clover2' build argument 'catkin_cmake_args' from command line to 'None'
[0.100s] Level 5:colcon.colcon_core.verb:set package 'clover2' build argument 'catkin_skip_building_tests' from command line to 'False'
[0.100s] DEBUG:colcon.colcon_core.verb:Building package 'clover2' with the following arguments: {'ament_cmake_args': None, 'build_base': '/home/motya/projects/coex/clover2_ws/src/clover2/build/clover2', 'catkin_cmake_args': None, 'catkin_skip_building_tests': False, 'cmake_args': None, 'cmake_clean_cache': False, 'cmake_clean_first': False, 'cmake_force_configure': False, 'cmake_target': None, 'cmake_target_skip_unavailable': False, 'install_base': '/home/motya/projects/coex/clover2_ws/src/clover2/install/clover2', 'merge_install': False, 'path': '/home/motya/projects/coex/clover2_ws/src/clover2/clover2', 'symlink_install': True, 'test_result_base': None}
[0.101s] Level 5:colcon.colcon_core.verb:set package 'clover2_aruco_msgs' build argument 'cmake_args' from command line to 'None'
[0.101s] Level 5:colcon.colcon_core.verb:set package 'clover2_aruco_msgs' build argument 'cmake_target' from command line to 'None'
[0.101s] Level 5:colcon.colcon_core.verb:set package 'clover2_aruco_msgs' build argument 'cmake_target_skip_unavailable' from command line to 'False'
[0.101s] Level 5:colcon.colcon_core.verb:set package 'clover2_aruco_msgs' build argument 'cmake_clean_cache' from command line to 'False'
[0.101s] Level 5:colcon.colcon_core.verb:set package 'clover2_aruco_msgs' build argument 'cmake_clean_first' from command line to 'False'
[0.101s] Level 5:colcon.colcon_core.verb:set package 'clover2_aruco_msgs' build argument 'cmake_force_configure' from command line to 'False'
[0.101s] Level 5:colcon.colcon_core.verb:set package 'clover2_aruco_msgs' build argument 'ament_cmake_args' from command line to 'None'
[0.101s] Level 5:colcon.colcon_core.verb:set package 'clover2_aruco_msgs' build argument 'catkin_cmake_args' from command line to 'None'
[0.101s] Level 5:colcon.colcon_core.verb:set package 'clover2_aruco_msgs' build argument 'catkin_skip_building_tests' from command line to 'False'
[0.101s] DEBUG:colcon.colcon_core.verb:Building package 'clover2_aruco_msgs' with the following arguments: {'ament_cmake_args': None, 'build_base': '/home/motya/projects/coex/clover2_ws/src/clover2/build/clover2_aruco_msgs', 'catkin_cmake_args': None, 'catkin_skip_building_tests': False, 'cmake_args': None, 'cmake_clean_cache': False, 'cmake_clean_first': False, 'cmake_force_configure': False, 'cmake_target': None, 'cmake_target_skip_unavailable': False, 'install_base': '/home/motya/projects/coex/clover2_ws/src/clover2/install/clover2_aruco_msgs', 'merge_install': False, 'path': '/home/motya/projects/coex/clover2_ws/src/clover2/clover2_aruco/clover2_aruco_msgs', 'symlink_install': True, 'test_result_base': None}
[0.101s] Level 5:colcon.colcon_core.verb:set package 'clover2_msgs' build argument 'cmake_args' from command line to 'None'
[0.101s] Level 5:colcon.colcon_core.verb:set package 'clover2_msgs' build argument 'cmake_target' from command line to 'None'
[0.101s] Level 5:colcon.colcon_core.verb:set package 'clover2_msgs' build argument 'cmake_target_skip_unavailable' from command line to 'False'
[0.101s] Level 5:colcon.colcon_core.verb:set package 'clover2_msgs' build argument 'cmake_clean_cache' from command line to 'False'
[0.101s] Level 5:colcon.colcon_core.verb:set package 'clover2_msgs' build argument 'cmake_clean_first' from command line to 'False'
[0.101s] Level 5:colcon.colcon_core.verb:set package 'clover2_msgs' build argument 'cmake_force_configure' from command line to 'False'
[0.101s] Level 5:colcon.colcon_core.verb:set package 'clover2_msgs' build argument 'ament_cmake_args' from command line to 'None'
[0.101s] Level 5:colcon.colcon_core.verb:set package 'clover2_msgs' build argument 'catkin_cmake_args' from command line to 'None'
[0.101s] Level 5:colcon.colcon_core.verb:set package 'clover2_msgs' build argument 'catkin_skip_building_tests' from command line to 'False'
[0.101s] DEBUG:colcon.colcon_core.verb:Building package 'clover2_msgs' with the following arguments: {'ament_cmake_args': None, 'build_base': '/home/motya/projects/coex/clover2_ws/src/clover2/build/clover2_msgs', 'catkin_cmake_args': None, 'catkin_skip_building_tests': False, 'cmake_args': None, 'cmake_clean_cache': False, 'cmake_clean_first': False, 'cmake_force_configure': False, 'cmake_target': None, 'cmake_target_skip_unavailable': False, 'install_base': '/home/motya/projects/coex/clover2_ws/src/clover2/install/clover2_msgs', 'merge_install': False, 'path': '/home/motya/projects/coex/clover2_ws/src/clover2/clover2_msgs', 'symlink_install': True, 'test_result_base': None}
[0.101s] Level 5:colcon.colcon_core.verb:set package 'clover2_aruco' build argument 'cmake_args' from command line to 'None'
[0.101s] Level 5:colcon.colcon_core.verb:set package 'clover2_aruco' build argument 'cmake_target' from command line to 'None'
[0.101s] Level 5:colcon.colcon_core.verb:set package 'clover2_aruco' build argument 'cmake_target_skip_unavailable' from command line to 'False'
[0.101s] Level 5:colcon.colcon_core.verb:set package 'clover2_aruco' build argument 'cmake_clean_cache' from command line to 'False'
[0.101s] Level 5:colcon.colcon_core.verb:set package 'clover2_aruco' build argument 'cmake_clean_first' from command line to 'False'
[0.101s] Level 5:colcon.colcon_core.verb:set package 'clover2_aruco' build argument 'cmake_force_configure' from command line to 'False'
[0.101s] Level 5:colcon.colcon_core.verb:set package 'clover2_aruco' build argument 'ament_cmake_args' from command line to 'None'
[0.101s] Level 5:colcon.colcon_core.verb:set package 'clover2_aruco' build argument 'catkin_cmake_args' from command line to 'None'
[0.101s] Level 5:colcon.colcon_core.verb:set package 'clover2_aruco' build argument 'catkin_skip_building_tests' from command line to 'False'
[0.101s] DEBUG:colcon.colcon_core.verb:Building package 'clover2_aruco' with the following arguments: {'ament_cmake_args': None, 'build_base': '/home/motya/projects/coex/clover2_ws/src/clover2/build/clover2_aruco', 'catkin_cmake_args': None, 'catkin_skip_building_tests': False, 'cmake_args': None, 'cmake_clean_cache': False, 'cmake_clean_first': False, 'cmake_force_configure': False, 'cmake_target': None, 'cmake_target_skip_unavailable': False, 'install_base': '/home/motya/projects/coex/clover2_ws/src/clover2/install/clover2_aruco', 'merge_install': False, 'path': '/home/motya/projects/coex/clover2_ws/src/clover2/clover2_aruco/clover2_aruco', 'symlink_install': True, 'test_result_base': None}
[0.101s] INFO:colcon.colcon_core.executor:Executing jobs using 'parallel' executor
[0.102s] DEBUG:colcon.colcon_parallel_executor.executor.parallel:run_until_complete
[0.102s] INFO:colcon.colcon_ros.task.ament_cmake.build:Building ROS package in '/home/motya/projects/coex/clover2_ws/src/clover2/clover2_aruco/clover2_aruco_msgs' with build type 'ament_cmake'
[0.102s] INFO:colcon.colcon_cmake.task.cmake.build:Building CMake package in '/home/motya/projects/coex/clover2_ws/src/clover2/clover2_aruco/clover2_aruco_msgs'
[0.102s] INFO:colcon.colcon_core.plugin_system:Skipping extension 'colcon_core.shell.bat': Not used on non-Windows systems
[0.102s] INFO:colcon.colcon_core.shell:Skip shell extension 'powershell' for command environment: Not usable outside of PowerShell
[0.103s] DEBUG:colcon.colcon_core.shell:Skip shell extension 'dsv' for command environment
[0.104s] INFO:colcon.colcon_ros.task.ament_cmake.build:Building ROS package in '/home/motya/projects/coex/clover2_ws/src/clover2/clover2' with build type 'ament_cmake'
[0.104s] INFO:colcon.colcon_cmake.task.cmake.build:Building CMake package in '/home/motya/projects/coex/clover2_ws/src/clover2/clover2'
[0.104s] INFO:colcon.colcon_core.shell:Skip shell extension 'powershell' for command environment: Not usable outside of PowerShell
[0.104s] DEBUG:colcon.colcon_core.shell:Skip shell extension 'dsv' for command environment
[0.105s] INFO:colcon.colcon_ros.task.ament_cmake.build:Building ROS package in '/home/motya/projects/coex/clover2_ws/src/clover2/clover2_msgs' with build type 'ament_cmake'
[0.105s] INFO:colcon.colcon_cmake.task.cmake.build:Building CMake package in '/home/motya/projects/coex/clover2_ws/src/clover2/clover2_msgs'
[0.106s] INFO:colcon.colcon_core.shell:Skip shell extension 'powershell' for command environment: Not usable outside of PowerShell
[0.106s] DEBUG:colcon.colcon_core.shell:Skip shell extension 'dsv' for command environment
[0.109s] DEBUG:colcon.colcon_core.event_handler.log_command:Invoking command in '/home/motya/projects/coex/clover2_ws/src/clover2/build/clover2_aruco_msgs': CMAKE_PREFIX_PATH=${CMAKE_PREFIX_PATH}:/opt/ros/jazzy DEBUGINFOD_URLS=https://debuginfod.ubuntu.com /usr/bin/cmake --build /home/motya/projects/coex/clover2_ws/src/clover2/build/clover2_aruco_msgs -- -j16 -l16
[0.110s] DEBUG:colcon.colcon_core.event_handler.log_command:Invoking command in '/home/motya/projects/coex/clover2_ws/src/clover2/build/clover2': CMAKE_PREFIX_PATH=${CMAKE_PREFIX_PATH}:/opt/ros/jazzy DEBUGINFOD_URLS=https://debuginfod.ubuntu.com /usr/bin/cmake --build /home/motya/projects/coex/clover2_ws/src/clover2/build/clover2 -- -j16 -l16
[0.111s] DEBUG:colcon.colcon_core.event_handler.log_command:Invoking command in '/home/motya/projects/coex/clover2_ws/src/clover2/build/clover2_msgs': CMAKE_PREFIX_PATH=${CMAKE_PREFIX_PATH}:/opt/ros/jazzy DEBUGINFOD_URLS=https://debuginfod.ubuntu.com /usr/bin/cmake --build /home/motya/projects/coex/clover2_ws/src/clover2/build/clover2_msgs -- -j16 -l16
[0.126s] DEBUG:colcon.colcon_core.event_handler.log_command:Invoked command in '/home/motya/projects/coex/clover2_ws/src/clover2/build/clover2' returned '0': CMAKE_PREFIX_PATH=${CMAKE_PREFIX_PATH}:/opt/ros/jazzy DEBUGINFOD_URLS=https://debuginfod.ubuntu.com /usr/bin/cmake --build /home/motya/projects/coex/clover2_ws/src/clover2/build/clover2 -- -j16 -l16
[0.130s] DEBUG:colcon.colcon_core.event_handler.log_command:Invoking command in '/home/motya/projects/coex/clover2_ws/src/clover2/build/clover2': CMAKE_PREFIX_PATH=${CMAKE_PREFIX_PATH}:/opt/ros/jazzy DEBUGINFOD_URLS=https://debuginfod.ubuntu.com /usr/bin/cmake --install /home/motya/projects/coex/clover2_ws/src/clover2/build/clover2
[0.131s] DEBUG:colcon.colcon_core.event_handler.log_command:Invoked command in '/home/motya/projects/coex/clover2_ws/src/clover2/build/clover2_msgs' returned '0': CMAKE_PREFIX_PATH=${CMAKE_PREFIX_PATH}:/opt/ros/jazzy DEBUGINFOD_URLS=https://debuginfod.ubuntu.com /usr/bin/cmake --build /home/motya/projects/coex/clover2_ws/src/clover2/build/clover2_msgs -- -j16 -l16
[0.131s] DEBUG:colcon.colcon_core.event_handler.log_command:Invoking command in '/home/motya/projects/coex/clover2_ws/src/clover2/build/clover2_msgs': CMAKE_PREFIX_PATH=${CMAKE_PREFIX_PATH}:/opt/ros/jazzy DEBUGINFOD_URLS=https://debuginfod.ubuntu.com /usr/bin/cmake --install /home/motya/projects/coex/clover2_ws/src/clover2/build/clover2_msgs
[0.139s] Level 1:colcon.colcon_core.environment:create_environment_scripts_only(clover2)
[0.139s] DEBUG:colcon.colcon_core.event_handler.log_command:Invoked command in '/home/motya/projects/coex/clover2_ws/src/clover2/build/clover2' returned '0': CMAKE_PREFIX_PATH=${CMAKE_PREFIX_PATH}:/opt/ros/jazzy DEBUGINFOD_URLS=https://debuginfod.ubuntu.com /usr/bin/cmake --install /home/motya/projects/coex/clover2_ws/src/clover2/build/clover2
[0.140s] Level 1:colcon.colcon_core.environment:checking '/home/motya/projects/coex/clover2_ws/src/clover2/install/clover2' for CMake module files
[0.141s] Level 1:colcon.colcon_core.environment:checking '/home/motya/projects/coex/clover2_ws/src/clover2/install/clover2' for CMake config files
[0.141s] Level 1:colcon.colcon_core.shell:create_environment_hook('clover2', 'cmake_prefix_path')
[0.141s] INFO:colcon.colcon_core.shell:Creating environment hook '/home/motya/projects/coex/clover2_ws/src/clover2/install/clover2/share/clover2/hook/cmake_prefix_path.ps1'
[0.142s] INFO:colcon.colcon_core.shell:Creating environment descriptor '/home/motya/projects/coex/clover2_ws/src/clover2/install/clover2/share/clover2/hook/cmake_prefix_path.dsv'
[0.142s] INFO:colcon.colcon_core.shell:Creating environment hook '/home/motya/projects/coex/clover2_ws/src/clover2/install/clover2/share/clover2/hook/cmake_prefix_path.sh'
[0.142s] Level 1:colcon.colcon_core.environment:checking '/home/motya/projects/coex/clover2_ws/src/clover2/install/clover2/bin'
[0.142s] Level 1:colcon.colcon_core.environment:checking '/home/motya/projects/coex/clover2_ws/src/clover2/install/clover2/lib/pkgconfig/clover2.pc'
[0.142s] Level 1:colcon.colcon_core.environment:checking '/home/motya/projects/coex/clover2_ws/src/clover2/install/clover2/lib/python3.12/site-packages'
[0.142s] Level 1:colcon.colcon_core.environment:checking '/home/motya/projects/coex/clover2_ws/src/clover2/install/clover2/bin'
[0.143s] INFO:colcon.colcon_core.shell:Creating package script '/home/motya/projects/coex/clover2_ws/src/clover2/install/clover2/share/clover2/package.ps1'
[0.143s] INFO:colcon.colcon_core.shell:Creating package descriptor '/home/motya/projects/coex/clover2_ws/src/clover2/install/clover2/share/clover2/package.dsv'
[0.143s] INFO:colcon.colcon_core.shell:Creating package script '/home/motya/projects/coex/clover2_ws/src/clover2/install/clover2/share/clover2/package.sh'
[0.143s] INFO:colcon.colcon_core.shell:Creating package script '/home/motya/projects/coex/clover2_ws/src/clover2/install/clover2/share/clover2/package.bash'
[0.144s] INFO:colcon.colcon_core.shell:Creating package script '/home/motya/projects/coex/clover2_ws/src/clover2/install/clover2/share/clover2/package.zsh'
[0.144s] Level 1:colcon.colcon_core.environment:create_file_with_runtime_dependencies(/home/motya/projects/coex/clover2_ws/src/clover2/install/clover2/share/colcon-core/packages/clover2)
[0.144s] Level 1:colcon.colcon_core.environment:create_environment_scripts_only(clover2)
[0.144s] Level 1:colcon.colcon_core.environment:checking '/home/motya/projects/coex/clover2_ws/src/clover2/install/clover2' for CMake module files
[0.144s] Level 1:colcon.colcon_core.environment:checking '/home/motya/projects/coex/clover2_ws/src/clover2/install/clover2' for CMake config files
[0.144s] Level 1:colcon.colcon_core.shell:create_environment_hook('clover2', 'cmake_prefix_path')
[0.144s] INFO:colcon.colcon_core.shell:Creating environment hook '/home/motya/projects/coex/clover2_ws/src/clover2/install/clover2/share/clover2/hook/cmake_prefix_path.ps1'
[0.145s] INFO:colcon.colcon_core.shell:Creating environment descriptor '/home/motya/projects/coex/clover2_ws/src/clover2/install/clover2/share/clover2/hook/cmake_prefix_path.dsv'
[0.145s] INFO:colcon.colcon_core.shell:Creating environment hook '/home/motya/projects/coex/clover2_ws/src/clover2/install/clover2/share/clover2/hook/cmake_prefix_path.sh'
[0.145s] Level 1:colcon.colcon_core.environment:checking '/home/motya/projects/coex/clover2_ws/src/clover2/install/clover2/bin'
[0.145s] Level 1:colcon.colcon_core.environment:checking '/home/motya/projects/coex/clover2_ws/src/clover2/install/clover2/lib/pkgconfig/clover2.pc'
[0.145s] Level 1:colcon.colcon_core.environment:checking '/home/motya/projects/coex/clover2_ws/src/clover2/install/clover2/lib/python3.12/site-packages'
[0.145s] Level 1:colcon.colcon_core.environment:checking '/home/motya/projects/coex/clover2_ws/src/clover2/install/clover2/bin'
[0.145s] INFO:colcon.colcon_core.shell:Creating package script '/home/motya/projects/coex/clover2_ws/src/clover2/install/clover2/share/clover2/package.ps1'
[0.146s] INFO:colcon.colcon_core.shell:Creating package descriptor '/home/motya/projects/coex/clover2_ws/src/clover2/install/clover2/share/clover2/package.dsv'
[0.146s] INFO:colcon.colcon_core.shell:Creating package script '/home/motya/projects/coex/clover2_ws/src/clover2/install/clover2/share/clover2/package.sh'
[0.146s] INFO:colcon.colcon_core.shell:Creating package script '/home/motya/projects/coex/clover2_ws/src/clover2/install/clover2/share/clover2/package.bash'
[0.146s] INFO:colcon.colcon_core.shell:Creating package script '/home/motya/projects/coex/clover2_ws/src/clover2/install/clover2/share/clover2/package.zsh'
[0.146s] Level 1:colcon.colcon_core.environment:create_file_with_runtime_dependencies(/home/motya/projects/coex/clover2_ws/src/clover2/install/clover2/share/colcon-core/packages/clover2)
[0.147s] Level 1:colcon.colcon_core.environment:create_environment_scripts_only(clover2_msgs)
[0.147s] Level 1:colcon.colcon_core.environment:checking '/home/motya/projects/coex/clover2_ws/src/clover2/install/clover2_msgs' for CMake module files
[0.147s] DEBUG:colcon.colcon_core.event_handler.log_command:Invoked command in '/home/motya/projects/coex/clover2_ws/src/clover2/build/clover2_msgs' returned '0': CMAKE_PREFIX_PATH=${CMAKE_PREFIX_PATH}:/opt/ros/jazzy DEBUGINFOD_URLS=https://debuginfod.ubuntu.com /usr/bin/cmake --install /home/motya/projects/coex/clover2_ws/src/clover2/build/clover2_msgs
[0.147s] Level 1:colcon.colcon_core.environment:checking '/home/motya/projects/coex/clover2_ws/src/clover2/install/clover2_msgs' for CMake config files
[0.148s] Level 1:colcon.colcon_core.shell:create_environment_hook('clover2_msgs', 'cmake_prefix_path')
[0.148s] INFO:colcon.colcon_core.shell:Creating environment hook '/home/motya/projects/coex/clover2_ws/src/clover2/install/clover2_msgs/share/clover2_msgs/hook/cmake_prefix_path.ps1'
[0.148s] INFO:colcon.colcon_core.shell:Creating environment descriptor '/home/motya/projects/coex/clover2_ws/src/clover2/install/clover2_msgs/share/clover2_msgs/hook/cmake_prefix_path.dsv'
[0.148s] INFO:colcon.colcon_core.shell:Creating environment hook '/home/motya/projects/coex/clover2_ws/src/clover2/install/clover2_msgs/share/clover2_msgs/hook/cmake_prefix_path.sh'
[0.148s] Level 1:colcon.colcon_core.environment:checking '/home/motya/projects/coex/clover2_ws/src/clover2/install/clover2_msgs/bin'
[0.148s] Level 1:colcon.colcon_core.environment:checking '/home/motya/projects/coex/clover2_ws/src/clover2/install/clover2_msgs/lib/pkgconfig/clover2_msgs.pc'
[0.149s] Level 1:colcon.colcon_core.environment:checking '/home/motya/projects/coex/clover2_ws/src/clover2/install/clover2_msgs/lib/python3.12/site-packages'
[0.149s] Level 1:colcon.colcon_core.environment:checking '/home/motya/projects/coex/clover2_ws/src/clover2/install/clover2_msgs/bin'
[0.149s] INFO:colcon.colcon_core.shell:Creating package script '/home/motya/projects/coex/clover2_ws/src/clover2/install/clover2_msgs/share/clover2_msgs/package.ps1'
[0.149s] INFO:colcon.colcon_core.shell:Creating package descriptor '/home/motya/projects/coex/clover2_ws/src/clover2/install/clover2_msgs/share/clover2_msgs/package.dsv'
[0.149s] INFO:colcon.colcon_core.shell:Creating package script '/home/motya/projects/coex/clover2_ws/src/clover2/install/clover2_msgs/share/clover2_msgs/package.sh'
[0.149s] INFO:colcon.colcon_core.shell:Creating package script '/home/motya/projects/coex/clover2_ws/src/clover2/install/clover2_msgs/share/clover2_msgs/package.bash'
[0.149s] INFO:colcon.colcon_core.shell:Creating package script '/home/motya/projects/coex/clover2_ws/src/clover2/install/clover2_msgs/share/clover2_msgs/package.zsh'
[0.149s] Level 1:colcon.colcon_core.environment:create_file_with_runtime_dependencies(/home/motya/projects/coex/clover2_ws/src/clover2/install/clover2_msgs/share/colcon-core/packages/clover2_msgs)
[0.150s] Level 1:colcon.colcon_core.environment:create_environment_scripts_only(clover2_msgs)
[0.150s] Level 1:colcon.colcon_core.environment:checking '/home/motya/projects/coex/clover2_ws/src/clover2/install/clover2_msgs' for CMake module files
[0.150s] Level 1:colcon.colcon_core.environment:checking '/home/motya/projects/coex/clover2_ws/src/clover2/install/clover2_msgs' for CMake config files
[0.150s] Level 1:colcon.colcon_core.shell:create_environment_hook('clover2_msgs', 'cmake_prefix_path')
[0.150s] INFO:colcon.colcon_core.shell:Creating environment hook '/home/motya/projects/coex/clover2_ws/src/clover2/install/clover2_msgs/share/clover2_msgs/hook/cmake_prefix_path.ps1'
[0.150s] INFO:colcon.colcon_core.shell:Creating environment descriptor '/home/motya/projects/coex/clover2_ws/src/clover2/install/clover2_msgs/share/clover2_msgs/hook/cmake_prefix_path.dsv'
[0.150s] INFO:colcon.colcon_core.shell:Creating environment hook '/home/motya/projects/coex/clover2_ws/src/clover2/install/clover2_msgs/share/clover2_msgs/hook/cmake_prefix_path.sh'
[0.150s] Level 1:colcon.colcon_core.environment:checking '/home/motya/projects/coex/clover2_ws/src/clover2/install/clover2_msgs/bin'
[0.150s] Level 1:colcon.colcon_core.environment:checking '/home/motya/projects/coex/clover2_ws/src/clover2/install/clover2_msgs/lib/pkgconfig/clover2_msgs.pc'
[0.151s] Level 1:colcon.colcon_core.environment:checking '/home/motya/projects/coex/clover2_ws/src/clover2/install/clover2_msgs/lib/python3.12/site-packages'
[0.151s] Level 1:colcon.colcon_core.environment:checking '/home/motya/projects/coex/clover2_ws/src/clover2/install/clover2_msgs/bin'
[0.151s] INFO:colcon.colcon_core.shell:Creating package script '/home/motya/projects/coex/clover2_ws/src/clover2/install/clover2_msgs/share/clover2_msgs/package.ps1'
[0.151s] INFO:colcon.colcon_core.shell:Creating package descriptor '/home/motya/projects/coex/clover2_ws/src/clover2/install/clover2_msgs/share/clover2_msgs/package.dsv'
[0.151s] INFO:colcon.colcon_core.shell:Creating package script '/home/motya/projects/coex/clover2_ws/src/clover2/install/clover2_msgs/share/clover2_msgs/package.sh'
[0.151s] INFO:colcon.colcon_core.shell:Creating package script '/home/motya/projects/coex/clover2_ws/src/clover2/install/clover2_msgs/share/clover2_msgs/package.bash'
[0.152s] INFO:colcon.colcon_core.shell:Creating package script '/home/motya/projects/coex/clover2_ws/src/clover2/install/clover2_msgs/share/clover2_msgs/package.zsh'
[0.152s] Level 1:colcon.colcon_core.environment:create_file_with_runtime_dependencies(/home/motya/projects/coex/clover2_ws/src/clover2/install/clover2_msgs/share/colcon-core/packages/clover2_msgs)
[0.277s] DEBUG:colcon.colcon_core.event_handler.log_command:Invoked command in '/home/motya/projects/coex/clover2_ws/src/clover2/build/clover2_aruco_msgs' returned '0': CMAKE_PREFIX_PATH=${CMAKE_PREFIX_PATH}:/opt/ros/jazzy DEBUGINFOD_URLS=https://debuginfod.ubuntu.com /usr/bin/cmake --build /home/motya/projects/coex/clover2_ws/src/clover2/build/clover2_aruco_msgs -- -j16 -l16
[0.278s] DEBUG:colcon.colcon_core.event_handler.log_command:Invoking command in '/home/motya/projects/coex/clover2_ws/src/clover2/build/clover2_aruco_msgs': CMAKE_PREFIX_PATH=${CMAKE_PREFIX_PATH}:/opt/ros/jazzy DEBUGINFOD_URLS=https://debuginfod.ubuntu.com /usr/bin/cmake --install /home/motya/projects/coex/clover2_ws/src/clover2/build/clover2_aruco_msgs
[0.314s] Level 1:colcon.colcon_core.environment:create_environment_scripts_only(clover2_aruco_msgs)
[0.314s] Level 1:colcon.colcon_core.environment:checking '/home/motya/projects/coex/clover2_ws/src/clover2/install/clover2_aruco_msgs' for CMake module files
[0.315s] DEBUG:colcon.colcon_core.event_handler.log_command:Invoked command in '/home/motya/projects/coex/clover2_ws/src/clover2/build/clover2_aruco_msgs' returned '0': CMAKE_PREFIX_PATH=${CMAKE_PREFIX_PATH}:/opt/ros/jazzy DEBUGINFOD_URLS=https://debuginfod.ubuntu.com /usr/bin/cmake --install /home/motya/projects/coex/clover2_ws/src/clover2/build/clover2_aruco_msgs
[0.315s] Level 1:colcon.colcon_core.environment:checking '/home/motya/projects/coex/clover2_ws/src/clover2/install/clover2_aruco_msgs' for CMake config files
[0.315s] Level 1:colcon.colcon_core.shell:create_environment_hook('clover2_aruco_msgs', 'cmake_prefix_path')
[0.315s] INFO:colcon.colcon_core.shell:Creating environment hook '/home/motya/projects/coex/clover2_ws/src/clover2/install/clover2_aruco_msgs/share/clover2_aruco_msgs/hook/cmake_prefix_path.ps1'
[0.316s] INFO:colcon.colcon_core.shell:Creating environment descriptor '/home/motya/projects/coex/clover2_ws/src/clover2/install/clover2_aruco_msgs/share/clover2_aruco_msgs/hook/cmake_prefix_path.dsv'
[0.316s] INFO:colcon.colcon_core.shell:Creating environment hook '/home/motya/projects/coex/clover2_ws/src/clover2/install/clover2_aruco_msgs/share/clover2_aruco_msgs/hook/cmake_prefix_path.sh'
[0.316s] Level 1:colcon.colcon_core.environment:checking '/home/motya/projects/coex/clover2_ws/src/clover2/install/clover2_aruco_msgs/lib'
[0.316s] Level 1:colcon.colcon_core.shell:create_environment_hook('clover2_aruco_msgs', 'ld_library_path_lib')
[0.316s] INFO:colcon.colcon_core.shell:Creating environment hook '/home/motya/projects/coex/clover2_ws/src/clover2/install/clover2_aruco_msgs/share/clover2_aruco_msgs/hook/ld_library_path_lib.ps1'
[0.316s] INFO:colcon.colcon_core.shell:Creating environment descriptor '/home/motya/projects/coex/clover2_ws/src/clover2/install/clover2_aruco_msgs/share/clover2_aruco_msgs/hook/ld_library_path_lib.dsv'
[0.316s] INFO:colcon.colcon_core.shell:Creating environment hook '/home/motya/projects/coex/clover2_ws/src/clover2/install/clover2_aruco_msgs/share/clover2_aruco_msgs/hook/ld_library_path_lib.sh'
[0.317s] Level 1:colcon.colcon_core.environment:checking '/home/motya/projects/coex/clover2_ws/src/clover2/install/clover2_aruco_msgs/bin'
[0.317s] Level 1:colcon.colcon_core.environment:checking '/home/motya/projects/coex/clover2_ws/src/clover2/install/clover2_aruco_msgs/lib/pkgconfig/clover2_aruco_msgs.pc'
[0.317s] Level 1:colcon.colcon_core.environment:checking '/home/motya/projects/coex/clover2_ws/src/clover2/install/clover2_aruco_msgs/lib/python3.12/site-packages'
[0.317s] Level 1:colcon.colcon_core.shell:create_environment_hook('clover2_aruco_msgs', 'pythonpath')
[0.317s] INFO:colcon.colcon_core.shell:Creating environment hook '/home/motya/projects/coex/clover2_ws/src/clover2/install/clover2_aruco_msgs/share/clover2_aruco_msgs/hook/pythonpath.ps1'
[0.317s] INFO:colcon.colcon_core.shell:Creating environment descriptor '/home/motya/projects/coex/clover2_ws/src/clover2/install/clover2_aruco_msgs/share/clover2_aruco_msgs/hook/pythonpath.dsv'
[0.317s] INFO:colcon.colcon_core.shell:Creating environment hook '/home/motya/projects/coex/clover2_ws/src/clover2/install/clover2_aruco_msgs/share/clover2_aruco_msgs/hook/pythonpath.sh'
[0.317s] Level 1:colcon.colcon_core.environment:checking '/home/motya/projects/coex/clover2_ws/src/clover2/install/clover2_aruco_msgs/bin'
[0.317s] INFO:colcon.colcon_core.shell:Creating package script '/home/motya/projects/coex/clover2_ws/src/clover2/install/clover2_aruco_msgs/share/clover2_aruco_msgs/package.ps1'
[0.317s] INFO:colcon.colcon_core.shell:Creating package descriptor '/home/motya/projects/coex/clover2_ws/src/clover2/install/clover2_aruco_msgs/share/clover2_aruco_msgs/package.dsv'
[0.318s] INFO:colcon.colcon_core.shell:Creating package script '/home/motya/projects/coex/clover2_ws/src/clover2/install/clover2_aruco_msgs/share/clover2_aruco_msgs/package.sh'
[0.318s] INFO:colcon.colcon_core.shell:Creating package script '/home/motya/projects/coex/clover2_ws/src/clover2/install/clover2_aruco_msgs/share/clover2_aruco_msgs/package.bash'
[0.318s] INFO:colcon.colcon_core.shell:Creating package script '/home/motya/projects/coex/clover2_ws/src/clover2/install/clover2_aruco_msgs/share/clover2_aruco_msgs/package.zsh'
[0.318s] Level 1:colcon.colcon_core.environment:create_file_with_runtime_dependencies(/home/motya/projects/coex/clover2_ws/src/clover2/install/clover2_aruco_msgs/share/colcon-core/packages/clover2_aruco_msgs)
[0.318s] Level 1:colcon.colcon_core.environment:create_environment_scripts_only(clover2_aruco_msgs)
[0.318s] Level 1:colcon.colcon_core.environment:checking '/home/motya/projects/coex/clover2_ws/src/clover2/install/clover2_aruco_msgs' for CMake module files
[0.319s] Level 1:colcon.colcon_core.environment:checking '/home/motya/projects/coex/clover2_ws/src/clover2/install/clover2_aruco_msgs' for CMake config files
[0.319s] Level 1:colcon.colcon_core.shell:create_environment_hook('clover2_aruco_msgs', 'cmake_prefix_path')
[0.319s] INFO:colcon.colcon_core.shell:Creating environment hook '/home/motya/projects/coex/clover2_ws/src/clover2/install/clover2_aruco_msgs/share/clover2_aruco_msgs/hook/cmake_prefix_path.ps1'
[0.319s] INFO:colcon.colcon_core.shell:Creating environment descriptor '/home/motya/projects/coex/clover2_ws/src/clover2/install/clover2_aruco_msgs/share/clover2_aruco_msgs/hook/cmake_prefix_path.dsv'
[0.319s] INFO:colcon.colcon_core.shell:Creating environment hook '/home/motya/projects/coex/clover2_ws/src/clover2/install/clover2_aruco_msgs/share/clover2_aruco_msgs/hook/cmake_prefix_path.sh'
[0.319s] Level 1:colcon.colcon_core.environment:checking '/home/motya/projects/coex/clover2_ws/src/clover2/install/clover2_aruco_msgs/lib'
[0.319s] Level 1:colcon.colcon_core.shell:create_environment_hook('clover2_aruco_msgs', 'ld_library_path_lib')
[0.320s] INFO:colcon.colcon_core.shell:Creating environment hook '/home/motya/projects/coex/clover2_ws/src/clover2/install/clover2_aruco_msgs/share/clover2_aruco_msgs/hook/ld_library_path_lib.ps1'
[0.320s] INFO:colcon.colcon_core.shell:Creating environment descriptor '/home/motya/projects/coex/clover2_ws/src/clover2/install/clover2_aruco_msgs/share/clover2_aruco_msgs/hook/ld_library_path_lib.dsv'
[0.320s] INFO:colcon.colcon_core.shell:Creating environment hook '/home/motya/projects/coex/clover2_ws/src/clover2/install/clover2_aruco_msgs/share/clover2_aruco_msgs/hook/ld_library_path_lib.sh'
[0.320s] Level 1:colcon.colcon_core.environment:checking '/home/motya/projects/coex/clover2_ws/src/clover2/install/clover2_aruco_msgs/bin'
[0.320s] Level 1:colcon.colcon_core.environment:checking '/home/motya/projects/coex/clover2_ws/src/clover2/install/clover2_aruco_msgs/lib/pkgconfig/clover2_aruco_msgs.pc'
[0.320s] Level 1:colcon.colcon_core.environment:checking '/home/motya/projects/coex/clover2_ws/src/clover2/install/clover2_aruco_msgs/lib/python3.12/site-packages'
[0.320s] Level 1:colcon.colcon_core.shell:create_environment_hook('clover2_aruco_msgs', 'pythonpath')
[0.320s] INFO:colcon.colcon_core.shell:Creating environment hook '/home/motya/projects/coex/clover2_ws/src/clover2/install/clover2_aruco_msgs/share/clover2_aruco_msgs/hook/pythonpath.ps1'
[0.320s] INFO:colcon.colcon_core.shell:Creating environment descriptor '/home/motya/projects/coex/clover2_ws/src/clover2/install/clover2_aruco_msgs/share/clover2_aruco_msgs/hook/pythonpath.dsv'
[0.320s] INFO:colcon.colcon_core.shell:Creating environment hook '/home/motya/projects/coex/clover2_ws/src/clover2/install/clover2_aruco_msgs/share/clover2_aruco_msgs/hook/pythonpath.sh'
[0.321s] Level 1:colcon.colcon_core.environment:checking '/home/motya/projects/coex/clover2_ws/src/clover2/install/clover2_aruco_msgs/bin'
[0.321s] INFO:colcon.colcon_core.shell:Creating package script '/home/motya/projects/coex/clover2_ws/src/clover2/install/clover2_aruco_msgs/share/clover2_aruco_msgs/package.ps1'
[0.321s] INFO:colcon.colcon_core.shell:Creating package descriptor '/home/motya/projects/coex/clover2_ws/src/clover2/install/clover2_aruco_msgs/share/clover2_aruco_msgs/package.dsv'
[0.321s] INFO:colcon.colcon_core.shell:Creating package script '/home/motya/projects/coex/clover2_ws/src/clover2/install/clover2_aruco_msgs/share/clover2_aruco_msgs/package.sh'
[0.321s] INFO:colcon.colcon_core.shell:Creating package script '/home/motya/projects/coex/clover2_ws/src/clover2/install/clover2_aruco_msgs/share/clover2_aruco_msgs/package.bash'
[0.321s] INFO:colcon.colcon_core.shell:Creating package script '/home/motya/projects/coex/clover2_ws/src/clover2/install/clover2_aruco_msgs/share/clover2_aruco_msgs/package.zsh'
[0.321s] Level 1:colcon.colcon_core.environment:create_file_with_runtime_dependencies(/home/motya/projects/coex/clover2_ws/src/clover2/install/clover2_aruco_msgs/share/colcon-core/packages/clover2_aruco_msgs)
[0.322s] INFO:colcon.colcon_ros.task.ament_cmake.build:Building ROS package in '/home/motya/projects/coex/clover2_ws/src/clover2/clover2_aruco/clover2_aruco' with build type 'ament_cmake'
[0.322s] INFO:colcon.colcon_cmake.task.cmake.build:Building CMake package in '/home/motya/projects/coex/clover2_ws/src/clover2/clover2_aruco/clover2_aruco'
[0.322s] INFO:colcon.colcon_core.shell:Skip shell extension 'powershell' for command environment: Not usable outside of PowerShell
[0.322s] DEBUG:colcon.colcon_core.shell:Skip shell extension 'dsv' for command environment
[0.326s] DEBUG:colcon.colcon_core.event_handler.log_command:Invoking command in '/home/motya/projects/coex/clover2_ws/src/clover2/build/clover2_aruco': AMENT_PREFIX_PATH=/home/motya/projects/coex/clover2_ws/src/clover2/install/clover2_aruco_msgs:${AMENT_PREFIX_PATH} CMAKE_PREFIX_PATH=/home/motya/projects/coex/clover2_ws/src/clover2/install/clover2_aruco_msgs:/opt/ros/jazzy/opt/gz_sim_vendor:/opt/ros/jazzy/opt/gz_sensors_vendor:/opt/ros/jazzy/opt/gz_physics_vendor:/opt/ros/jazzy/opt/sdformat_vendor:/opt/ros/jazzy/opt/gz_gui_vendor:/opt/ros/jazzy/opt/gz_transport_vendor:/opt/ros/jazzy/opt/gz_rendering_vendor:/opt/ros/jazzy/opt/gz_plugin_vendor:/opt/ros/jazzy/opt/gz_fuel_tools_vendor:/opt/ros/jazzy/opt/gz_msgs_vendor:/opt/ros/jazzy/opt/gz_common_vendor:/opt/ros/jazzy/opt/gz_math_vendor:/opt/ros/jazzy/opt/gz_utils_vendor:/opt/ros/jazzy/opt/gz_tools_vendor:/opt/ros/jazzy/opt/gz_ogre_next_vendor:/opt/ros/jazzy/opt/gz_dartsim_vendor:/opt/ros/jazzy/opt/gz_cmake_vendor:/opt/ros/jazzy DEBUGINFOD_URLS=https://debuginfod.ubuntu.com LD_LIBRARY_PATH=/home/motya/projects/coex/clover2_ws/src/clover2/install/clover2_aruco_msgs/lib:${LD_LIBRARY_PATH} PYTHONPATH=/home/motya/projects/coex/clover2_ws/src/clover2/install/clover2_aruco_msgs/lib/python3.12/site-packages:${PYTHONPATH} /usr/bin/cmake --build /home/motya/projects/coex/clover2_ws/src/clover2/build/clover2_aruco -- -j16 -l16
[7.270s] DEBUG:colcon.colcon_core.event_handler.log_command:Invoked command in '/home/motya/projects/coex/clover2_ws/src/clover2/build/clover2_aruco' returned '0': AMENT_PREFIX_PATH=/home/motya/projects/coex/clover2_ws/src/clover2/install/clover2_aruco_msgs:${AMENT_PREFIX_PATH} CMAKE_PREFIX_PATH=/home/motya/projects/coex/clover2_ws/src/clover2/install/clover2_aruco_msgs:/opt/ros/jazzy/opt/gz_sim_vendor:/opt/ros/jazzy/opt/gz_sensors_vendor:/opt/ros/jazzy/opt/gz_physics_vendor:/opt/ros/jazzy/opt/sdformat_vendor:/opt/ros/jazzy/opt/gz_gui_vendor:/opt/ros/jazzy/opt/gz_transport_vendor:/opt/ros/jazzy/opt/gz_rendering_vendor:/opt/ros/jazzy/opt/gz_plugin_vendor:/opt/ros/jazzy/opt/gz_fuel_tools_vendor:/opt/ros/jazzy/opt/gz_msgs_vendor:/opt/ros/jazzy/opt/gz_common_vendor:/opt/ros/jazzy/opt/gz_math_vendor:/opt/ros/jazzy/opt/gz_utils_vendor:/opt/ros/jazzy/opt/gz_tools_vendor:/opt/ros/jazzy/opt/gz_ogre_next_vendor:/opt/ros/jazzy/opt/gz_dartsim_vendor:/opt/ros/jazzy/opt/gz_cmake_vendor:/opt/ros/jazzy DEBUGINFOD_URLS=https://debuginfod.ubuntu.com LD_LIBRARY_PATH=/home/motya/projects/coex/clover2_ws/src/clover2/install/clover2_aruco_msgs/lib:${LD_LIBRARY_PATH} PYTHONPATH=/home/motya/projects/coex/clover2_ws/src/clover2/install/clover2_aruco_msgs/lib/python3.12/site-packages:${PYTHONPATH} /usr/bin/cmake --build /home/motya/projects/coex/clover2_ws/src/clover2/build/clover2_aruco -- -j16 -l16
[7.271s] DEBUG:colcon.colcon_core.event_handler.log_command:Invoking command in '/home/motya/projects/coex/clover2_ws/src/clover2/build/clover2_aruco': AMENT_PREFIX_PATH=/home/motya/projects/coex/clover2_ws/src/clover2/install/clover2_aruco_msgs:${AMENT_PREFIX_PATH} CMAKE_PREFIX_PATH=/home/motya/projects/coex/clover2_ws/src/clover2/install/clover2_aruco_msgs:/opt/ros/jazzy/opt/gz_sim_vendor:/opt/ros/jazzy/opt/gz_sensors_vendor:/opt/ros/jazzy/opt/gz_physics_vendor:/opt/ros/jazzy/opt/sdformat_vendor:/opt/ros/jazzy/opt/gz_gui_vendor:/opt/ros/jazzy/opt/gz_transport_vendor:/opt/ros/jazzy/opt/gz_rendering_vendor:/opt/ros/jazzy/opt/gz_plugin_vendor:/opt/ros/jazzy/opt/gz_fuel_tools_vendor:/opt/ros/jazzy/opt/gz_msgs_vendor:/opt/ros/jazzy/opt/gz_common_vendor:/opt/ros/jazzy/opt/gz_math_vendor:/opt/ros/jazzy/opt/gz_utils_vendor:/opt/ros/jazzy/opt/gz_tools_vendor:/opt/ros/jazzy/opt/gz_ogre_next_vendor:/opt/ros/jazzy/opt/gz_dartsim_vendor:/opt/ros/jazzy/opt/gz_cmake_vendor:/opt/ros/jazzy DEBUGINFOD_URLS=https://debuginfod.ubuntu.com LD_LIBRARY_PATH=/home/motya/projects/coex/clover2_ws/src/clover2/install/clover2_aruco_msgs/lib:${LD_LIBRARY_PATH} PYTHONPATH=/home/motya/projects/coex/clover2_ws/src/clover2/install/clover2_aruco_msgs/lib/python3.12/site-packages:${PYTHONPATH} /usr/bin/cmake --install /home/motya/projects/coex/clover2_ws/src/clover2/build/clover2_aruco
[7.283s] Level 1:colcon.colcon_core.environment:create_environment_scripts_only(clover2_aruco)
[7.284s] Level 1:colcon.colcon_core.environment:checking '/home/motya/projects/coex/clover2_ws/src/clover2/install/clover2_aruco' for CMake module files
[7.284s] DEBUG:colcon.colcon_core.event_handler.log_command:Invoked command in '/home/motya/projects/coex/clover2_ws/src/clover2/build/clover2_aruco' returned '0': AMENT_PREFIX_PATH=/home/motya/projects/coex/clover2_ws/src/clover2/install/clover2_aruco_msgs:${AMENT_PREFIX_PATH} CMAKE_PREFIX_PATH=/home/motya/projects/coex/clover2_ws/src/clover2/install/clover2_aruco_msgs:/opt/ros/jazzy/opt/gz_sim_vendor:/opt/ros/jazzy/opt/gz_sensors_vendor:/opt/ros/jazzy/opt/gz_physics_vendor:/opt/ros/jazzy/opt/sdformat_vendor:/opt/ros/jazzy/opt/gz_gui_vendor:/opt/ros/jazzy/opt/gz_transport_vendor:/opt/ros/jazzy/opt/gz_rendering_vendor:/opt/ros/jazzy/opt/gz_plugin_vendor:/opt/ros/jazzy/opt/gz_fuel_tools_vendor:/opt/ros/jazzy/opt/gz_msgs_vendor:/opt/ros/jazzy/opt/gz_common_vendor:/opt/ros/jazzy/opt/gz_math_vendor:/opt/ros/jazzy/opt/gz_utils_vendor:/opt/ros/jazzy/opt/gz_tools_vendor:/opt/ros/jazzy/opt/gz_ogre_next_vendor:/opt/ros/jazzy/opt/gz_dartsim_vendor:/opt/ros/jazzy/opt/gz_cmake_vendor:/opt/ros/jazzy DEBUGINFOD_URLS=https://debuginfod.ubuntu.com LD_LIBRARY_PATH=/home/motya/projects/coex/clover2_ws/src/clover2/install/clover2_aruco_msgs/lib:${LD_LIBRARY_PATH} PYTHONPATH=/home/motya/projects/coex/clover2_ws/src/clover2/install/clover2_aruco_msgs/lib/python3.12/site-packages:${PYTHONPATH} /usr/bin/cmake --install /home/motya/projects/coex/clover2_ws/src/clover2/build/clover2_aruco
[7.284s] Level 1:colcon.colcon_core.environment:checking '/home/motya/projects/coex/clover2_ws/src/clover2/install/clover2_aruco' for CMake config files
[7.284s] Level 1:colcon.colcon_core.shell:create_environment_hook('clover2_aruco', 'cmake_prefix_path')
[7.284s] INFO:colcon.colcon_core.shell:Creating environment hook '/home/motya/projects/coex/clover2_ws/src/clover2/install/clover2_aruco/share/clover2_aruco/hook/cmake_prefix_path.ps1'
[7.284s] INFO:colcon.colcon_core.shell:Creating environment descriptor '/home/motya/projects/coex/clover2_ws/src/clover2/install/clover2_aruco/share/clover2_aruco/hook/cmake_prefix_path.dsv'
[7.285s] INFO:colcon.colcon_core.shell:Creating environment hook '/home/motya/projects/coex/clover2_ws/src/clover2/install/clover2_aruco/share/clover2_aruco/hook/cmake_prefix_path.sh'
[7.285s] Level 1:colcon.colcon_core.environment:checking '/home/motya/projects/coex/clover2_ws/src/clover2/install/clover2_aruco/lib'
[7.285s] Level 1:colcon.colcon_core.shell:create_environment_hook('clover2_aruco', 'ld_library_path_lib')
[7.285s] INFO:colcon.colcon_core.shell:Creating environment hook '/home/motya/projects/coex/clover2_ws/src/clover2/install/clover2_aruco/share/clover2_aruco/hook/ld_library_path_lib.ps1'
[7.285s] INFO:colcon.colcon_core.shell:Creating environment descriptor '/home/motya/projects/coex/clover2_ws/src/clover2/install/clover2_aruco/share/clover2_aruco/hook/ld_library_path_lib.dsv'
[7.285s] INFO:colcon.colcon_core.shell:Creating environment hook '/home/motya/projects/coex/clover2_ws/src/clover2/install/clover2_aruco/share/clover2_aruco/hook/ld_library_path_lib.sh'
[7.285s] Level 1:colcon.colcon_core.environment:checking '/home/motya/projects/coex/clover2_ws/src/clover2/install/clover2_aruco/bin'
[7.285s] Level 1:colcon.colcon_core.environment:checking '/home/motya/projects/coex/clover2_ws/src/clover2/install/clover2_aruco/lib/pkgconfig/clover2_aruco.pc'
[7.285s] Level 1:colcon.colcon_core.environment:checking '/home/motya/projects/coex/clover2_ws/src/clover2/install/clover2_aruco/lib/python3.12/site-packages'
[7.286s] Level 1:colcon.colcon_core.environment:checking '/home/motya/projects/coex/clover2_ws/src/clover2/install/clover2_aruco/bin'
[7.286s] INFO:colcon.colcon_core.shell:Creating package script '/home/motya/projects/coex/clover2_ws/src/clover2/install/clover2_aruco/share/clover2_aruco/package.ps1'
[7.286s] INFO:colcon.colcon_core.shell:Creating package descriptor '/home/motya/projects/coex/clover2_ws/src/clover2/install/clover2_aruco/share/clover2_aruco/package.dsv'
[7.286s] INFO:colcon.colcon_core.shell:Creating package script '/home/motya/projects/coex/clover2_ws/src/clover2/install/clover2_aruco/share/clover2_aruco/package.sh'
[7.286s] INFO:colcon.colcon_core.shell:Creating package script '/home/motya/projects/coex/clover2_ws/src/clover2/install/clover2_aruco/share/clover2_aruco/package.bash'
[7.286s] INFO:colcon.colcon_core.shell:Creating package script '/home/motya/projects/coex/clover2_ws/src/clover2/install/clover2_aruco/share/clover2_aruco/package.zsh'
[7.286s] Level 1:colcon.colcon_core.environment:create_file_with_runtime_dependencies(/home/motya/projects/coex/clover2_ws/src/clover2/install/clover2_aruco/share/colcon-core/packages/clover2_aruco)
[7.287s] Level 1:colcon.colcon_core.environment:create_environment_scripts_only(clover2_aruco)
[7.287s] Level 1:colcon.colcon_core.environment:checking '/home/motya/projects/coex/clover2_ws/src/clover2/install/clover2_aruco' for CMake module files
[7.287s] Level 1:colcon.colcon_core.environment:checking '/home/motya/projects/coex/clover2_ws/src/clover2/install/clover2_aruco' for CMake config files
[7.287s] Level 1:colcon.colcon_core.shell:create_environment_hook('clover2_aruco', 'cmake_prefix_path')
[7.287s] INFO:colcon.colcon_core.shell:Creating environment hook '/home/motya/projects/coex/clover2_ws/src/clover2/install/clover2_aruco/share/clover2_aruco/hook/cmake_prefix_path.ps1'
[7.314s] INFO:colcon.colcon_core.shell:Creating environment descriptor '/home/motya/projects/coex/clover2_ws/src/clover2/install/clover2_aruco/share/clover2_aruco/hook/cmake_prefix_path.dsv'
[7.315s] INFO:colcon.colcon_core.shell:Creating environment hook '/home/motya/projects/coex/clover2_ws/src/clover2/install/clover2_aruco/share/clover2_aruco/hook/cmake_prefix_path.sh'
[7.315s] Level 1:colcon.colcon_core.environment:checking '/home/motya/projects/coex/clover2_ws/src/clover2/install/clover2_aruco/lib'
[7.315s] Level 1:colcon.colcon_core.shell:create_environment_hook('clover2_aruco', 'ld_library_path_lib')
[7.315s] INFO:colcon.colcon_core.shell:Creating environment hook '/home/motya/projects/coex/clover2_ws/src/clover2/install/clover2_aruco/share/clover2_aruco/hook/ld_library_path_lib.ps1'
[7.315s] INFO:colcon.colcon_core.shell:Creating environment descriptor '/home/motya/projects/coex/clover2_ws/src/clover2/install/clover2_aruco/share/clover2_aruco/hook/ld_library_path_lib.dsv'
[7.315s] INFO:colcon.colcon_core.shell:Creating environment hook '/home/motya/projects/coex/clover2_ws/src/clover2/install/clover2_aruco/share/clover2_aruco/hook/ld_library_path_lib.sh'
[7.315s] Level 1:colcon.colcon_core.environment:checking '/home/motya/projects/coex/clover2_ws/src/clover2/install/clover2_aruco/bin'
[7.315s] Level 1:colcon.colcon_core.environment:checking '/home/motya/projects/coex/clover2_ws/src/clover2/install/clover2_aruco/lib/pkgconfig/clover2_aruco.pc'
[7.316s] Level 1:colcon.colcon_core.environment:checking '/home/motya/projects/coex/clover2_ws/src/clover2/install/clover2_aruco/lib/python3.12/site-packages'
[7.316s] Level 1:colcon.colcon_core.environment:checking '/home/motya/projects/coex/clover2_ws/src/clover2/install/clover2_aruco/bin'
[7.316s] INFO:colcon.colcon_core.shell:Creating package script '/home/motya/projects/coex/clover2_ws/src/clover2/install/clover2_aruco/share/clover2_aruco/package.ps1'
[7.316s] INFO:colcon.colcon_core.shell:Creating package descriptor '/home/motya/projects/coex/clover2_ws/src/clover2/install/clover2_aruco/share/clover2_aruco/package.dsv'
[7.316s] INFO:colcon.colcon_core.shell:Creating package script '/home/motya/projects/coex/clover2_ws/src/clover2/install/clover2_aruco/share/clover2_aruco/package.sh'
[7.316s] INFO:colcon.colcon_core.shell:Creating package script '/home/motya/projects/coex/clover2_ws/src/clover2/install/clover2_aruco/share/clover2_aruco/package.bash'
[7.316s] INFO:colcon.colcon_core.shell:Creating package script '/home/motya/projects/coex/clover2_ws/src/clover2/install/clover2_aruco/share/clover2_aruco/package.zsh'
[7.316s] Level 1:colcon.colcon_core.environment:create_file_with_runtime_dependencies(/home/motya/projects/coex/clover2_ws/src/clover2/install/clover2_aruco/share/colcon-core/packages/clover2_aruco)
[7.317s] DEBUG:colcon.colcon_parallel_executor.executor.parallel:closing loop
[7.317s] DEBUG:colcon.colcon_parallel_executor.executor.parallel:loop closed
[7.317s] DEBUG:colcon.colcon_parallel_executor.executor.parallel:run_until_complete finished with '0'
[7.317s] DEBUG:colcon.colcon_core.event_reactor:joining thread
[7.320s] INFO:colcon.colcon_core.plugin_system:Skipping extension 'colcon_notification.desktop_notification.terminal_notifier': Not used on non-Darwin systems
[7.320s] INFO:colcon.colcon_core.plugin_system:Skipping extension 'colcon_notification.desktop_notification.win32': Not used on non-Windows systems
[7.320s] INFO:colcon.colcon_notification.desktop_notification:Sending desktop notification using 'notify2'
[7.325s] DEBUG:colcon.colcon_core.event_reactor:joined thread
[7.326s] INFO:colcon.colcon_core.shell:Creating prefix script '/home/motya/projects/coex/clover2_ws/src/clover2/install/local_setup.ps1'
[7.326s] INFO:colcon.colcon_core.shell:Creating prefix util module '/home/motya/projects/coex/clover2_ws/src/clover2/install/_local_setup_util_ps1.py'
[7.326s] INFO:colcon.colcon_core.shell:Creating prefix chain script '/home/motya/projects/coex/clover2_ws/src/clover2/install/setup.ps1'
[7.327s] INFO:colcon.colcon_core.shell:Creating prefix script '/home/motya/projects/coex/clover2_ws/src/clover2/install/local_setup.sh'
[7.327s] INFO:colcon.colcon_core.shell:Creating prefix util module '/home/motya/projects/coex/clover2_ws/src/clover2/install/_local_setup_util_sh.py'
[7.327s] INFO:colcon.colcon_core.shell:Creating prefix chain script '/home/motya/projects/coex/clover2_ws/src/clover2/install/setup.sh'
[7.328s] INFO:colcon.colcon_core.shell:Creating prefix script '/home/motya/projects/coex/clover2_ws/src/clover2/install/local_setup.bash'
[7.328s] INFO:colcon.colcon_core.shell:Creating prefix chain script '/home/motya/projects/coex/clover2_ws/src/clover2/install/setup.bash'
[7.328s] INFO:colcon.colcon_core.shell:Creating prefix script '/home/motya/projects/coex/clover2_ws/src/clover2/install/local_setup.zsh'
[7.328s] INFO:colcon.colcon_core.shell:Creating prefix chain script '/home/motya/projects/coex/clover2_ws/src/clover2/install/setup.zsh'
