[0.004s] Invoking command in '/home/motya/projects/coex/clover2_ws/src/clover2/build/clover2_aruco': AMENT_PREFIX_PATH=/home/motya/projects/coex/clover2_ws/src/clover2/install/clover2_aruco_msgs:${AMENT_PREFIX_PATH} CMAKE_PREFIX_PATH=/home/motya/projects/coex/clover2_ws/src/clover2/install/clover2_aruco_msgs:/opt/ros/jazzy/opt/gz_sim_vendor:/opt/ros/jazzy/opt/gz_sensors_vendor:/opt/ros/jazzy/opt/gz_physics_vendor:/opt/ros/jazzy/opt/sdformat_vendor:/opt/ros/jazzy/opt/gz_gui_vendor:/opt/ros/jazzy/opt/gz_transport_vendor:/opt/ros/jazzy/opt/gz_rendering_vendor:/opt/ros/jazzy/opt/gz_plugin_vendor:/opt/ros/jazzy/opt/gz_fuel_tools_vendor:/opt/ros/jazzy/opt/gz_msgs_vendor:/opt/ros/jazzy/opt/gz_common_vendor:/opt/ros/jazzy/opt/gz_math_vendor:/opt/ros/jazzy/opt/gz_utils_vendor:/opt/ros/jazzy/opt/gz_tools_vendor:/opt/ros/jazzy/opt/gz_ogre_next_vendor:/opt/ros/jazzy/opt/gz_dartsim_vendor:/opt/ros/jazzy/opt/gz_cmake_vendor:/opt/ros/jazzy DEBUGINFOD_URLS=https://debuginfod.ubuntu.com LD_LIBRARY_PATH=/home/motya/projects/coex/clover2_ws/src/clover2/install/clover2_aruco_msgs/lib:${LD_LIBRARY_PATH} PYTHONPATH=/home/motya/projects/coex/clover2_ws/src/clover2/install/clover2_aruco_msgs/lib/python3.12/site-packages:${PYTHONPATH} /usr/bin/cmake /home/motya/projects/coex/clover2_ws/src/clover2/clover2_aruco/clover2_aruco -DAMENT_CMAKE_SYMLINK_INSTALL=1 -DCMAKE_INSTALL_PREFIX=/home/motya/projects/coex/clover2_ws/src/clover2/install/clover2_aruco
[0.027s] -- The C compiler identification is GNU 13.3.0
[0.052s] -- The CXX compiler identification is GNU 13.3.0
[0.061s] -- Detecting C compiler ABI info
[0.103s] -- Detecting C compiler ABI info - done
[0.107s] -- Check for working C compiler: /usr/bin/cc - skipped
[0.107s] -- Detecting C compile features
[0.107s] -- Detecting C compile features - done
[0.112s] -- Detecting CXX compiler ABI info
[0.157s] -- Detecting CXX compiler ABI info - done
[0.161s] -- Check for working CXX compiler: /usr/bin/c++ - skipped
[0.161s] -- Detecting CXX compile features
[0.161s] -- Detecting CXX compile features - done
[0.163s] -- Found ament_cmake: 2.5.4 (/opt/ros/jazzy/share/ament_cmake/cmake)
[0.238s] -- Found Python3: /usr/bin/python3 (found version "3.12.3") found components: Interpreter 
[0.272s] -- Override CMake install command with custom implementation using symlinks instead of copying resources
[0.292s] -- Found ament_cmake_ros: 0.12.0 (/opt/ros/jazzy/share/ament_cmake_ros/cmake)
[0.296s] -- Found clover2_aruco_msgs: 0.0.0 (/home/motya/projects/coex/clover2_ws/src/clover2/install/clover2_aruco_msgs/share/clover2_aruco_msgs/cmake)
[0.319s] -- Found rosidl_generator_c: 4.6.5 (/opt/ros/jazzy/share/rosidl_generator_c/cmake)
[0.326s] -- Found rosidl_generator_cpp: 4.6.5 (/opt/ros/jazzy/share/rosidl_generator_cpp/cmake)
[0.334s] -- Using all available rosidl_typesupport_c: rosidl_typesupport_fastrtps_c;rosidl_typesupport_introspection_c
[0.343s] -- Using all available rosidl_typesupport_cpp: rosidl_typesupport_fastrtps_cpp;rosidl_typesupport_introspection_cpp
[0.377s] -- Found cv_bridge: 4.1.0 (/opt/ros/jazzy/share/cv_bridge/cmake)
[0.426s] -- Found rmw_implementation_cmake: 7.3.2 (/opt/ros/jazzy/share/rmw_implementation_cmake/cmake)
[0.428s] -- Found rmw_fastrtps_cpp: 8.4.2 (/opt/ros/jazzy/share/rmw_fastrtps_cpp/cmake)
[0.464s] -- Found OpenSSL: /usr/lib/x86_64-linux-gnu/libcrypto.so (found version "3.0.13")  
[0.474s] -- Found FastRTPS: /opt/ros/jazzy/include (Required is at least version "2.13") 
[0.484s] -- Using RMW implementation 'rmw_fastrtps_cpp' as default
[0.524s] -- Found rclcpp_components: 28.1.10 (/opt/ros/jazzy/share/rclcpp_components/cmake)
[0.544s] -- Found rclcpp_lifecycle: 28.1.10 (/opt/ros/jazzy/share/rclcpp_lifecycle/cmake)
[0.561s] -- Found tf2_geometry_msgs: 0.36.14 (/opt/ros/jazzy/share/tf2_geometry_msgs/cmake)
[0.571s] -- Found eigen3_cmake_module: 0.3.0 (/opt/ros/jazzy/share/eigen3_cmake_module/cmake)
[0.571s] -- Found Eigen3: TRUE (found version "3.4.0") 
[0.571s] -- Ensuring Eigen3 include directory is part of orocos-kdl CMake target
[0.622s] -- Found OpenCV: /usr (found suitable version "4.6.0", minimum required is "4.6.0") found components: aruco 
[0.673s] -- Configuring done (0.7s)
[0.687s] -- Generating done (0.0s)
[0.690s] -- Build files have been written to: /home/motya/projects/coex/clover2_ws/src/clover2/build/clover2_aruco
[0.698s] Invoked command in '/home/motya/projects/coex/clover2_ws/src/clover2/build/clover2_aruco' returned '0': AMENT_PREFIX_PATH=/home/motya/projects/coex/clover2_ws/src/clover2/install/clover2_aruco_msgs:${AMENT_PREFIX_PATH} CMAKE_PREFIX_PATH=/home/motya/projects/coex/clover2_ws/src/clover2/install/clover2_aruco_msgs:/opt/ros/jazzy/opt/gz_sim_vendor:/opt/ros/jazzy/opt/gz_sensors_vendor:/opt/ros/jazzy/opt/gz_physics_vendor:/opt/ros/jazzy/opt/sdformat_vendor:/opt/ros/jazzy/opt/gz_gui_vendor:/opt/ros/jazzy/opt/gz_transport_vendor:/opt/ros/jazzy/opt/gz_rendering_vendor:/opt/ros/jazzy/opt/gz_plugin_vendor:/opt/ros/jazzy/opt/gz_fuel_tools_vendor:/opt/ros/jazzy/opt/gz_msgs_vendor:/opt/ros/jazzy/opt/gz_common_vendor:/opt/ros/jazzy/opt/gz_math_vendor:/opt/ros/jazzy/opt/gz_utils_vendor:/opt/ros/jazzy/opt/gz_tools_vendor:/opt/ros/jazzy/opt/gz_ogre_next_vendor:/opt/ros/jazzy/opt/gz_dartsim_vendor:/opt/ros/jazzy/opt/gz_cmake_vendor:/opt/ros/jazzy DEBUGINFOD_URLS=https://debuginfod.ubuntu.com LD_LIBRARY_PATH=/home/motya/projects/coex/clover2_ws/src/clover2/install/clover2_aruco_msgs/lib:${LD_LIBRARY_PATH} PYTHONPATH=/home/motya/projects/coex/clover2_ws/src/clover2/install/clover2_aruco_msgs/lib/python3.12/site-packages:${PYTHONPATH} /usr/bin/cmake /home/motya/projects/coex/clover2_ws/src/clover2/clover2_aruco/clover2_aruco -DAMENT_CMAKE_SYMLINK_INSTALL=1 -DCMAKE_INSTALL_PREFIX=/home/motya/projects/coex/clover2_ws/src/clover2/install/clover2_aruco
[0.698s] Invoking command in '/home/motya/projects/coex/clover2_ws/src/clover2/build/clover2_aruco': AMENT_PREFIX_PATH=/home/motya/projects/coex/clover2_ws/src/clover2/install/clover2_aruco_msgs:${AMENT_PREFIX_PATH} CMAKE_PREFIX_PATH=/home/motya/projects/coex/clover2_ws/src/clover2/install/clover2_aruco_msgs:/opt/ros/jazzy/opt/gz_sim_vendor:/opt/ros/jazzy/opt/gz_sensors_vendor:/opt/ros/jazzy/opt/gz_physics_vendor:/opt/ros/jazzy/opt/sdformat_vendor:/opt/ros/jazzy/opt/gz_gui_vendor:/opt/ros/jazzy/opt/gz_transport_vendor:/opt/ros/jazzy/opt/gz_rendering_vendor:/opt/ros/jazzy/opt/gz_plugin_vendor:/opt/ros/jazzy/opt/gz_fuel_tools_vendor:/opt/ros/jazzy/opt/gz_msgs_vendor:/opt/ros/jazzy/opt/gz_common_vendor:/opt/ros/jazzy/opt/gz_math_vendor:/opt/ros/jazzy/opt/gz_utils_vendor:/opt/ros/jazzy/opt/gz_tools_vendor:/opt/ros/jazzy/opt/gz_ogre_next_vendor:/opt/ros/jazzy/opt/gz_dartsim_vendor:/opt/ros/jazzy/opt/gz_cmake_vendor:/opt/ros/jazzy DEBUGINFOD_URLS=https://debuginfod.ubuntu.com LD_LIBRARY_PATH=/home/motya/projects/coex/clover2_ws/src/clover2/install/clover2_aruco_msgs/lib:${LD_LIBRARY_PATH} PYTHONPATH=/home/motya/projects/coex/clover2_ws/src/clover2/install/clover2_aruco_msgs/lib/python3.12/site-packages:${PYTHONPATH} /usr/bin/cmake --build /home/motya/projects/coex/clover2_ws/src/clover2/build/clover2_aruco -- -j16 -l16
[0.724s] [ 25%] [32mBuilding CXX object CMakeFiles/clover2_aruco_detector.dir/src/detector.cpp.o[0m
[7.170s] [ 50%] [32m[1mLinking CXX shared library libclover2_aruco_detector.so[0m
[7.417s] [ 50%] Built target clover2_aruco_detector
[7.425s] [ 75%] [32mBuilding CXX object CMakeFiles/detector.dir/src/detector_node.cpp.o[0m
[9.058s] [100%] [32m[1mLinking CXX executable detector[0m
[9.330s] [100%] Built target detector
[9.336s] Invoked command in '/home/motya/projects/coex/clover2_ws/src/clover2/build/clover2_aruco' returned '0': AMENT_PREFIX_PATH=/home/motya/projects/coex/clover2_ws/src/clover2/install/clover2_aruco_msgs:${AMENT_PREFIX_PATH} CMAKE_PREFIX_PATH=/home/motya/projects/coex/clover2_ws/src/clover2/install/clover2_aruco_msgs:/opt/ros/jazzy/opt/gz_sim_vendor:/opt/ros/jazzy/opt/gz_sensors_vendor:/opt/ros/jazzy/opt/gz_physics_vendor:/opt/ros/jazzy/opt/sdformat_vendor:/opt/ros/jazzy/opt/gz_gui_vendor:/opt/ros/jazzy/opt/gz_transport_vendor:/opt/ros/jazzy/opt/gz_rendering_vendor:/opt/ros/jazzy/opt/gz_plugin_vendor:/opt/ros/jazzy/opt/gz_fuel_tools_vendor:/opt/ros/jazzy/opt/gz_msgs_vendor:/opt/ros/jazzy/opt/gz_common_vendor:/opt/ros/jazzy/opt/gz_math_vendor:/opt/ros/jazzy/opt/gz_utils_vendor:/opt/ros/jazzy/opt/gz_tools_vendor:/opt/ros/jazzy/opt/gz_ogre_next_vendor:/opt/ros/jazzy/opt/gz_dartsim_vendor:/opt/ros/jazzy/opt/gz_cmake_vendor:/opt/ros/jazzy DEBUGINFOD_URLS=https://debuginfod.ubuntu.com LD_LIBRARY_PATH=/home/motya/projects/coex/clover2_ws/src/clover2/install/clover2_aruco_msgs/lib:${LD_LIBRARY_PATH} PYTHONPATH=/home/motya/projects/coex/clover2_ws/src/clover2/install/clover2_aruco_msgs/lib/python3.12/site-packages:${PYTHONPATH} /usr/bin/cmake --build /home/motya/projects/coex/clover2_ws/src/clover2/build/clover2_aruco -- -j16 -l16
[9.336s] Invoking command in '/home/motya/projects/coex/clover2_ws/src/clover2/build/clover2_aruco': AMENT_PREFIX_PATH=/home/motya/projects/coex/clover2_ws/src/clover2/install/clover2_aruco_msgs:${AMENT_PREFIX_PATH} CMAKE_PREFIX_PATH=/home/motya/projects/coex/clover2_ws/src/clover2/install/clover2_aruco_msgs:/opt/ros/jazzy/opt/gz_sim_vendor:/opt/ros/jazzy/opt/gz_sensors_vendor:/opt/ros/jazzy/opt/gz_physics_vendor:/opt/ros/jazzy/opt/sdformat_vendor:/opt/ros/jazzy/opt/gz_gui_vendor:/opt/ros/jazzy/opt/gz_transport_vendor:/opt/ros/jazzy/opt/gz_rendering_vendor:/opt/ros/jazzy/opt/gz_plugin_vendor:/opt/ros/jazzy/opt/gz_fuel_tools_vendor:/opt/ros/jazzy/opt/gz_msgs_vendor:/opt/ros/jazzy/opt/gz_common_vendor:/opt/ros/jazzy/opt/gz_math_vendor:/opt/ros/jazzy/opt/gz_utils_vendor:/opt/ros/jazzy/opt/gz_tools_vendor:/opt/ros/jazzy/opt/gz_ogre_next_vendor:/opt/ros/jazzy/opt/gz_dartsim_vendor:/opt/ros/jazzy/opt/gz_cmake_vendor:/opt/ros/jazzy DEBUGINFOD_URLS=https://debuginfod.ubuntu.com LD_LIBRARY_PATH=/home/motya/projects/coex/clover2_ws/src/clover2/install/clover2_aruco_msgs/lib:${LD_LIBRARY_PATH} PYTHONPATH=/home/motya/projects/coex/clover2_ws/src/clover2/install/clover2_aruco_msgs/lib/python3.12/site-packages:${PYTHONPATH} /usr/bin/cmake --install /home/motya/projects/coex/clover2_ws/src/clover2/build/clover2_aruco
[9.340s] -- Install configuration: ""
[9.341s] -- Execute custom install script
[9.341s] -- Symlinking: /home/motya/projects/coex/clover2_ws/src/clover2/install/clover2_aruco/include/clover2_aruco/clover2_aruco/detector.hpp
[9.345s] -- Symlinking: /home/motya/projects/coex/clover2_ws/src/clover2/install/clover2_aruco/lib/clover2_aruco/detector
[9.349s] -- Symlinking: /home/motya/projects/coex/clover2_ws/src/clover2/install/clover2_aruco/share/clover2_aruco/environment/library_path.sh
[9.353s] -- Symlinking: /home/motya/projects/coex/clover2_ws/src/clover2/install/clover2_aruco/share/clover2_aruco/environment/library_path.dsv
[9.357s] -- Symlinking: /home/motya/projects/coex/clover2_ws/src/clover2/install/clover2_aruco/share/ament_index/resource_index/package_run_dependencies/clover2_aruco
[9.361s] -- Symlinking: /home/motya/projects/coex/clover2_ws/src/clover2/install/clover2_aruco/share/ament_index/resource_index/parent_prefix_path/clover2_aruco
[9.364s] -- Symlinking: /home/motya/projects/coex/clover2_ws/src/clover2/install/clover2_aruco/share/clover2_aruco/environment/ament_prefix_path.sh
[9.368s] -- Symlinking: /home/motya/projects/coex/clover2_ws/src/clover2/install/clover2_aruco/share/clover2_aruco/environment/ament_prefix_path.dsv
[9.372s] -- Symlinking: /home/motya/projects/coex/clover2_ws/src/clover2/install/clover2_aruco/share/clover2_aruco/environment/path.sh
[9.375s] -- Symlinking: /home/motya/projects/coex/clover2_ws/src/clover2/install/clover2_aruco/share/clover2_aruco/environment/path.dsv
[9.379s] -- Symlinking: /home/motya/projects/coex/clover2_ws/src/clover2/install/clover2_aruco/share/clover2_aruco/local_setup.bash
[9.383s] -- Symlinking: /home/motya/projects/coex/clover2_ws/src/clover2/install/clover2_aruco/share/clover2_aruco/local_setup.sh
[9.386s] -- Symlinking: /home/motya/projects/coex/clover2_ws/src/clover2/install/clover2_aruco/share/clover2_aruco/local_setup.zsh
[9.390s] -- Symlinking: /home/motya/projects/coex/clover2_ws/src/clover2/install/clover2_aruco/share/clover2_aruco/local_setup.dsv
[9.393s] -- Symlinking: /home/motya/projects/coex/clover2_ws/src/clover2/install/clover2_aruco/share/clover2_aruco/package.dsv
[9.397s] -- Symlinking: /home/motya/projects/coex/clover2_ws/src/clover2/install/clover2_aruco/share/ament_index/resource_index/packages/clover2_aruco
[9.401s] -- Symlinking: /home/motya/projects/coex/clover2_ws/src/clover2/install/clover2_aruco/share/ament_index/resource_index/rclcpp_components/clover2_aruco
[9.405s] -- Symlinking: /home/motya/projects/coex/clover2_ws/src/clover2/install/clover2_aruco/share/clover2_aruco/cmake/ament_cmake_export_dependencies-extras.cmake
[9.409s] -- Symlinking: /home/motya/projects/coex/clover2_ws/src/clover2/install/clover2_aruco/share/clover2_aruco/cmake/ament_cmake_export_include_directories-extras.cmake
[9.412s] -- Symlinking: /home/motya/projects/coex/clover2_ws/src/clover2/install/clover2_aruco/share/clover2_aruco/cmake/ament_cmake_export_libraries-extras.cmake
[9.415s] -- Symlinking: /home/motya/projects/coex/clover2_ws/src/clover2/install/clover2_aruco/share/clover2_aruco/cmake/ament_cmake_export_targets-extras.cmake
[9.419s] -- Symlinking: /home/motya/projects/coex/clover2_ws/src/clover2/install/clover2_aruco/share/clover2_aruco/cmake/clover2_arucoConfig.cmake
[9.422s] -- Symlinking: /home/motya/projects/coex/clover2_ws/src/clover2/install/clover2_aruco/share/clover2_aruco/cmake/clover2_arucoConfig-version.cmake
[9.425s] -- Symlinking: /home/motya/projects/coex/clover2_ws/src/clover2/install/clover2_aruco/share/clover2_aruco/package.xml
[9.429s] -- Installing: /home/motya/projects/coex/clover2_ws/src/clover2/install/clover2_aruco/lib/libclover2_aruco_detector.so
[9.432s] -- Set non-toolchain portion of runtime path of "/home/motya/projects/coex/clover2_ws/src/clover2/install/clover2_aruco/lib/libclover2_aruco_detector.so" to ""
[9.432s] -- Installing: /home/motya/projects/coex/clover2_ws/src/clover2/install/clover2_aruco/share/clover2_aruco/cmake/export_clover2_arucoExport.cmake
[9.433s] -- Installing: /home/motya/projects/coex/clover2_ws/src/clover2/install/clover2_aruco/share/clover2_aruco/cmake/export_clover2_arucoExport-noconfig.cmake
[9.434s] Invoked command in '/home/motya/projects/coex/clover2_ws/src/clover2/build/clover2_aruco' returned '0': AMENT_PREFIX_PATH=/home/motya/projects/coex/clover2_ws/src/clover2/install/clover2_aruco_msgs:${AMENT_PREFIX_PATH} CMAKE_PREFIX_PATH=/home/motya/projects/coex/clover2_ws/src/clover2/install/clover2_aruco_msgs:/opt/ros/jazzy/opt/gz_sim_vendor:/opt/ros/jazzy/opt/gz_sensors_vendor:/opt/ros/jazzy/opt/gz_physics_vendor:/opt/ros/jazzy/opt/sdformat_vendor:/opt/ros/jazzy/opt/gz_gui_vendor:/opt/ros/jazzy/opt/gz_transport_vendor:/opt/ros/jazzy/opt/gz_rendering_vendor:/opt/ros/jazzy/opt/gz_plugin_vendor:/opt/ros/jazzy/opt/gz_fuel_tools_vendor:/opt/ros/jazzy/opt/gz_msgs_vendor:/opt/ros/jazzy/opt/gz_common_vendor:/opt/ros/jazzy/opt/gz_math_vendor:/opt/ros/jazzy/opt/gz_utils_vendor:/opt/ros/jazzy/opt/gz_tools_vendor:/opt/ros/jazzy/opt/gz_ogre_next_vendor:/opt/ros/jazzy/opt/gz_dartsim_vendor:/opt/ros/jazzy/opt/gz_cmake_vendor:/opt/ros/jazzy DEBUGINFOD_URLS=https://debuginfod.ubuntu.com LD_LIBRARY_PATH=/home/motya/projects/coex/clover2_ws/src/clover2/install/clover2_aruco_msgs/lib:${LD_LIBRARY_PATH} PYTHONPATH=/home/motya/projects/coex/clover2_ws/src/clover2/install/clover2_aruco_msgs/lib/python3.12/site-packages:${PYTHONPATH} /usr/bin/cmake --install /home/motya/projects/coex/clover2_ws/src/clover2/build/clover2_aruco
