[0.006s] Invoking command in '/home/motya/projects/coex/clover2_ws/src/clover2/build/clover2_aruco_msgs': CMAKE_PREFIX_PATH=${CMAKE_PREFIX_PATH}:/opt/ros/jazzy DEBUGINFOD_URLS=https://debuginfod.ubuntu.com /usr/bin/cmake /home/motya/projects/coex/clover2_ws/src/clover2/clover2_aruco/clover2_aruco_msgs -DAMENT_CMAKE_SYMLINK_INSTALL=1 -DCMAKE_INSTALL_PREFIX=/home/motya/projects/coex/clover2_ws/src/clover2/install/clover2_aruco_msgs
[0.031s] -- The C compiler identification is GNU 13.3.0
[0.055s] -- The CXX compiler identification is GNU 13.3.0
[0.061s] -- Detecting C compiler ABI info
[0.101s] -- Detecting C compiler ABI info - done
[0.105s] -- Check for working C compiler: /usr/bin/cc - skipped
[0.106s] -- Detecting C compile features
[0.106s] -- Detecting C compile features - done
[0.110s] -- Detecting CXX compiler ABI info
[0.152s] -- Detecting CXX compiler ABI info - done
[0.156s] -- Check for working CXX compiler: /usr/bin/c++ - skipped
[0.156s] -- Detecting CXX compile features
[0.156s] -- Detecting CXX compile features - done
[0.158s] -- Found ament_cmake: 2.5.4 (/opt/ros/jazzy/share/ament_cmake/cmake)
[0.229s] -- Found Python3: /usr/bin/python3 (found version "3.12.3") found components: Interpreter 
[0.268s] -- Override CMake install command with custom implementation using symlinks instead of copying resources
[0.288s] -- Found std_msgs: 5.3.6 (/opt/ros/jazzy/share/std_msgs/cmake)
[0.313s] -- Found rosidl_generator_c: 4.6.5 (/opt/ros/jazzy/share/rosidl_generator_c/cmake)
[0.321s] -- Found rosidl_generator_cpp: 4.6.5 (/opt/ros/jazzy/share/rosidl_generator_cpp/cmake)
[0.330s] -- Using all available rosidl_typesupport_c: rosidl_typesupport_fastrtps_c;rosidl_typesupport_introspection_c
[0.339s] -- Using all available rosidl_typesupport_cpp: rosidl_typesupport_fastrtps_cpp;rosidl_typesupport_introspection_cpp
[0.355s] -- Found geometry_msgs: 5.3.6 (/opt/ros/jazzy/share/geometry_msgs/cmake)
[0.364s] -- Found rosidl_default_generators: 1.6.0 (/opt/ros/jazzy/share/rosidl_default_generators/cmake)
[0.371s] -- Found rosidl_adapter: 4.6.5 (/opt/ros/jazzy/share/rosidl_adapter/cmake)
[0.679s] -- Found ament_cmake_ros: 0.12.0 (/opt/ros/jazzy/share/ament_cmake_ros/cmake)
[1.060s] -- Using all available rosidl_typesupport_c: rosidl_typesupport_fastrtps_c;rosidl_typesupport_introspection_c
[1.210s] -- Using all available rosidl_typesupport_cpp: rosidl_typesupport_fastrtps_cpp;rosidl_typesupport_introspection_cpp
[1.212s] -- Found python_cmake_module: 0.11.1 (/opt/ros/jazzy/share/python_cmake_module/cmake)
[1.276s] -- Found PythonExtra: /usr/bin/python3  
[1.488s] -- Found Python3: /usr/bin/python3 (found version "3.12.3") found components: Interpreter Development NumPy Development.Module Development.Embed 
[1.518s] -- Configuring done (1.5s)
[1.533s] -- Generating done (0.0s)
[1.537s] -- Build files have been written to: /home/motya/projects/coex/clover2_ws/src/clover2/build/clover2_aruco_msgs
[1.543s] Invoked command in '/home/motya/projects/coex/clover2_ws/src/clover2/build/clover2_aruco_msgs' returned '0': CMAKE_PREFIX_PATH=${CMAKE_PREFIX_PATH}:/opt/ros/jazzy DEBUGINFOD_URLS=https://debuginfod.ubuntu.com /usr/bin/cmake /home/motya/projects/coex/clover2_ws/src/clover2/clover2_aruco/clover2_aruco_msgs -DAMENT_CMAKE_SYMLINK_INSTALL=1 -DCMAKE_INSTALL_PREFIX=/home/motya/projects/coex/clover2_ws/src/clover2/install/clover2_aruco_msgs
[1.543s] Invoking command in '/home/motya/projects/coex/clover2_ws/src/clover2/build/clover2_aruco_msgs': CMAKE_PREFIX_PATH=${CMAKE_PREFIX_PATH}:/opt/ros/jazzy DEBUGINFOD_URLS=https://debuginfod.ubuntu.com /usr/bin/cmake --build /home/motya/projects/coex/clover2_ws/src/clover2/build/clover2_aruco_msgs -- -j16 -l16
[1.565s] [  2%] [34m[1mGenerating type hashes for ROS interfaces[0m
[1.567s] [  2%] Built target ament_cmake_python_symlink_clover2_aruco_msgs
[1.655s] running egg_info
[1.656s] creating clover2_aruco_msgs.egg-info
[1.663s] writing clover2_aruco_msgs.egg-info/PKG-INFO
[1.663s] writing dependency_links to clover2_aruco_msgs.egg-info/dependency_links.txt
[1.663s] writing top-level names to clover2_aruco_msgs.egg-info/top_level.txt
[1.663s] writing manifest file 'clover2_aruco_msgs.egg-info/SOURCES.txt'
[1.670s] [  2%] Built target clover2_aruco_msgs__rosidl_generator_type_description
[1.674s] [  4%] [34m[1mGenerating C code for ROS interfaces[0m
[1.679s] [  6%] [34m[1mGenerating C++ code for ROS interfaces[0m
[1.684s] reading manifest file 'clover2_aruco_msgs.egg-info/SOURCES.txt'
[1.684s] writing manifest file 'clover2_aruco_msgs.egg-info/SOURCES.txt'
[1.700s] [  6%] Built target ament_cmake_python_build_clover2_aruco_msgs_egg
[1.809s] [  6%] Built target clover2_aruco_msgs__cpp
[1.826s] [ 15%] [32mBuilding C object CMakeFiles/clover2_aruco_msgs__rosidl_generator_c.dir/rosidl_generator_c/clover2_aruco_msgs/msg/detail/marker_array__type_support.c.o[0m
[1.826s] [ 15%] [32mBuilding C object CMakeFiles/clover2_aruco_msgs__rosidl_generator_c.dir/rosidl_generator_c/clover2_aruco_msgs/msg/detail/marker__functions.c.o[0m
[1.826s] [ 15%] [32mBuilding C object CMakeFiles/clover2_aruco_msgs__rosidl_generator_c.dir/rosidl_generator_c/clover2_aruco_msgs/msg/detail/marker__description.c.o[0m
[1.826s] [ 15%] [32mBuilding C object CMakeFiles/clover2_aruco_msgs__rosidl_generator_c.dir/rosidl_generator_c/clover2_aruco_msgs/msg/detail/marker__type_support.c.o[0m
[1.826s] [ 20%] [32mBuilding C object CMakeFiles/clover2_aruco_msgs__rosidl_generator_c.dir/rosidl_generator_c/clover2_aruco_msgs/msg/detail/marker_array__functions.c.o[0m
[1.826s] [ 20%] [32mBuilding C object CMakeFiles/clover2_aruco_msgs__rosidl_generator_c.dir/rosidl_generator_c/clover2_aruco_msgs/msg/detail/marker_array__description.c.o[0m
[1.849s] [ 22%] [32m[1mLinking C shared library libclover2_aruco_msgs__rosidl_generator_c.so[0m
[1.865s] [ 22%] Built target clover2_aruco_msgs__rosidl_generator_c
[1.870s] [ 36%] [34m[1mGenerating C++ introspection for ROS interfaces[0m
[1.870s] [ 36%] [34m[1mGenerating C type support for eProsima Fast-RTPS[0m
[1.870s] [ 36%] [34m[1mGenerating C type support dispatch for ROS interfaces[0m
[1.870s] [ 36%] [34m[1mGenerating C++ type support dispatch for ROS interfaces[0m
[1.870s] [ 36%] [34m[1mGenerating C introspection for ROS interfaces[0m
[1.870s] [ 36%] [34m[1mGenerating C++ type support for eProsima Fast-RTPS[0m
[2.002s] [ 43%] [32mBuilding CXX object CMakeFiles/clover2_aruco_msgs__rosidl_typesupport_cpp.dir/rosidl_typesupport_cpp/clover2_aruco_msgs/msg/marker_array__type_support.cpp.o[0m
[2.002s] [ 43%] [32mBuilding CXX object CMakeFiles/clover2_aruco_msgs__rosidl_typesupport_c.dir/rosidl_typesupport_c/clover2_aruco_msgs/msg/marker__type_support.cpp.o[0m
[2.002s] [ 43%] [32mBuilding CXX object CMakeFiles/clover2_aruco_msgs__rosidl_typesupport_c.dir/rosidl_typesupport_c/clover2_aruco_msgs/msg/marker_array__type_support.cpp.o[0m
[2.002s] [ 45%] [32mBuilding CXX object CMakeFiles/clover2_aruco_msgs__rosidl_typesupport_cpp.dir/rosidl_typesupport_cpp/clover2_aruco_msgs/msg/marker__type_support.cpp.o[0m
[2.010s] [ 47%] [32mBuilding CXX object CMakeFiles/clover2_aruco_msgs__rosidl_typesupport_introspection_cpp.dir/rosidl_typesupport_introspection_cpp/clover2_aruco_msgs/msg/detail/marker_array__type_support.cpp.o[0m
[2.011s] [ 50%] [32mBuilding CXX object CMakeFiles/clover2_aruco_msgs__rosidl_typesupport_introspection_cpp.dir/rosidl_typesupport_introspection_cpp/clover2_aruco_msgs/msg/detail/marker__type_support.cpp.o[0m
[2.012s] [ 52%] [32mBuilding C object CMakeFiles/clover2_aruco_msgs__rosidl_typesupport_introspection_c.dir/rosidl_typesupport_introspection_c/clover2_aruco_msgs/msg/detail/marker__type_support.c.o[0m
[2.012s] [ 54%] [32mBuilding C object CMakeFiles/clover2_aruco_msgs__rosidl_typesupport_introspection_c.dir/rosidl_typesupport_introspection_c/clover2_aruco_msgs/msg/detail/marker_array__type_support.c.o[0m
[2.029s] [ 56%] [32m[1mLinking CXX shared library libclover2_aruco_msgs__rosidl_typesupport_c.so[0m
[2.030s] [ 59%] [32mBuilding CXX object CMakeFiles/clover2_aruco_msgs__rosidl_typesupport_fastrtps_cpp.dir/rosidl_typesupport_fastrtps_cpp/clover2_aruco_msgs/msg/detail/dds_fastrtps/marker__type_support.cpp.o[0m
[2.030s] [ 61%] [32mBuilding CXX object CMakeFiles/clover2_aruco_msgs__rosidl_typesupport_fastrtps_cpp.dir/rosidl_typesupport_fastrtps_cpp/clover2_aruco_msgs/msg/detail/dds_fastrtps/marker_array__type_support.cpp.o[0m
[2.034s] [ 65%] [32mBuilding CXX object CMakeFiles/clover2_aruco_msgs__rosidl_typesupport_fastrtps_c.dir/rosidl_typesupport_fastrtps_c/clover2_aruco_msgs/msg/detail/marker_array__type_support_c.cpp.o[0m
[2.034s] [ 65%] [32mBuilding CXX object CMakeFiles/clover2_aruco_msgs__rosidl_typesupport_fastrtps_c.dir/rosidl_typesupport_fastrtps_c/clover2_aruco_msgs/msg/detail/marker__type_support_c.cpp.o[0m
[2.039s] [ 68%] [32m[1mLinking C shared library libclover2_aruco_msgs__rosidl_typesupport_introspection_c.so[0m
[2.058s] [ 68%] Built target clover2_aruco_msgs__rosidl_typesupport_c
[2.064s] [ 68%] Built target clover2_aruco_msgs__rosidl_typesupport_introspection_c
[2.152s] [ 70%] [32m[1mLinking CXX shared library libclover2_aruco_msgs__rosidl_typesupport_cpp.so[0m
[2.175s] [ 70%] Built target clover2_aruco_msgs__rosidl_typesupport_cpp
[2.214s] [ 72%] [32m[1mLinking CXX shared library libclover2_aruco_msgs__rosidl_typesupport_introspection_cpp.so[0m
[2.251s] [ 72%] Built target clover2_aruco_msgs__rosidl_typesupport_introspection_cpp
[2.263s] [ 75%] [32m[1mLinking CXX shared library libclover2_aruco_msgs__rosidl_typesupport_fastrtps_c.so[0m
[2.267s] [ 77%] [32m[1mLinking CXX shared library libclover2_aruco_msgs__rosidl_typesupport_fastrtps_cpp.so[0m
[2.287s] [ 77%] Built target clover2_aruco_msgs__rosidl_typesupport_fastrtps_c
[2.301s] [ 77%] Built target clover2_aruco_msgs__rosidl_typesupport_fastrtps_cpp
[2.309s] [ 77%] Built target clover2_aruco_msgs
[2.317s] [ 79%] [34m[1mGenerating Python code for ROS interfaces[0m
[2.488s] [ 79%] Built target clover2_aruco_msgs__py
[2.498s] [ 84%] [32mBuilding C object CMakeFiles/clover2_aruco_msgs__rosidl_generator_py.dir/rosidl_generator_py/clover2_aruco_msgs/msg/_marker_s.c.o[0m
[2.498s] [ 84%] [32mBuilding C object CMakeFiles/clover2_aruco_msgs__rosidl_generator_py.dir/rosidl_generator_py/clover2_aruco_msgs/msg/_marker_array_s.c.o[0m
[2.564s] [ 86%] [32m[1mLinking C shared library libclover2_aruco_msgs__rosidl_generator_py.so[0m
[2.585s] [ 86%] Built target clover2_aruco_msgs__rosidl_generator_py
[2.594s] [ 90%] [32mBuilding C object CMakeFiles/clover2_aruco_msgs_s__rosidl_typesupport_introspection_c.dir/rosidl_generator_py/clover2_aruco_msgs/_clover2_aruco_msgs_s.ep.rosidl_typesupport_introspection_c.c.o[0m
[2.594s] [ 90%] [32mBuilding C object CMakeFiles/clover2_aruco_msgs_s__rosidl_typesupport_c.dir/rosidl_generator_py/clover2_aruco_msgs/_clover2_aruco_msgs_s.ep.rosidl_typesupport_c.c.o[0m
[2.594s] [ 93%] [32mBuilding C object CMakeFiles/clover2_aruco_msgs_s__rosidl_typesupport_fastrtps_c.dir/rosidl_generator_py/clover2_aruco_msgs/_clover2_aruco_msgs_s.ep.rosidl_typesupport_fastrtps_c.c.o[0m
[2.636s] [100%] [32m[1mLinking C shared module rosidl_generator_py/clover2_aruco_msgs/clover2_aruco_msgs_s__rosidl_typesupport_c.so[0m
[2.636s] [100%] [32m[1mLinking C shared module rosidl_generator_py/clover2_aruco_msgs/clover2_aruco_msgs_s__rosidl_typesupport_fastrtps_c.so[0m
[2.636s] [100%] [32m[1mLinking C shared module rosidl_generator_py/clover2_aruco_msgs/clover2_aruco_msgs_s__rosidl_typesupport_introspection_c.so[0m
[2.649s] [100%] Built target clover2_aruco_msgs_s__rosidl_typesupport_introspection_c
[2.649s] [100%] Built target clover2_aruco_msgs_s__rosidl_typesupport_c
[2.649s] [100%] Built target clover2_aruco_msgs_s__rosidl_typesupport_fastrtps_c
[2.653s] Invoked command in '/home/motya/projects/coex/clover2_ws/src/clover2/build/clover2_aruco_msgs' returned '0': CMAKE_PREFIX_PATH=${CMAKE_PREFIX_PATH}:/opt/ros/jazzy DEBUGINFOD_URLS=https://debuginfod.ubuntu.com /usr/bin/cmake --build /home/motya/projects/coex/clover2_ws/src/clover2/build/clover2_aruco_msgs -- -j16 -l16
[2.654s] Invoking command in '/home/motya/projects/coex/clover2_ws/src/clover2/build/clover2_aruco_msgs': CMAKE_PREFIX_PATH=${CMAKE_PREFIX_PATH}:/opt/ros/jazzy DEBUGINFOD_URLS=https://debuginfod.ubuntu.com /usr/bin/cmake --install /home/motya/projects/coex/clover2_ws/src/clover2/build/clover2_aruco_msgs
[2.657s] -- Install configuration: ""
[2.657s] -- Execute custom install script
[2.658s] -- Symlinking: /home/motya/projects/coex/clover2_ws/src/clover2/install/clover2_aruco_msgs/share/ament_index/resource_index/rosidl_interfaces/clover2_aruco_msgs
[2.661s] -- Symlinking: /home/motya/projects/coex/clover2_ws/src/clover2/install/clover2_aruco_msgs/share/clover2_aruco_msgs/msg/Marker.json
[2.665s] -- Symlinking: /home/motya/projects/coex/clover2_ws/src/clover2/install/clover2_aruco_msgs/share/clover2_aruco_msgs/msg/MarkerArray.json
[2.669s] -- Symlinking: /home/motya/projects/coex/clover2_ws/src/clover2/install/clover2_aruco_msgs/include/clover2_aruco_msgs/clover2_aruco_msgs/msg/detail/marker__functions.h
[2.673s] -- Symlinking: /home/motya/projects/coex/clover2_ws/src/clover2/install/clover2_aruco_msgs/include/clover2_aruco_msgs/clover2_aruco_msgs/msg/detail/marker__struct.h
[2.676s] -- Symlinking: /home/motya/projects/coex/clover2_ws/src/clover2/install/clover2_aruco_msgs/include/clover2_aruco_msgs/clover2_aruco_msgs/msg/detail/marker__type_support.h
[2.680s] -- Symlinking: /home/motya/projects/coex/clover2_ws/src/clover2/install/clover2_aruco_msgs/include/clover2_aruco_msgs/clover2_aruco_msgs/msg/detail/marker_array__functions.h
[2.683s] -- Symlinking: /home/motya/projects/coex/clover2_ws/src/clover2/install/clover2_aruco_msgs/include/clover2_aruco_msgs/clover2_aruco_msgs/msg/detail/marker_array__struct.h
[2.686s] -- Symlinking: /home/motya/projects/coex/clover2_ws/src/clover2/install/clover2_aruco_msgs/include/clover2_aruco_msgs/clover2_aruco_msgs/msg/detail/marker_array__type_support.h
[2.689s] -- Symlinking: /home/motya/projects/coex/clover2_ws/src/clover2/install/clover2_aruco_msgs/include/clover2_aruco_msgs/clover2_aruco_msgs/msg/marker.h
[2.692s] -- Symlinking: /home/motya/projects/coex/clover2_ws/src/clover2/install/clover2_aruco_msgs/include/clover2_aruco_msgs/clover2_aruco_msgs/msg/marker_array.h
[2.696s] -- Symlinking: /home/motya/projects/coex/clover2_ws/src/clover2/install/clover2_aruco_msgs/include/clover2_aruco_msgs/clover2_aruco_msgs/msg/rosidl_generator_c__visibility_control.h
[2.699s] -- Symlinking: /home/motya/projects/coex/clover2_ws/src/clover2/install/clover2_aruco_msgs/share/clover2_aruco_msgs/environment/library_path.sh
[2.702s] -- Symlinking: /home/motya/projects/coex/clover2_ws/src/clover2/install/clover2_aruco_msgs/share/clover2_aruco_msgs/environment/library_path.dsv
[2.706s] -- Symlinking: /home/motya/projects/coex/clover2_ws/src/clover2/install/clover2_aruco_msgs/include/clover2_aruco_msgs/clover2_aruco_msgs/msg/detail/marker__rosidl_typesupport_fastrtps_c.h
[2.709s] -- Symlinking: /home/motya/projects/coex/clover2_ws/src/clover2/install/clover2_aruco_msgs/include/clover2_aruco_msgs/clover2_aruco_msgs/msg/detail/marker_array__rosidl_typesupport_fastrtps_c.h
[2.712s] -- Symlinking: /home/motya/projects/coex/clover2_ws/src/clover2/install/clover2_aruco_msgs/include/clover2_aruco_msgs/clover2_aruco_msgs/msg/rosidl_typesupport_fastrtps_c__visibility_control.h
[2.715s] -- Symlinking: /home/motya/projects/coex/clover2_ws/src/clover2/install/clover2_aruco_msgs/include/clover2_aruco_msgs/clover2_aruco_msgs/msg/detail/marker__builder.hpp
[2.718s] -- Symlinking: /home/motya/projects/coex/clover2_ws/src/clover2/install/clover2_aruco_msgs/include/clover2_aruco_msgs/clover2_aruco_msgs/msg/detail/marker__struct.hpp
[2.722s] -- Symlinking: /home/motya/projects/coex/clover2_ws/src/clover2/install/clover2_aruco_msgs/include/clover2_aruco_msgs/clover2_aruco_msgs/msg/detail/marker__traits.hpp
[2.725s] -- Symlinking: /home/motya/projects/coex/clover2_ws/src/clover2/install/clover2_aruco_msgs/include/clover2_aruco_msgs/clover2_aruco_msgs/msg/detail/marker__type_support.hpp
[2.728s] -- Symlinking: /home/motya/projects/coex/clover2_ws/src/clover2/install/clover2_aruco_msgs/include/clover2_aruco_msgs/clover2_aruco_msgs/msg/detail/marker_array__builder.hpp
[2.734s] -- Symlinking: /home/motya/projects/coex/clover2_ws/src/clover2/install/clover2_aruco_msgs/include/clover2_aruco_msgs/clover2_aruco_msgs/msg/detail/marker_array__struct.hpp
[2.739s] -- Symlinking: /home/motya/projects/coex/clover2_ws/src/clover2/install/clover2_aruco_msgs/include/clover2_aruco_msgs/clover2_aruco_msgs/msg/detail/marker_array__traits.hpp
[2.742s] -- Symlinking: /home/motya/projects/coex/clover2_ws/src/clover2/install/clover2_aruco_msgs/include/clover2_aruco_msgs/clover2_aruco_msgs/msg/detail/marker_array__type_support.hpp
[2.746s] -- Symlinking: /home/motya/projects/coex/clover2_ws/src/clover2/install/clover2_aruco_msgs/include/clover2_aruco_msgs/clover2_aruco_msgs/msg/marker.hpp
[2.749s] -- Symlinking: /home/motya/projects/coex/clover2_ws/src/clover2/install/clover2_aruco_msgs/include/clover2_aruco_msgs/clover2_aruco_msgs/msg/marker_array.hpp
[2.752s] -- Symlinking: /home/motya/projects/coex/clover2_ws/src/clover2/install/clover2_aruco_msgs/include/clover2_aruco_msgs/clover2_aruco_msgs/msg/rosidl_generator_cpp__visibility_control.hpp
[2.756s] -- Symlinking: /home/motya/projects/coex/clover2_ws/src/clover2/install/clover2_aruco_msgs/include/clover2_aruco_msgs/clover2_aruco_msgs/msg/detail/marker__rosidl_typesupport_fastrtps_cpp.hpp
[2.759s] -- Symlinking: /home/motya/projects/coex/clover2_ws/src/clover2/install/clover2_aruco_msgs/include/clover2_aruco_msgs/clover2_aruco_msgs/msg/detail/marker_array__rosidl_typesupport_fastrtps_cpp.hpp
[2.762s] -- Symlinking: /home/motya/projects/coex/clover2_ws/src/clover2/install/clover2_aruco_msgs/include/clover2_aruco_msgs/clover2_aruco_msgs/msg/rosidl_typesupport_fastrtps_cpp__visibility_control.h
[2.766s] -- Symlinking: /home/motya/projects/coex/clover2_ws/src/clover2/install/clover2_aruco_msgs/include/clover2_aruco_msgs/clover2_aruco_msgs/msg/detail/marker__rosidl_typesupport_introspection_c.h
[2.769s] -- Symlinking: /home/motya/projects/coex/clover2_ws/src/clover2/install/clover2_aruco_msgs/include/clover2_aruco_msgs/clover2_aruco_msgs/msg/detail/marker_array__rosidl_typesupport_introspection_c.h
[2.772s] -- Symlinking: /home/motya/projects/coex/clover2_ws/src/clover2/install/clover2_aruco_msgs/include/clover2_aruco_msgs/clover2_aruco_msgs/msg/rosidl_typesupport_introspection_c__visibility_control.h
[2.775s] -- Symlinking: /home/motya/projects/coex/clover2_ws/src/clover2/install/clover2_aruco_msgs/include/clover2_aruco_msgs/clover2_aruco_msgs/msg/detail/marker__rosidl_typesupport_introspection_cpp.hpp
[2.778s] -- Symlinking: /home/motya/projects/coex/clover2_ws/src/clover2/install/clover2_aruco_msgs/include/clover2_aruco_msgs/clover2_aruco_msgs/msg/detail/marker_array__rosidl_typesupport_introspection_cpp.hpp
[2.782s] -- Symlinking: /home/motya/projects/coex/clover2_ws/src/clover2/install/clover2_aruco_msgs/share/clover2_aruco_msgs/environment/pythonpath.sh
[2.785s] -- Symlinking: /home/motya/projects/coex/clover2_ws/src/clover2/install/clover2_aruco_msgs/share/clover2_aruco_msgs/environment/pythonpath.dsv
[2.788s] -- Symlinking: /home/motya/projects/coex/clover2_ws/src/clover2/install/clover2_aruco_msgs/lib/python3.12/site-packages/clover2_aruco_msgs-0.0.0-py3.12.egg-info/PKG-INFO
[2.791s] -- Symlinking: /home/motya/projects/coex/clover2_ws/src/clover2/install/clover2_aruco_msgs/lib/python3.12/site-packages/clover2_aruco_msgs-0.0.0-py3.12.egg-info/SOURCES.txt
[2.794s] -- Symlinking: /home/motya/projects/coex/clover2_ws/src/clover2/install/clover2_aruco_msgs/lib/python3.12/site-packages/clover2_aruco_msgs-0.0.0-py3.12.egg-info/dependency_links.txt
[2.797s] -- Symlinking: /home/motya/projects/coex/clover2_ws/src/clover2/install/clover2_aruco_msgs/lib/python3.12/site-packages/clover2_aruco_msgs-0.0.0-py3.12.egg-info/top_level.txt
[2.800s] -- Symlinking: /home/motya/projects/coex/clover2_ws/src/clover2/install/clover2_aruco_msgs/lib/python3.12/site-packages/clover2_aruco_msgs/__init__.py
[2.805s] -- Symlinking: /home/motya/projects/coex/clover2_ws/src/clover2/install/clover2_aruco_msgs/lib/python3.12/site-packages/clover2_aruco_msgs/_clover2_aruco_msgs_s.ep.rosidl_typesupport_c.c
[2.808s] -- Symlinking: /home/motya/projects/coex/clover2_ws/src/clover2/install/clover2_aruco_msgs/lib/python3.12/site-packages/clover2_aruco_msgs/_clover2_aruco_msgs_s.ep.rosidl_typesupport_fastrtps_c.c
[2.811s] -- Symlinking: /home/motya/projects/coex/clover2_ws/src/clover2/install/clover2_aruco_msgs/lib/python3.12/site-packages/clover2_aruco_msgs/_clover2_aruco_msgs_s.ep.rosidl_typesupport_introspection_c.c
[2.815s] -- Symlinking: /home/motya/projects/coex/clover2_ws/src/clover2/install/clover2_aruco_msgs/lib/python3.12/site-packages/clover2_aruco_msgs/clover2_aruco_msgs_s__rosidl_typesupport_c.so
[2.818s] -- Symlinking: /home/motya/projects/coex/clover2_ws/src/clover2/install/clover2_aruco_msgs/lib/python3.12/site-packages/clover2_aruco_msgs/clover2_aruco_msgs_s__rosidl_typesupport_fastrtps_c.so
[2.821s] -- Symlinking: /home/motya/projects/coex/clover2_ws/src/clover2/install/clover2_aruco_msgs/lib/python3.12/site-packages/clover2_aruco_msgs/clover2_aruco_msgs_s__rosidl_typesupport_introspection_c.so
[2.824s] -- Symlinking: /home/motya/projects/coex/clover2_ws/src/clover2/install/clover2_aruco_msgs/lib/python3.12/site-packages/clover2_aruco_msgs/msg/__init__.py
[2.827s] -- Symlinking: /home/motya/projects/coex/clover2_ws/src/clover2/install/clover2_aruco_msgs/lib/python3.12/site-packages/clover2_aruco_msgs/msg/_marker.py
[2.830s] -- Symlinking: /home/motya/projects/coex/clover2_ws/src/clover2/install/clover2_aruco_msgs/lib/python3.12/site-packages/clover2_aruco_msgs/msg/_marker_array.py
[2.833s] -- Symlinking: /home/motya/projects/coex/clover2_ws/src/clover2/install/clover2_aruco_msgs/lib/python3.12/site-packages/clover2_aruco_msgs/msg/_marker_array_s.c
[2.837s] -- Symlinking: /home/motya/projects/coex/clover2_ws/src/clover2/install/clover2_aruco_msgs/lib/python3.12/site-packages/clover2_aruco_msgs/msg/_marker_s.c
[2.840s] -- Up-to-date symlink: /home/motya/projects/coex/clover2_ws/src/clover2/install/clover2_aruco_msgs/lib/python3.12/site-packages/clover2_aruco_msgs/clover2_aruco_msgs_s__rosidl_typesupport_fastrtps_c.so
[2.840s] -- Up-to-date symlink: /home/motya/projects/coex/clover2_ws/src/clover2/install/clover2_aruco_msgs/lib/python3.12/site-packages/clover2_aruco_msgs/clover2_aruco_msgs_s__rosidl_typesupport_introspection_c.so
[2.840s] -- Up-to-date symlink: /home/motya/projects/coex/clover2_ws/src/clover2/install/clover2_aruco_msgs/lib/python3.12/site-packages/clover2_aruco_msgs/clover2_aruco_msgs_s__rosidl_typesupport_c.so
[2.840s] -- Symlinking: /home/motya/projects/coex/clover2_ws/src/clover2/install/clover2_aruco_msgs/share/clover2_aruco_msgs/msg/Marker.idl
[2.843s] -- Symlinking: /home/motya/projects/coex/clover2_ws/src/clover2/install/clover2_aruco_msgs/share/clover2_aruco_msgs/msg/MarkerArray.idl
[2.846s] -- Symlinking: /home/motya/projects/coex/clover2_ws/src/clover2/install/clover2_aruco_msgs/share/clover2_aruco_msgs/msg/Marker.msg
[2.849s] -- Symlinking: /home/motya/projects/coex/clover2_ws/src/clover2/install/clover2_aruco_msgs/share/clover2_aruco_msgs/msg/MarkerArray.msg
[2.852s] -- Symlinking: /home/motya/projects/coex/clover2_ws/src/clover2/install/clover2_aruco_msgs/share/ament_index/resource_index/package_run_dependencies/clover2_aruco_msgs
[2.856s] -- Symlinking: /home/motya/projects/coex/clover2_ws/src/clover2/install/clover2_aruco_msgs/share/ament_index/resource_index/parent_prefix_path/clover2_aruco_msgs
[2.859s] -- Symlinking: /home/motya/projects/coex/clover2_ws/src/clover2/install/clover2_aruco_msgs/share/clover2_aruco_msgs/environment/ament_prefix_path.sh
[2.862s] -- Symlinking: /home/motya/projects/coex/clover2_ws/src/clover2/install/clover2_aruco_msgs/share/clover2_aruco_msgs/environment/ament_prefix_path.dsv
[2.866s] -- Symlinking: /home/motya/projects/coex/clover2_ws/src/clover2/install/clover2_aruco_msgs/share/clover2_aruco_msgs/environment/path.sh
[2.870s] -- Symlinking: /home/motya/projects/coex/clover2_ws/src/clover2/install/clover2_aruco_msgs/share/clover2_aruco_msgs/environment/path.dsv
[2.874s] -- Symlinking: /home/motya/projects/coex/clover2_ws/src/clover2/install/clover2_aruco_msgs/share/clover2_aruco_msgs/local_setup.bash
[2.877s] -- Symlinking: /home/motya/projects/coex/clover2_ws/src/clover2/install/clover2_aruco_msgs/share/clover2_aruco_msgs/local_setup.sh
[2.881s] -- Symlinking: /home/motya/projects/coex/clover2_ws/src/clover2/install/clover2_aruco_msgs/share/clover2_aruco_msgs/local_setup.zsh
[2.885s] -- Symlinking: /home/motya/projects/coex/clover2_ws/src/clover2/install/clover2_aruco_msgs/share/clover2_aruco_msgs/local_setup.dsv
[2.889s] -- Symlinking: /home/motya/projects/coex/clover2_ws/src/clover2/install/clover2_aruco_msgs/share/clover2_aruco_msgs/package.dsv
[2.893s] -- Symlinking: /home/motya/projects/coex/clover2_ws/src/clover2/install/clover2_aruco_msgs/share/ament_index/resource_index/packages/clover2_aruco_msgs
[2.896s] -- Symlinking: /home/motya/projects/coex/clover2_ws/src/clover2/install/clover2_aruco_msgs/share/clover2_aruco_msgs/cmake/rosidl_cmake-extras.cmake
[2.899s] -- Symlinking: /home/motya/projects/coex/clover2_ws/src/clover2/install/clover2_aruco_msgs/share/clover2_aruco_msgs/cmake/ament_cmake_export_dependencies-extras.cmake
[2.903s] -- Symlinking: /home/motya/projects/coex/clover2_ws/src/clover2/install/clover2_aruco_msgs/share/clover2_aruco_msgs/cmake/ament_cmake_export_include_directories-extras.cmake
[2.906s] -- Symlinking: /home/motya/projects/coex/clover2_ws/src/clover2/install/clover2_aruco_msgs/share/clover2_aruco_msgs/cmake/ament_cmake_export_libraries-extras.cmake
[2.910s] -- Symlinking: /home/motya/projects/coex/clover2_ws/src/clover2/install/clover2_aruco_msgs/share/clover2_aruco_msgs/cmake/ament_cmake_export_targets-extras.cmake
[2.913s] -- Symlinking: /home/motya/projects/coex/clover2_ws/src/clover2/install/clover2_aruco_msgs/share/clover2_aruco_msgs/cmake/rosidl_cmake_export_typesupport_targets-extras.cmake
[2.916s] -- Symlinking: /home/motya/projects/coex/clover2_ws/src/clover2/install/clover2_aruco_msgs/share/clover2_aruco_msgs/cmake/rosidl_cmake_export_typesupport_libraries-extras.cmake
[2.919s] -- Symlinking: /home/motya/projects/coex/clover2_ws/src/clover2/install/clover2_aruco_msgs/share/clover2_aruco_msgs/cmake/clover2_aruco_msgsConfig.cmake
[2.922s] -- Symlinking: /home/motya/projects/coex/clover2_ws/src/clover2/install/clover2_aruco_msgs/share/clover2_aruco_msgs/cmake/clover2_aruco_msgsConfig-version.cmake
[2.926s] -- Symlinking: /home/motya/projects/coex/clover2_ws/src/clover2/install/clover2_aruco_msgs/share/clover2_aruco_msgs/package.xml
[2.929s] -- Installing: /home/motya/projects/coex/clover2_ws/src/clover2/install/clover2_aruco_msgs/lib/libclover2_aruco_msgs__rosidl_generator_c.so
[2.929s] -- Set non-toolchain portion of runtime path of "/home/motya/projects/coex/clover2_ws/src/clover2/install/clover2_aruco_msgs/lib/libclover2_aruco_msgs__rosidl_generator_c.so" to ""
[2.929s] -- Installing: /home/motya/projects/coex/clover2_ws/src/clover2/install/clover2_aruco_msgs/lib/libclover2_aruco_msgs__rosidl_typesupport_fastrtps_c.so
[2.929s] -- Set non-toolchain portion of runtime path of "/home/motya/projects/coex/clover2_ws/src/clover2/install/clover2_aruco_msgs/lib/libclover2_aruco_msgs__rosidl_typesupport_fastrtps_c.so" to ""
[2.929s] -- Installing: /home/motya/projects/coex/clover2_ws/src/clover2/install/clover2_aruco_msgs/lib/libclover2_aruco_msgs__rosidl_typesupport_fastrtps_cpp.so
[2.929s] -- Set non-toolchain portion of runtime path of "/home/motya/projects/coex/clover2_ws/src/clover2/install/clover2_aruco_msgs/lib/libclover2_aruco_msgs__rosidl_typesupport_fastrtps_cpp.so" to ""
[2.930s] -- Installing: /home/motya/projects/coex/clover2_ws/src/clover2/install/clover2_aruco_msgs/lib/libclover2_aruco_msgs__rosidl_typesupport_introspection_c.so
[2.930s] -- Set non-toolchain portion of runtime path of "/home/motya/projects/coex/clover2_ws/src/clover2/install/clover2_aruco_msgs/lib/libclover2_aruco_msgs__rosidl_typesupport_introspection_c.so" to ""
[2.930s] -- Installing: /home/motya/projects/coex/clover2_ws/src/clover2/install/clover2_aruco_msgs/lib/libclover2_aruco_msgs__rosidl_typesupport_c.so
[2.930s] -- Set non-toolchain portion of runtime path of "/home/motya/projects/coex/clover2_ws/src/clover2/install/clover2_aruco_msgs/lib/libclover2_aruco_msgs__rosidl_typesupport_c.so" to ""
[2.930s] -- Installing: /home/motya/projects/coex/clover2_ws/src/clover2/install/clover2_aruco_msgs/lib/libclover2_aruco_msgs__rosidl_typesupport_introspection_cpp.so
[2.930s] -- Set non-toolchain portion of runtime path of "/home/motya/projects/coex/clover2_ws/src/clover2/install/clover2_aruco_msgs/lib/libclover2_aruco_msgs__rosidl_typesupport_introspection_cpp.so" to ""
[2.930s] -- Installing: /home/motya/projects/coex/clover2_ws/src/clover2/install/clover2_aruco_msgs/lib/libclover2_aruco_msgs__rosidl_typesupport_cpp.so
[2.930s] -- Set non-toolchain portion of runtime path of "/home/motya/projects/coex/clover2_ws/src/clover2/install/clover2_aruco_msgs/lib/libclover2_aruco_msgs__rosidl_typesupport_cpp.so" to ""
[2.948s] Listing '/home/motya/projects/coex/clover2_ws/src/clover2/install/clover2_aruco_msgs/lib/python3.12/site-packages/clover2_aruco_msgs'...
[2.948s] Compiling '/home/motya/projects/coex/clover2_ws/src/clover2/install/clover2_aruco_msgs/lib/python3.12/site-packages/clover2_aruco_msgs/__init__.py'...
[2.948s] Listing '/home/motya/projects/coex/clover2_ws/src/clover2/install/clover2_aruco_msgs/lib/python3.12/site-packages/clover2_aruco_msgs/msg'...
[2.948s] Compiling '/home/motya/projects/coex/clover2_ws/src/clover2/install/clover2_aruco_msgs/lib/python3.12/site-packages/clover2_aruco_msgs/msg/__init__.py'...
[2.948s] Compiling '/home/motya/projects/coex/clover2_ws/src/clover2/install/clover2_aruco_msgs/lib/python3.12/site-packages/clover2_aruco_msgs/msg/_marker.py'...
[2.948s] Compiling '/home/motya/projects/coex/clover2_ws/src/clover2/install/clover2_aruco_msgs/lib/python3.12/site-packages/clover2_aruco_msgs/msg/_marker_array.py'...
[2.951s] -- Installing: /home/motya/projects/coex/clover2_ws/src/clover2/install/clover2_aruco_msgs/lib/libclover2_aruco_msgs__rosidl_generator_py.so
[2.951s] -- Set non-toolchain portion of runtime path of "/home/motya/projects/coex/clover2_ws/src/clover2/install/clover2_aruco_msgs/lib/libclover2_aruco_msgs__rosidl_generator_py.so" to ""
[2.951s] -- Installing: /home/motya/projects/coex/clover2_ws/src/clover2/install/clover2_aruco_msgs/share/clover2_aruco_msgs/cmake/export_clover2_aruco_msgs__rosidl_generator_cExport.cmake
[2.951s] -- Installing: /home/motya/projects/coex/clover2_ws/src/clover2/install/clover2_aruco_msgs/share/clover2_aruco_msgs/cmake/export_clover2_aruco_msgs__rosidl_generator_cExport-noconfig.cmake
[2.951s] -- Installing: /home/motya/projects/coex/clover2_ws/src/clover2/install/clover2_aruco_msgs/share/clover2_aruco_msgs/cmake/export_clover2_aruco_msgs__rosidl_typesupport_fastrtps_cExport.cmake
[2.951s] -- Installing: /home/motya/projects/coex/clover2_ws/src/clover2/install/clover2_aruco_msgs/share/clover2_aruco_msgs/cmake/export_clover2_aruco_msgs__rosidl_typesupport_fastrtps_cExport-noconfig.cmake
[2.951s] -- Installing: /home/motya/projects/coex/clover2_ws/src/clover2/install/clover2_aruco_msgs/share/clover2_aruco_msgs/cmake/export_clover2_aruco_msgs__rosidl_generator_cppExport.cmake
[2.951s] -- Installing: /home/motya/projects/coex/clover2_ws/src/clover2/install/clover2_aruco_msgs/share/clover2_aruco_msgs/cmake/export_clover2_aruco_msgs__rosidl_typesupport_fastrtps_cppExport.cmake
[2.951s] -- Installing: /home/motya/projects/coex/clover2_ws/src/clover2/install/clover2_aruco_msgs/share/clover2_aruco_msgs/cmake/export_clover2_aruco_msgs__rosidl_typesupport_fastrtps_cppExport-noconfig.cmake
[2.951s] -- Installing: /home/motya/projects/coex/clover2_ws/src/clover2/install/clover2_aruco_msgs/share/clover2_aruco_msgs/cmake/clover2_aruco_msgs__rosidl_typesupport_introspection_cExport.cmake
[2.951s] -- Installing: /home/motya/projects/coex/clover2_ws/src/clover2/install/clover2_aruco_msgs/share/clover2_aruco_msgs/cmake/clover2_aruco_msgs__rosidl_typesupport_introspection_cExport-noconfig.cmake
[2.951s] -- Installing: /home/motya/projects/coex/clover2_ws/src/clover2/install/clover2_aruco_msgs/share/clover2_aruco_msgs/cmake/clover2_aruco_msgs__rosidl_typesupport_cExport.cmake
[2.951s] -- Installing: /home/motya/projects/coex/clover2_ws/src/clover2/install/clover2_aruco_msgs/share/clover2_aruco_msgs/cmake/clover2_aruco_msgs__rosidl_typesupport_cExport-noconfig.cmake
[2.951s] -- Installing: /home/motya/projects/coex/clover2_ws/src/clover2/install/clover2_aruco_msgs/share/clover2_aruco_msgs/cmake/clover2_aruco_msgs__rosidl_typesupport_introspection_cppExport.cmake
[2.952s] -- Installing: /home/motya/projects/coex/clover2_ws/src/clover2/install/clover2_aruco_msgs/share/clover2_aruco_msgs/cmake/clover2_aruco_msgs__rosidl_typesupport_introspection_cppExport-noconfig.cmake
[2.952s] -- Installing: /home/motya/projects/coex/clover2_ws/src/clover2/install/clover2_aruco_msgs/share/clover2_aruco_msgs/cmake/clover2_aruco_msgs__rosidl_typesupport_cppExport.cmake
[2.952s] -- Installing: /home/motya/projects/coex/clover2_ws/src/clover2/install/clover2_aruco_msgs/share/clover2_aruco_msgs/cmake/clover2_aruco_msgs__rosidl_typesupport_cppExport-noconfig.cmake
[2.952s] -- Installing: /home/motya/projects/coex/clover2_ws/src/clover2/install/clover2_aruco_msgs/share/clover2_aruco_msgs/cmake/export_clover2_aruco_msgs__rosidl_generator_pyExport.cmake
[2.952s] -- Installing: /home/motya/projects/coex/clover2_ws/src/clover2/install/clover2_aruco_msgs/share/clover2_aruco_msgs/cmake/export_clover2_aruco_msgs__rosidl_generator_pyExport-noconfig.cmake
[2.953s] Invoked command in '/home/motya/projects/coex/clover2_ws/src/clover2/build/clover2_aruco_msgs' returned '0': CMAKE_PREFIX_PATH=${CMAKE_PREFIX_PATH}:/opt/ros/jazzy DEBUGINFOD_URLS=https://debuginfod.ubuntu.com /usr/bin/cmake --install /home/motya/projects/coex/clover2_ws/src/clover2/build/clover2_aruco_msgs
